/usr/local/bin:/usr/bin:/bin
/home/u1591-qwzjsnkmssh6/www/hoisolutions.com/public_html
200
on
ZdUQiGTh9swi46HUjw-DnQAAAAY
/backend/action/action
https://hoisolutions.com/backend/action/action
/usr/local/php74/bin/php
161.0.9.178
https
161.0.9.178
hoisolutions.com
gzip
close
1546
7
Mozilla/5.0 (Windows NT 10.0; Win64; x64) AppleWebKit/537.36 (KHTML, like Gecko) Chrome/114.0.0.0 YaBrowser/22.7.0 Yowser/2.5 Safari/537.36
text/html,application/xhtml+xml,application/xml;q=0.9,*/*;q=0.8
en-US,en;q=0.5
1
https://hoisolutions.com/contact-us
https://hoisolutions.com
application/x-www-form-urlencoded
".Not/A)Brand";v="99", "Google Chrome";v="114", "Chromium";v="114"
?0
1
"Windows"
Apache
hoisolutions.com
35.208.143.32
443
161.0.9.178
webmaster
/home/u1591-qwzjsnkmssh6/www/hoisolutions.com/public_html/backend/action/action.php
12148
/backend/action/action
CGI/1.1
HTTP/1.0
POST

/backend/action/action
/backend/action/action.php
40
120
120
768M
256M
256M
/backend/action/action.php
1708462216.9502
1708462216

/usr/local/bin:/usr/bin:/bin
/home/u1591-qwzjsnkmssh6/www/hoisolutions.com/public_html
200
on
ZdVFGUaMDtDpaM3gwALw2gAAAAM
/backend/action/action
https://hoisolutions.com/backend/action/action
/usr/local/php74/bin/php
123.16.159.3
https
123.16.159.3
hoisolutions.com
gzip
close
974
7
*/*
Mozilla/5.0 (Windows NT 6.1; Win64; x64) AppleWebKit/537.36 (KHTML, like Gecko) Chrome/114.0.5735.289 Safari/537.36
https://hoisolutions.com/
application/x-www-form-urlencoded
no-cache
Apache
hoisolutions.com
35.208.143.32
443
123.16.159.3
webmaster
/home/u1591-qwzjsnkmssh6/www/hoisolutions.com/public_html/backend/action/action.php
12148
/backend/action/action
CGI/1.1
HTTP/1.0
POST

/backend/action/action
/backend/action/action.php
40
120
120
768M
256M
256M
/backend/action/action.php
1708475673.8476
1708475673

/usr/local/bin:/usr/bin:/bin
/home/u1591-qwzjsnkmssh6/www/hoisolutions.com/public_html
200
on
ZdVH0AZGMZvHB734QtIaqAAAAAY
/backend/action/action
https://hoisolutions.com/backend/action/action
/usr/local/php74/bin/php
59.97.205.102
https
59.97.205.102
hoisolutions.com
gzip
close
104
7
Mozilla/5.0 (Windows NT 10.0; Win64; x64) AppleWebKit/537.36 (KHTML, like Gecko) Chrome/120.0.0.0 Safari/537.36
*/*
en-US,en;q=0.9
max-age=0
application/x-www-form-urlencoded;
1
Apache
hoisolutions.com
35.208.143.32
443
59.97.205.102
webmaster
/home/u1591-qwzjsnkmssh6/www/hoisolutions.com/public_html/backend/action/action.php
12148
/backend/action/action
CGI/1.1
HTTP/1.0
POST

/backend/action/action
/backend/action/action.php
40
120
120
768M
256M
256M
/backend/action/action.php
1708476368.5713
1708476368

/usr/local/bin:/usr/bin:/bin
/home/u1591-qwzjsnkmssh6/www/hoisolutions.com/public_html
200
on
ZdVH6Ft7pOiLODXvIpdfaAAAAAk
/backend/action/action
https://hoisolutions.com/backend/action/action
/usr/local/php74/bin/php
59.97.205.102
https
59.97.205.102
hoisolutions.com
gzip
close
140
7
Mozilla/5.0 (Windows NT 10.0; Win64; x64) AppleWebKit/537.36 (KHTML, like Gecko) Chrome/120.0.0.0 Safari/537.36
*/*
en-US,en;q=0.9
max-age=0
application/x-www-form-urlencoded;
1
Apache
hoisolutions.com
35.208.143.32
443
59.97.205.102
webmaster
/home/u1591-qwzjsnkmssh6/www/hoisolutions.com/public_html/backend/action/action.php
12148
/backend/action/action
CGI/1.1
HTTP/1.0
POST

/backend/action/action
/backend/action/action.php
40
120
120
768M
256M
256M
/backend/action/action.php
1708476392.7385
1708476392

/usr/local/bin:/usr/bin:/bin
/home/u1591-qwzjsnkmssh6/www/hoisolutions.com/public_html
200
on
ZdVH7Y25LDK1SYLM1QCn_QAAAAo
/backend/action/action
https://hoisolutions.com/backend/action/action
/usr/local/php74/bin/php
59.97.205.102
https
59.97.205.102
hoisolutions.com
gzip
close
140
7
Mozilla/5.0 (Windows NT 10.0; Win64; x64) AppleWebKit/537.36 (KHTML, like Gecko) Chrome/120.0.0.0 Safari/537.36
*/*
en-US,en;q=0.9
max-age=0
application/x-www-form-urlencoded;
1
Apache
hoisolutions.com
35.208.143.32
443
59.97.205.102
webmaster
/home/u1591-qwzjsnkmssh6/www/hoisolutions.com/public_html/backend/action/action.php
12148
/backend/action/action
CGI/1.1
HTTP/1.0
POST

/backend/action/action
/backend/action/action.php
40
120
120
768M
256M
256M
/backend/action/action.php
1708476397.8313
1708476397

/usr/local/bin:/usr/bin:/bin
/home/u1591-qwzjsnkmssh6/www/hoisolutions.com/public_html
200
on
ZdVMfBbiv48fbwoiwdTLPAAAAAI
/backend/action/action
https://hoisolutions.com/backend/action/action
/usr/local/php74/bin/php
8.222.165.101
https
8.222.165.101
hoisolutions.com
gzip
close
230
7
*/*
Mozilla/5.0 (Windows NT 10.0; Win64; x64) AppleWebKit/537.36 (KHTML, like Gecko) Chrome/103.0.5060.134 Safari/537.36
https://hoisolutions.com/
application/x-www-form-urlencoded
no-cache
Apache
hoisolutions.com
35.208.143.32
443
8.222.165.101
webmaster
/home/u1591-qwzjsnkmssh6/www/hoisolutions.com/public_html/backend/action/action.php
12148
/backend/action/action
CGI/1.1
HTTP/1.0
POST

/backend/action/action
/backend/action/action.php
40
120
120
768M
256M
256M
/backend/action/action.php
1708477564.411
1708477564

/usr/local/bin:/usr/bin:/bin
/home/u1591-qwzjsnkmssh6/www/hoisolutions.com/public_html
200
on
ZdVjUtRsX7HHwbMEi1s4lgAAAAM
/backend/action/action
https://hoisolutions.com/backend/action/action
/usr/local/php74/bin/php
8.222.170.97
https
8.222.170.97
hoisolutions.com
gzip
close
206
7
*/*
Mozilla/5.0 (Windows NT 6.3; WOW64) AppleWebKit/537.36 (KHTML, like Gecko) Chrome/103.0.5060.114 Safari/537.36
https://hoisolutions.com/
application/x-www-form-urlencoded
no-cache
Apache
hoisolutions.com
35.208.143.32
443
8.222.170.97
webmaster
/home/u1591-qwzjsnkmssh6/www/hoisolutions.com/public_html/backend/action/action.php
12148
/backend/action/action
CGI/1.1
HTTP/1.0
POST

/backend/action/action
/backend/action/action.php
40
120
120
768M
256M
256M
/backend/action/action.php
1708483410.3975
1708483410

/usr/local/bin:/usr/bin:/bin
/home/u1591-qwzjsnkmssh6/www/hoisolutions.com/public_html
200
on
ZdWXmdFL0uar_6K0NYn5tQAAAAM
/backend/action/action
https://hoisolutions.com/backend/action/action
/usr/local/php74/bin/php
167.172.159.43
https
167.172.159.43
hoisolutions.com
gzip
close
140
7
Mozilla/5.0 (Windows NT 10.0; Win64; x64) AppleWebKit/537.36 (KHTML, like Gecko) Chrome/120.0.0.0 Safari/537.36
*/*
en-US,en;q=0.9
max-age=0
application/x-www-form-urlencoded;
1
Apache
hoisolutions.com
35.208.143.32
443
167.172.159.43
webmaster
/home/u1591-qwzjsnkmssh6/www/hoisolutions.com/public_html/backend/action/action.php
12148
/backend/action/action
CGI/1.1
HTTP/1.0
POST

/backend/action/action
/backend/action/action.php
40
120
120
768M
256M
256M
/backend/action/action.php
1708496793.2616
1708496793

/usr/local/bin:/usr/bin:/bin
/home/u1591-qwzjsnkmssh6/www/hoisolutions.com/public_html
200
on
ZdWXnN-lpQxytaTsiHJjNAAAAAg
/backend/action/action
https://hoisolutions.com/backend/action/action
/usr/local/php74/bin/php
167.172.159.43
https
167.172.159.43
hoisolutions.com
gzip
close
140
7
Mozilla/5.0 (Windows NT 10.0; Win64; x64) AppleWebKit/537.36 (KHTML, like Gecko) Chrome/120.0.0.0 Safari/537.36
*/*
en-US,en;q=0.9
max-age=0
application/x-www-form-urlencoded;
1
Apache
hoisolutions.com
35.208.143.32
443
167.172.159.43
webmaster
/home/u1591-qwzjsnkmssh6/www/hoisolutions.com/public_html/backend/action/action.php
12148
/backend/action/action
CGI/1.1
HTTP/1.0
POST

/backend/action/action
/backend/action/action.php
40
120
120
768M
256M
256M
/backend/action/action.php
1708496796.6958
1708496796

/usr/local/bin:/usr/bin:/bin
/home/u1591-qwzjsnkmssh6/www/hoisolutions.com/public_html
200
on
ZdWw49CUS37jhyp78QwuQQAAAAc
/backend/action/action
https://hoisolutions.com/backend/action/action
/usr/local/php74/bin/php
116.90.225.86
https
116.90.225.86
hoisolutions.com
gzip
close
107
7
Mozilla/5.0 (Windows NT 10.0; Win64; x64) AppleWebKit/537.36 (KHTML, like Gecko) Chrome/120.0.0.0 Safari/537.36
*/*
en-US,en;q=0.9
max-age=0
application/x-www-form-urlencoded;
1
Apache
hoisolutions.com
35.208.143.32
443
116.90.225.86
webmaster
/home/u1591-qwzjsnkmssh6/www/hoisolutions.com/public_html/backend/action/action.php
12148
/backend/action/action
CGI/1.1
HTTP/1.0
POST

/backend/action/action
/backend/action/action.php
40
120
120
768M
256M
256M
/backend/action/action.php
1708503267.7952
1708503267

/usr/local/bin:/usr/bin:/bin
/home/u1591-qwzjsnkmssh6/www/hoisolutions.com/public_html
200
on
ZdWw6cNGBR9bMiZaO-vdiAAAAAg
/backend/action/action
https://hoisolutions.com/backend/action/action
/usr/local/php74/bin/php
116.90.225.86
https
116.90.225.86
hoisolutions.com
gzip
close
107
7
Mozilla/5.0 (Windows NT 10.0; Win64; x64) AppleWebKit/537.36 (KHTML, like Gecko) Chrome/120.0.0.0 Safari/537.36
*/*
en-US,en;q=0.9
max-age=0
application/x-www-form-urlencoded;
1
Apache
hoisolutions.com
35.208.143.32
443
116.90.225.86
webmaster
/home/u1591-qwzjsnkmssh6/www/hoisolutions.com/public_html/backend/action/action.php
12148
/backend/action/action
CGI/1.1
HTTP/1.0
POST

/backend/action/action
/backend/action/action.php
40
120
120
768M
256M
256M
/backend/action/action.php
1708503273.5348
1708503273

/usr/local/bin:/usr/bin:/bin
/home/u1591-qwzjsnkmssh6/www/hoisolutions.com/public_html
200
on
ZdWw8_x7FOSW-A_StUBRXwAAAAY
/backend/action/action
https://hoisolutions.com/backend/action/action
/usr/local/php74/bin/php
116.90.225.86
https
116.90.225.86
hoisolutions.com
gzip
close
144
7
Mozilla/5.0 (Windows NT 10.0; Win64; x64) AppleWebKit/537.36 (KHTML, like Gecko) Chrome/120.0.0.0 Safari/537.36
*/*
en-US,en;q=0.9
max-age=0
application/x-www-form-urlencoded;
1
Apache
hoisolutions.com
35.208.143.32
443
116.90.225.86
webmaster
/home/u1591-qwzjsnkmssh6/www/hoisolutions.com/public_html/backend/action/action.php
12148
/backend/action/action
CGI/1.1
HTTP/1.0
POST

/backend/action/action
/backend/action/action.php
40
120
120
768M
256M
256M
/backend/action/action.php
1708503283.521
1708503283

/usr/local/bin:/usr/bin:/bin
/home/u1591-qwzjsnkmssh6/www/hoisolutions.com/public_html
200
on
ZdWw-HUiaigTeOGC6Hl3EgAAAAI
/backend/action/action
https://hoisolutions.com/backend/action/action
/usr/local/php74/bin/php
116.90.225.86
https
116.90.225.86
hoisolutions.com
gzip
close
144
7
Mozilla/5.0 (Windows NT 10.0; Win64; x64) AppleWebKit/537.36 (KHTML, like Gecko) Chrome/120.0.0.0 Safari/537.36
*/*
en-US,en;q=0.9
max-age=0
application/x-www-form-urlencoded;
1
Apache
hoisolutions.com
35.208.143.32
443
116.90.225.86
webmaster
/home/u1591-qwzjsnkmssh6/www/hoisolutions.com/public_html/backend/action/action.php
12148
/backend/action/action
CGI/1.1
HTTP/1.0
POST

/backend/action/action
/backend/action/action.php
40
120
120
768M
256M
256M
/backend/action/action.php
1708503288.5717
1708503288

/usr/local/bin:/usr/bin:/bin
/home/u1591-qwzjsnkmssh6/www/hoisolutions.com/public_html
200
on
ZdXLMqK2uQ5KZg7FZquqigAAAAg
/backend/action/action
https://hoisolutions.com/backend/action/action
/usr/local/php74/bin/php
68.71.251.130
https
68.71.251.130
hoisolutions.com
gzip
close
598
7
*/*
Mozilla/5.0 (Windows NT 10.0; Win64; x64) AppleWebKit/537.36 (KHTML, like Gecko) Chrome/103.0.5060.134 Safari/537.36
https://hoisolutions.com/
application/x-www-form-urlencoded
no-cache
Apache
hoisolutions.com
35.208.143.32
443
68.71.251.130
webmaster
/home/u1591-qwzjsnkmssh6/www/hoisolutions.com/public_html/backend/action/action.php
12148
/backend/action/action
CGI/1.1
HTTP/1.0
POST

/backend/action/action
/backend/action/action.php
40
120
120
768M
256M
256M
/backend/action/action.php
1708510002.9501
1708510002

/usr/local/bin:/usr/bin:/bin
/home/u1591-qwzjsnkmssh6/www/hoisolutions.com/public_html
200
on
ZdXk7QTle8jgsJmyaRop6QAAAAw
/backend/action/action
https://hoisolutions.com/backend/action/action
/usr/local/php74/bin/php
182.48.88.33
https
182.48.88.33
hoisolutions.com
gzip
close
104
7
Mozilla/5.0 (Windows NT 10.0; Win64; x64) AppleWebKit/537.36 (KHTML, like Gecko) Chrome/120.0.0.0 Safari/537.36
*/*
en-US,en;q=0.9
max-age=0
application/x-www-form-urlencoded;
1
Apache
hoisolutions.com
35.208.143.32
443
182.48.88.33
webmaster
/home/u1591-qwzjsnkmssh6/www/hoisolutions.com/public_html/backend/action/action.php
12148
/backend/action/action
CGI/1.1
HTTP/1.0
POST

/backend/action/action
/backend/action/action.php
40
120
120
768M
256M
256M
/backend/action/action.php
1708516589.7393
1708516589

/usr/local/bin:/usr/bin:/bin
/home/u1591-qwzjsnkmssh6/www/hoisolutions.com/public_html
200
on
ZdXk9zEv3DCYK7xcWr6qhgAAAAA
/backend/action/action
https://hoisolutions.com/backend/action/action
/usr/local/php74/bin/php
182.48.88.32
https
182.48.88.32
hoisolutions.com
gzip
close
104
7
Mozilla/5.0 (Windows NT 10.0; Win64; x64) AppleWebKit/537.36 (KHTML, like Gecko) Chrome/120.0.0.0 Safari/537.36
*/*
en-US,en;q=0.9
max-age=0
application/x-www-form-urlencoded;
1
Apache
hoisolutions.com
35.208.143.32
443
182.48.88.32
webmaster
/home/u1591-qwzjsnkmssh6/www/hoisolutions.com/public_html/backend/action/action.php
12148
/backend/action/action
CGI/1.1
HTTP/1.0
POST

/backend/action/action
/backend/action/action.php
40
120
120
768M
256M
256M
/backend/action/action.php
1708516599.2992
1708516599

/usr/local/bin:/usr/bin:/bin
/home/u1591-qwzjsnkmssh6/www/hoisolutions.com/public_html
200
on
ZdXlAQTle8jgsJmyaRop6wAAAAw
/backend/action/action
https://hoisolutions.com/backend/action/action
/usr/local/php74/bin/php
182.48.88.33
https
182.48.88.33
hoisolutions.com
gzip
close
141
7
Mozilla/5.0 (Windows NT 10.0; Win64; x64) AppleWebKit/537.36 (KHTML, like Gecko) Chrome/120.0.0.0 Safari/537.36
*/*
en-US,en;q=0.9
max-age=0
application/x-www-form-urlencoded;
1
Apache
hoisolutions.com
35.208.143.32
443
182.48.88.33
webmaster
/home/u1591-qwzjsnkmssh6/www/hoisolutions.com/public_html/backend/action/action.php
12148
/backend/action/action
CGI/1.1
HTTP/1.0
POST

/backend/action/action
/backend/action/action.php
40
120
120
768M
256M
256M
/backend/action/action.php
1708516609.3002
1708516609

/usr/local/bin:/usr/bin:/bin
/home/u1591-qwzjsnkmssh6/www/hoisolutions.com/public_html
200
on
ZdXlBquIrHM3Q7KySvKtpAAAAAo
/backend/action/action
https://hoisolutions.com/backend/action/action
/usr/local/php74/bin/php
182.48.88.33
https
182.48.88.33
hoisolutions.com
gzip
close
141
7
Mozilla/5.0 (Windows NT 10.0; Win64; x64) AppleWebKit/537.36 (KHTML, like Gecko) Chrome/120.0.0.0 Safari/537.36
*/*
en-US,en;q=0.9
max-age=0
application/x-www-form-urlencoded;
1
Apache
hoisolutions.com
35.208.143.32
443
182.48.88.33
webmaster
/home/u1591-qwzjsnkmssh6/www/hoisolutions.com/public_html/backend/action/action.php
12148
/backend/action/action
CGI/1.1
HTTP/1.0
POST

/backend/action/action
/backend/action/action.php
40
120
120
768M
256M
256M
/backend/action/action.php
1708516614.5395
1708516614

/usr/local/bin:/usr/bin:/bin
/home/u1591-qwzjsnkmssh6/www/hoisolutions.com/public_html
200
on
ZdX-AyaDhm_OO1_tgQB9agAAAAc
/backend/action/action
https://hoisolutions.com/backend/action/action
/usr/local/php74/bin/php
36.93.215.83
https
36.93.215.83
hoisolutions.com
gzip
close
103
7
Mozilla/5.0 (Windows NT 10.0; Win64; x64) AppleWebKit/537.36 (KHTML, like Gecko) Chrome/120.0.0.0 Safari/537.36
*/*
en-US,en;q=0.9
max-age=0
application/x-www-form-urlencoded;
1
Apache
hoisolutions.com
35.208.143.32
443
36.93.215.83
webmaster
/home/u1591-qwzjsnkmssh6/www/hoisolutions.com/public_html/backend/action/action.php
12148
/backend/action/action
CGI/1.1
HTTP/1.0
POST

/backend/action/action
/backend/action/action.php
40
120
120
768M
256M
256M
/backend/action/action.php
1708523011.0396
1708523011

/usr/local/bin:/usr/bin:/bin
/home/u1591-qwzjsnkmssh6/www/hoisolutions.com/public_html
200
on
ZdX-B8jaLCXkHjWAbTD1fQAAAAk
/backend/action/action
https://hoisolutions.com/backend/action/action
/usr/local/php74/bin/php
36.93.215.83
https
36.93.215.83
hoisolutions.com
gzip
close
103
7
Mozilla/5.0 (Windows NT 10.0; Win64; x64) AppleWebKit/537.36 (KHTML, like Gecko) Chrome/120.0.0.0 Safari/537.36
*/*
en-US,en;q=0.9
max-age=0
application/x-www-form-urlencoded;
1
Apache
hoisolutions.com
35.208.143.32
443
36.93.215.83
webmaster
/home/u1591-qwzjsnkmssh6/www/hoisolutions.com/public_html/backend/action/action.php
12148
/backend/action/action
CGI/1.1
HTTP/1.0
POST

/backend/action/action
/backend/action/action.php
40
120
120
768M
256M
256M
/backend/action/action.php
1708523015.7283
1708523015

/usr/local/bin:/usr/bin:/bin
/home/u1591-qwzjsnkmssh6/www/hoisolutions.com/public_html
200
on
ZdX-Duh5pmgXaxMUEr-zkQAAAAE
/backend/action/action
https://hoisolutions.com/backend/action/action
/usr/local/php74/bin/php
36.93.215.83
https
36.93.215.83
hoisolutions.com
gzip
close
141
7
Mozilla/5.0 (Windows NT 10.0; Win64; x64) AppleWebKit/537.36 (KHTML, like Gecko) Chrome/120.0.0.0 Safari/537.36
*/*
en-US,en;q=0.9
max-age=0
application/x-www-form-urlencoded;
1
Apache
hoisolutions.com
35.208.143.32
443
36.93.215.83
webmaster
/home/u1591-qwzjsnkmssh6/www/hoisolutions.com/public_html/backend/action/action.php
12148
/backend/action/action
CGI/1.1
HTTP/1.0
POST

/backend/action/action
/backend/action/action.php
40
120
120
768M
256M
256M
/backend/action/action.php
1708523022.2737
1708523022

/usr/local/bin:/usr/bin:/bin
/home/u1591-qwzjsnkmssh6/www/hoisolutions.com/public_html
200
on
ZdX-Et0J7XUkkvINvHU6swAAAAI
/backend/action/action
https://hoisolutions.com/backend/action/action
/usr/local/php74/bin/php
36.93.215.83
https
36.93.215.83
hoisolutions.com
gzip
close
141
7
Mozilla/5.0 (Windows NT 10.0; Win64; x64) AppleWebKit/537.36 (KHTML, like Gecko) Chrome/120.0.0.0 Safari/537.36
*/*
en-US,en;q=0.9
max-age=0
application/x-www-form-urlencoded;
1
Apache
hoisolutions.com
35.208.143.32
443
36.93.215.83
webmaster
/home/u1591-qwzjsnkmssh6/www/hoisolutions.com/public_html/backend/action/action.php
12148
/backend/action/action
CGI/1.1
HTTP/1.0
POST

/backend/action/action
/backend/action/action.php
40
120
120
768M
256M
256M
/backend/action/action.php
1708523026.6623
1708523026

