/usr/local/bin:/usr/bin:/bin
/home/u1591-qwzjsnkmssh6/www/hoisolutions.com/public_html
200
on
Zjotj1f9XP3wqjwM0jANTQAAAAU
/backend/action/action
https://hoisolutions.com/backend/action/action
/usr/local/php74/bin/php
91.196.222.199
https
91.196.222.199
hoisolutions.com
gzip
close
164
7
max-age=0
"Chromium";v="124", "Google Chrome";v="124", "Not-A.Brand";v="99"
?0
"Windows"
1
https://hoisolutions.com
application/x-www-form-urlencoded
Mozilla/5.0 (Windows NT 10.0; Win64; x64) AppleWebKit/537.36 (KHTML, like Gecko) Chrome/124.0.0.0 Safari/537.36
text/html,application/xhtml+xml,application/xml;q=0.9,image/avif,image/webp,image/apng,*/*;q=0.8,application/signed-exchange;v=b3;q=0.7
same-origin
navigate
?1
document
https://hoisolutions.com/illustrative-agency/
en-US,en;q=0.9
u=0, i
_fbp=fb.1.1713871150828.540383046; _hjSessionUser_3542264=eyJpZCI6IjkwNmRjODY4LTY3ZDgtNWE2ZC04MTc1LWQxMGE5YTY2YzQ1ZCIsImNyZWF0ZWQiOjE3MTM4NzExNTI5MzQsImV4aXN0aW5nIjp0cnVlfQ==; twk_idm_key=5vT8_jQaOfK93DLOWF9rI; _gid=GA1.2.2040279755.1715003628; _hjSession_3542264=eyJpZCI6Ijk1MWY2ZGJmLTM4ZGItNDUyZS05NDIyLTI4NDkxNDM1NTIzNiIsImMiOjE3MTUwODczNjk5ODksInMiOjEsInIiOjEsInNiIjowLCJzciI6MCwic2UiOjAsImZzIjowLCJzcCI6MH0=; _gcl_au=1.1.2133001534.1713871144.1229767241.1715087959.1715088101; TawkConnectionTime=0; twk_uuid_65a960cb0ff6374032c1e513=%7B%22uuid%22%3A%221.2BigPSaGZyP0tczfGNhTugoz5XCszf3wIXXLfbdbYsib1y7deDQBPBZOX2hDjbnihmCGIVhsZGtl7L3bEidEmUUR31l7lzvt8jK64KJPiKG4BXNmEzlRaOAH7xW%22%2C%22version%22%3A3%2C%22domain%22%3A%22hoisolutions.com%22%2C%22ts%22%3A1715088582285%7D; _ga_5HRZJ4TQWQ=GS1.1.1715087931.18.1.1715088590.0.0.0; _ga_RWWP2142D3=GS1.1.1715087931.17.1.1715088590.0.0.0; _rdt_uuid=1713871148591.af5196b3-3483-4423-8185-1021b8a66117; _rdt_em=0000000000000000000000000000000000000000000000000000000000000001; _ga=GA1.1.183360051.1713871144; _ga_N0S71N60TQ=GS1.1.1715087931.18.1.1715088769.60.0.0
Apache
hoisolutions.com
35.208.143.32
443
91.196.222.199
webmaster
/home/u1591-qwzjsnkmssh6/www/hoisolutions.com/public_html/backend/action/action.php
12148
/backend/action/action
CGI/1.1
HTTP/1.0
POST

/backend/action/action
/backend/action/action.php
40
120
120
768M
256M
256M
/backend/action/action.php
1715088783.9129
1715088783

/usr/local/bin:/usr/bin:/bin
/home/u1591-qwzjsnkmssh6/www/hoisolutions.com/public_html
200
on
ZjouHbupKlXRDyfxkoLw5wAAAAc
/backend/action/action
https://hoisolutions.com/backend/action/action
/usr/local/php74/bin/php
91.196.222.199
https
91.196.222.199
hoisolutions.com
gzip
close
164
7
max-age=0
"Chromium";v="124", "Google Chrome";v="124", "Not-A.Brand";v="99"
?0
"Windows"
1
https://hoisolutions.com
application/x-www-form-urlencoded
Mozilla/5.0 (Windows NT 10.0; Win64; x64) AppleWebKit/537.36 (KHTML, like Gecko) Chrome/124.0.0.0 Safari/537.36
text/html,application/xhtml+xml,application/xml;q=0.9,image/avif,image/webp,image/apng,*/*;q=0.8,application/signed-exchange;v=b3;q=0.7
same-origin
navigate
?1
document
https://hoisolutions.com/illustrative-agency/
en-US,en;q=0.9
u=0, i
_fbp=fb.1.1713871150828.540383046; _hjSessionUser_3542264=eyJpZCI6IjkwNmRjODY4LTY3ZDgtNWE2ZC04MTc1LWQxMGE5YTY2YzQ1ZCIsImNyZWF0ZWQiOjE3MTM4NzExNTI5MzQsImV4aXN0aW5nIjp0cnVlfQ==; twk_idm_key=5vT8_jQaOfK93DLOWF9rI; _gid=GA1.2.2040279755.1715003628; _hjSession_3542264=eyJpZCI6Ijk1MWY2ZGJmLTM4ZGItNDUyZS05NDIyLTI4NDkxNDM1NTIzNiIsImMiOjE3MTUwODczNjk5ODksInMiOjEsInIiOjEsInNiIjowLCJzciI6MCwic2UiOjAsImZzIjowLCJzcCI6MH0=; _gcl_au=1.1.2133001534.1713871144.1229767241.1715087959.1715088101; TawkConnectionTime=0; twk_uuid_65a960cb0ff6374032c1e513=%7B%22uuid%22%3A%221.2BigPSaGZyP0tczfGNhTugoz5XCszf3wIXXLfbdbYsib1y7deDQBPBZOX2hDjbnihmCGIVhsZGtl7L3bEidEmUUR31l7lzvt8jK64KJPiKG4BXNmEzlRaOAH7xW%22%2C%22version%22%3A3%2C%22domain%22%3A%22hoisolutions.com%22%2C%22ts%22%3A1715088582285%7D; _ga_5HRZJ4TQWQ=GS1.1.1715087931.18.1.1715088590.0.0.0; _ga_RWWP2142D3=GS1.1.1715087931.17.1.1715088590.0.0.0; _rdt_uuid=1713871148591.af5196b3-3483-4423-8185-1021b8a66117; _rdt_em=0000000000000000000000000000000000000000000000000000000000000001; _ga=GA1.1.183360051.1713871144; _ga_N0S71N60TQ=GS1.1.1715087931.18.1.1715088784.45.0.0
Apache
hoisolutions.com
35.208.143.32
443
91.196.222.199
webmaster
/home/u1591-qwzjsnkmssh6/www/hoisolutions.com/public_html/backend/action/action.php
12148
/backend/action/action
CGI/1.1
HTTP/1.0
POST

/backend/action/action
/backend/action/action.php
40
120
120
768M
256M
256M
/backend/action/action.php
1715088925.8315
1715088925

/usr/local/bin:/usr/bin:/bin
/home/u1591-qwzjsnkmssh6/www/hoisolutions.com/public_html
200
on
ZjouNq8-lEFdWv8yWpxuQAAAAAk
/backend/action/action
https://hoisolutions.com/backend/action/action
/usr/local/php74/bin/php
91.196.222.199
https
91.196.222.199
hoisolutions.com
gzip
close
161
7
max-age=0
"Chromium";v="124", "Google Chrome";v="124", "Not-A.Brand";v="99"
?0
"Windows"
1
https://hoisolutions.com
application/x-www-form-urlencoded
Mozilla/5.0 (Windows NT 10.0; Win64; x64) AppleWebKit/537.36 (KHTML, like Gecko) Chrome/124.0.0.0 Safari/537.36
text/html,application/xhtml+xml,application/xml;q=0.9,image/avif,image/webp,image/apng,*/*;q=0.8,application/signed-exchange;v=b3;q=0.7
same-origin
navigate
?1
document
https://hoisolutions.com/illustrative-agency/
en-US,en;q=0.9
u=0, i
_fbp=fb.1.1713871150828.540383046; _hjSessionUser_3542264=eyJpZCI6IjkwNmRjODY4LTY3ZDgtNWE2ZC04MTc1LWQxMGE5YTY2YzQ1ZCIsImNyZWF0ZWQiOjE3MTM4NzExNTI5MzQsImV4aXN0aW5nIjp0cnVlfQ==; twk_idm_key=5vT8_jQaOfK93DLOWF9rI; _gid=GA1.2.2040279755.1715003628; _hjSession_3542264=eyJpZCI6Ijk1MWY2ZGJmLTM4ZGItNDUyZS05NDIyLTI4NDkxNDM1NTIzNiIsImMiOjE3MTUwODczNjk5ODksInMiOjEsInIiOjEsInNiIjowLCJzciI6MCwic2UiOjAsImZzIjowLCJzcCI6MH0=; _gcl_au=1.1.2133001534.1713871144.1229767241.1715087959.1715088101; TawkConnectionTime=0; twk_uuid_65a960cb0ff6374032c1e513=%7B%22uuid%22%3A%221.2BigPSaGZyP0tczfGNhTugoz5XCszf3wIXXLfbdbYsib1y7deDQBPBZOX2hDjbnihmCGIVhsZGtl7L3bEidEmUUR31l7lzvt8jK64KJPiKG4BXNmEzlRaOAH7xW%22%2C%22version%22%3A3%2C%22domain%22%3A%22hoisolutions.com%22%2C%22ts%22%3A1715088582285%7D; _ga_5HRZJ4TQWQ=GS1.1.1715087931.18.1.1715088590.0.0.0; _ga_RWWP2142D3=GS1.1.1715087931.17.1.1715088590.0.0.0; _ga=GA1.1.183360051.1713871144; _rdt_uuid=1713871148591.af5196b3-3483-4423-8185-1021b8a66117; _rdt_em=0000000000000000000000000000000000000000000000000000000000000001; _ga_N0S71N60TQ=GS1.1.1715087931.18.1.1715088940.46.0.0
Apache
hoisolutions.com
35.208.143.32
443
91.196.222.199
webmaster
/home/u1591-qwzjsnkmssh6/www/hoisolutions.com/public_html/backend/action/action.php
12148
/backend/action/action
CGI/1.1
HTTP/1.0
POST

/backend/action/action
/backend/action/action.php
40
120
120
768M
256M
256M
/backend/action/action.php
1715088950.411
1715088950

/usr/local/bin:/usr/bin:/bin
/home/u1591-qwzjsnkmssh6/www/hoisolutions.com/public_html
200
on
ZjouoHF3KKn2cocFzUNeeAAAAAA
/backend/action/action
https://hoisolutions.com/backend/action/action
/usr/local/php74/bin/php
91.196.222.199
https
91.196.222.199
hoisolutions.com
gzip
close
156
7
max-age=0
"Chromium";v="124", "Google Chrome";v="124", "Not-A.Brand";v="99"
?0
"Windows"
1
https://hoisolutions.com
application/x-www-form-urlencoded
Mozilla/5.0 (Windows NT 10.0; Win64; x64) AppleWebKit/537.36 (KHTML, like Gecko) Chrome/124.0.0.0 Safari/537.36
text/html,application/xhtml+xml,application/xml;q=0.9,image/avif,image/webp,image/apng,*/*;q=0.8,application/signed-exchange;v=b3;q=0.7
same-origin
navigate
?1
document
https://hoisolutions.com/illustrative-agency/
en-US,en;q=0.9
u=0, i
_fbp=fb.1.1715087421265.2056714981; _hjSessionUser_3542264=eyJpZCI6ImMzNTI5MDEzLWFhZjYtNTBjNC05M2IzLTgxZWMxNDNjODgxYiIsImNyZWF0ZWQiOjE3MTUwODc0MjIwMjYsImV4aXN0aW5nIjp0cnVlfQ==; _hjSession_3542264=eyJpZCI6IjM1ODg3NzI2LWQwMDEtNDU2Ny1hZjcxLTIyNTJkZTcwMmE3YSIsImMiOjE3MTUwODc0MjIwMjgsInMiOjEsInIiOjEsInNiIjowLCJzciI6MCwic2UiOjAsImZzIjoxLCJzcCI6MH0=; _gcl_au=1.1.1168375380.1715087422; _gid=GA1.2.66680468.1715087424; twk_idm_key=7F72ev5xo1LU6uT1zKjdy; TawkConnectionTime=0; twk_uuid_65a960cb0ff6374032c1e513=%7B%22uuid%22%3A%221.2BihCbMhz1oldISJHqyOzr7rWyu9aMxwbkbPfm1M0Av0jQpTMZoFOQJPKdYq0Tx6rqeT0spCGNw6Fnkq7HVEURsMfNvI9FETD7wuVpCpNOMuycWQNBrvjdbWgT9%22%2C%22version%22%3A3%2C%22domain%22%3A%22hoisolutions.com%22%2C%22ts%22%3A1715087465582%7D; _ga_5HRZJ4TQWQ=GS1.1.1715087422.1.1.1715087468.0.0.0; _ga_RWWP2142D3=GS1.1.1715087422.1.1.1715087468.0.0.0; _rdt_uuid=1715087420642.6c8a04fe-dd9f-46d5-9f1a-ebadd2c79848; _rdt_em=0000000000000000000000000000000000000000000000000000000000000001; _ga=GA1.1.1488334971.1715087422; _ga_N0S71N60TQ=GS1.1.1715087422.1.1.1715089044.54.0.0
Apache
hoisolutions.com
35.208.143.32
443
91.196.222.199
webmaster
/home/u1591-qwzjsnkmssh6/www/hoisolutions.com/public_html/backend/action/action.php
12148
/backend/action/action
CGI/1.1
HTTP/1.0
POST

/backend/action/action
/backend/action/action.php
40
120
120
768M
256M
256M
/backend/action/action.php
1715089056.9601
1715089056

/usr/local/bin:/usr/bin:/bin
/home/u1591-qwzjsnkmssh6/www/hoisolutions.com/public_html
200
on
Zjouu7T8hF3NFu5j-wbJsQAAAAQ
/backend/action/action
https://hoisolutions.com/backend/action/action
/usr/local/php74/bin/php
91.196.222.199
https
91.196.222.199
hoisolutions.com
gzip
close
167
7
max-age=0
"Chromium";v="124", "Google Chrome";v="124", "Not-A.Brand";v="99"
?0
"Windows"
1
https://hoisolutions.com
application/x-www-form-urlencoded
Mozilla/5.0 (Windows NT 10.0; Win64; x64) AppleWebKit/537.36 (KHTML, like Gecko) Chrome/124.0.0.0 Safari/537.36
text/html,application/xhtml+xml,application/xml;q=0.9,image/avif,image/webp,image/apng,*/*;q=0.8,application/signed-exchange;v=b3;q=0.7
same-origin
navigate
?1
document
https://hoisolutions.com/illustrative-agency/
en-US,en;q=0.9
u=0, i
_fbp=fb.1.1715087421265.2056714981; _hjSessionUser_3542264=eyJpZCI6ImMzNTI5MDEzLWFhZjYtNTBjNC05M2IzLTgxZWMxNDNjODgxYiIsImNyZWF0ZWQiOjE3MTUwODc0MjIwMjYsImV4aXN0aW5nIjp0cnVlfQ==; _hjSession_3542264=eyJpZCI6IjM1ODg3NzI2LWQwMDEtNDU2Ny1hZjcxLTIyNTJkZTcwMmE3YSIsImMiOjE3MTUwODc0MjIwMjgsInMiOjEsInIiOjEsInNiIjowLCJzciI6MCwic2UiOjAsImZzIjoxLCJzcCI6MH0=; _gcl_au=1.1.1168375380.1715087422; _gid=GA1.2.66680468.1715087424; twk_idm_key=7F72ev5xo1LU6uT1zKjdy; TawkConnectionTime=0; twk_uuid_65a960cb0ff6374032c1e513=%7B%22uuid%22%3A%221.2BihCbMhz1oldISJHqyOzr7rWyu9aMxwbkbPfm1M0Av0jQpTMZoFOQJPKdYq0Tx6rqeT0spCGNw6Fnkq7HVEURsMfNvI9FETD7wuVpCpNOMuycWQNBrvjdbWgT9%22%2C%22version%22%3A3%2C%22domain%22%3A%22hoisolutions.com%22%2C%22ts%22%3A1715087465582%7D; _ga_5HRZJ4TQWQ=GS1.1.1715087422.1.1.1715087468.0.0.0; _ga_RWWP2142D3=GS1.1.1715087422.1.1.1715087468.0.0.0; _rdt_uuid=1715087420642.6c8a04fe-dd9f-46d5-9f1a-ebadd2c79848; _rdt_em=0000000000000000000000000000000000000000000000000000000000000001; _ga=GA1.1.1488334971.1715087422; _ga_N0S71N60TQ=GS1.1.1715087422.1.1.1715089070.28.0.0
Apache
hoisolutions.com
35.208.143.32
443
91.196.222.199
webmaster
/home/u1591-qwzjsnkmssh6/www/hoisolutions.com/public_html/backend/action/action.php
12148
/backend/action/action
CGI/1.1
HTTP/1.0
POST

/backend/action/action
/backend/action/action.php
40
120
120
768M
256M
256M
/backend/action/action.php
1715089083.3322
1715089083

