/usr/local/bin:/usr/bin:/bin
/home/u1591-qwzjsnkmssh6/www/hoisolutions.com/public_html
200
on
ZjAfrLkK8ww3q6fG7c2TMwAAAAA
/backend/action/action
https://hoisolutions.com/backend/action/action
/usr/local/php74/bin/php
103.137.45.138
https
103.137.45.138
hoisolutions.com
gzip
close
97
7
Mozilla/5.0 (Windows NT 10.0; Win64; x64) AppleWebKit/537.36 (KHTML, like Gecko) Chrome/120.0.0.0 Safari/537.36
*/*
en-US,en;q=0.9
max-age=0
application/x-www-form-urlencoded;
1
Apache
hoisolutions.com
35.208.143.32
443
103.137.45.138
webmaster
/home/u1591-qwzjsnkmssh6/www/hoisolutions.com/public_html/backend/action/action.php
12148
/backend/action/action
CGI/1.1
HTTP/1.0
POST

/backend/action/action
/backend/action/action.php
40
120
120
768M
256M
256M
/backend/action/action.php
1714429868.858
1714429868

/usr/local/bin:/usr/bin:/bin
/home/u1591-qwzjsnkmssh6/www/hoisolutions.com/public_html
200
on
ZjAfsRMkeuHQ_6VGB9pcOwAAAAk
/backend/action/action
https://hoisolutions.com/backend/action/action
/usr/local/php74/bin/php
103.137.45.138
https
103.137.45.138
hoisolutions.com
gzip
close
97
7
Mozilla/5.0 (Windows NT 10.0; Win64; x64) AppleWebKit/537.36 (KHTML, like Gecko) Chrome/120.0.0.0 Safari/537.36
*/*
en-US,en;q=0.9
max-age=0
application/x-www-form-urlencoded;
1
Apache
hoisolutions.com
35.208.143.32
443
103.137.45.138
webmaster
/home/u1591-qwzjsnkmssh6/www/hoisolutions.com/public_html/backend/action/action.php
12148
/backend/action/action
CGI/1.1
HTTP/1.0
POST

/backend/action/action
/backend/action/action.php
40
120
120
768M
256M
256M
/backend/action/action.php
1714429873.3683
1714429873

/usr/local/bin:/usr/bin:/bin
/home/u1591-qwzjsnkmssh6/www/hoisolutions.com/public_html
200
on
ZjAft50i7DC0_3MwJUqEFQAAAAQ
/backend/action/action
https://hoisolutions.com/backend/action/action
/usr/local/php74/bin/php
103.137.45.138
https
103.137.45.138
hoisolutions.com
gzip
close
151
7
Mozilla/5.0 (Windows NT 10.0; Win64; x64) AppleWebKit/537.36 (KHTML, like Gecko) Chrome/120.0.0.0 Safari/537.36
*/*
en-US,en;q=0.9
max-age=0
application/x-www-form-urlencoded;
1
Apache
hoisolutions.com
35.208.143.32
443
103.137.45.138
webmaster
/home/u1591-qwzjsnkmssh6/www/hoisolutions.com/public_html/backend/action/action.php
12148
/backend/action/action
CGI/1.1
HTTP/1.0
POST

/backend/action/action
/backend/action/action.php
40
120
120
768M
256M
256M
/backend/action/action.php
1714429879.9814
1714429879

/usr/local/bin:/usr/bin:/bin
/home/u1591-qwzjsnkmssh6/www/hoisolutions.com/public_html
200
on
ZjAfvI3y6YegUtnuqfRMhAAAAAw
/backend/action/action
https://hoisolutions.com/backend/action/action
/usr/local/php74/bin/php
103.137.45.138
https
103.137.45.138
hoisolutions.com
gzip
close
151
7
Mozilla/5.0 (Windows NT 10.0; Win64; x64) AppleWebKit/537.36 (KHTML, like Gecko) Chrome/120.0.0.0 Safari/537.36
*/*
en-US,en;q=0.9
max-age=0
application/x-www-form-urlencoded;
1
Apache
hoisolutions.com
35.208.143.32
443
103.137.45.138
webmaster
/home/u1591-qwzjsnkmssh6/www/hoisolutions.com/public_html/backend/action/action.php
12148
/backend/action/action
CGI/1.1
HTTP/1.0
POST

/backend/action/action
/backend/action/action.php
40
120
120
768M
256M
256M
/backend/action/action.php
1714429884.512
1714429884

/usr/local/bin:/usr/bin:/bin
/home/u1591-qwzjsnkmssh6/www/hoisolutions.com/public_html
200
on
ZjB4xhbUeHZKZq3TX7vbwAAAAAg
/backend/action/action
https://hoisolutions.com/backend/action/action
/usr/local/php74/bin/php
177.124.230.112
https
177.124.230.112
hoisolutions.com
gzip
close
103
7
Mozilla/5.0 (Windows NT 10.0; Win64; x64) AppleWebKit/537.36 (KHTML, like Gecko) Chrome/120.0.0.0 Safari/537.36
*/*
en-US,en;q=0.9
max-age=0
application/x-www-form-urlencoded;
1
Apache
hoisolutions.com
35.208.143.32
443
177.124.230.112
webmaster
/home/u1591-qwzjsnkmssh6/www/hoisolutions.com/public_html/backend/action/action.php
12148
/backend/action/action
CGI/1.1
HTTP/1.0
POST

/backend/action/action
/backend/action/action.php
40
120
120
768M
256M
256M
/backend/action/action.php
1714452678.3256
1714452678

/usr/local/bin:/usr/bin:/bin
/home/u1591-qwzjsnkmssh6/www/hoisolutions.com/public_html
200
on
ZjB4ytHsovtmWQVKda4BKwAAAAM
/backend/action/action
https://hoisolutions.com/backend/action/action
/usr/local/php74/bin/php
177.124.230.112
https
177.124.230.112
hoisolutions.com
gzip
close
103
7
Mozilla/5.0 (Windows NT 10.0; Win64; x64) AppleWebKit/537.36 (KHTML, like Gecko) Chrome/120.0.0.0 Safari/537.36
*/*
en-US,en;q=0.9
max-age=0
application/x-www-form-urlencoded;
1
Apache
hoisolutions.com
35.208.143.32
443
177.124.230.112
webmaster
/home/u1591-qwzjsnkmssh6/www/hoisolutions.com/public_html/backend/action/action.php
12148
/backend/action/action
CGI/1.1
HTTP/1.0
POST

/backend/action/action
/backend/action/action.php
40
120
120
768M
256M
256M
/backend/action/action.php
1714452682.0897
1714452682

/usr/local/bin:/usr/bin:/bin
/home/u1591-qwzjsnkmssh6/www/hoisolutions.com/public_html
200
on
ZjB4zwYXQksYOPWInAo9oQAAAAI
/backend/action/action
https://hoisolutions.com/backend/action/action
/usr/local/php74/bin/php
177.124.230.112
https
177.124.230.112
hoisolutions.com
gzip
close
143
7
Mozilla/5.0 (Windows NT 10.0; Win64; x64) AppleWebKit/537.36 (KHTML, like Gecko) Chrome/120.0.0.0 Safari/537.36
*/*
en-US,en;q=0.9
max-age=0
application/x-www-form-urlencoded;
1
Apache
hoisolutions.com
35.208.143.32
443
177.124.230.112
webmaster
/home/u1591-qwzjsnkmssh6/www/hoisolutions.com/public_html/backend/action/action.php
12148
/backend/action/action
CGI/1.1
HTTP/1.0
POST

/backend/action/action
/backend/action/action.php
40
120
120
768M
256M
256M
/backend/action/action.php
1714452687.6802
1714452687

/usr/local/bin:/usr/bin:/bin
/home/u1591-qwzjsnkmssh6/www/hoisolutions.com/public_html
200
on
ZjB408DbQKkjLI1-7q98BgAAAAw
/backend/action/action
https://hoisolutions.com/backend/action/action
/usr/local/php74/bin/php
177.124.230.112
https
177.124.230.112
hoisolutions.com
gzip
close
143
7
Mozilla/5.0 (Windows NT 10.0; Win64; x64) AppleWebKit/537.36 (KHTML, like Gecko) Chrome/120.0.0.0 Safari/537.36
*/*
en-US,en;q=0.9
max-age=0
application/x-www-form-urlencoded;
1
Apache
hoisolutions.com
35.208.143.32
443
177.124.230.112
webmaster
/home/u1591-qwzjsnkmssh6/www/hoisolutions.com/public_html/backend/action/action.php
12148
/backend/action/action
CGI/1.1
HTTP/1.0
POST

/backend/action/action
/backend/action/action.php
40
120
120
768M
256M
256M
/backend/action/action.php
1714452691.3953
1714452691

/usr/local/bin:/usr/bin:/bin
/home/u1591-qwzjsnkmssh6/www/hoisolutions.com/public_html
200
on
ZjCHkD9g3zna00AbJTWFXgAAAAk
/backend/action/action
https://hoisolutions.com/backend/action/action
/usr/local/php74/bin/php
189.45.129.38
https
189.45.129.38
hoisolutions.com
gzip
close
110
7
Mozilla/5.0 (Windows NT 10.0; Win64; x64) AppleWebKit/537.36 (KHTML, like Gecko) Chrome/120.0.0.0 Safari/537.36
*/*
en-US,en;q=0.9
max-age=0
application/x-www-form-urlencoded;
1
Apache
hoisolutions.com
35.208.143.32
443
189.45.129.38
webmaster
/home/u1591-qwzjsnkmssh6/www/hoisolutions.com/public_html/backend/action/action.php
12148
/backend/action/action
CGI/1.1
HTTP/1.0
POST

/backend/action/action
/backend/action/action.php
40
120
120
768M
256M
256M
/backend/action/action.php
1714456465.0103
1714456465

/usr/local/bin:/usr/bin:/bin
/home/u1591-qwzjsnkmssh6/www/hoisolutions.com/public_html
200
on
ZjCHlP5KW50872Kmb-ZX-wAAAAA
/backend/action/action
https://hoisolutions.com/backend/action/action
/usr/local/php74/bin/php
189.45.129.38
https
189.45.129.38
hoisolutions.com
gzip
close
110
7
Mozilla/5.0 (Windows NT 10.0; Win64; x64) AppleWebKit/537.36 (KHTML, like Gecko) Chrome/120.0.0.0 Safari/537.36
*/*
en-US,en;q=0.9
max-age=0
application/x-www-form-urlencoded;
1
Apache
hoisolutions.com
35.208.143.32
443
189.45.129.38
webmaster
/home/u1591-qwzjsnkmssh6/www/hoisolutions.com/public_html/backend/action/action.php
12148
/backend/action/action
CGI/1.1
HTTP/1.0
POST

/backend/action/action
/backend/action/action.php
40
120
120
768M
256M
256M
/backend/action/action.php
1714456468.7138
1714456468

/usr/local/bin:/usr/bin:/bin
/home/u1591-qwzjsnkmssh6/www/hoisolutions.com/public_html
200
on
ZjCHmuoCedYE6DU2RBUeCwAAAAc
/backend/action/action
https://hoisolutions.com/backend/action/action
/usr/local/php74/bin/php
189.45.129.38
https
189.45.129.38
hoisolutions.com
gzip
close
137
7
Mozilla/5.0 (Windows NT 10.0; Win64; x64) AppleWebKit/537.36 (KHTML, like Gecko) Chrome/120.0.0.0 Safari/537.36
*/*
en-US,en;q=0.9
max-age=0
application/x-www-form-urlencoded;
1
Apache
hoisolutions.com
35.208.143.32
443
189.45.129.38
webmaster
/home/u1591-qwzjsnkmssh6/www/hoisolutions.com/public_html/backend/action/action.php
12148
/backend/action/action
CGI/1.1
HTTP/1.0
POST

/backend/action/action
/backend/action/action.php
40
120
120
768M
256M
256M
/backend/action/action.php
1714456474.2146
1714456474

/usr/local/bin:/usr/bin:/bin
/home/u1591-qwzjsnkmssh6/www/hoisolutions.com/public_html
200
on
ZjCHnbcOBImKImsjnqJeTgAAAAg
/backend/action/action
https://hoisolutions.com/backend/action/action
/usr/local/php74/bin/php
189.45.129.38
https
189.45.129.38
hoisolutions.com
gzip
close
137
7
Mozilla/5.0 (Windows NT 10.0; Win64; x64) AppleWebKit/537.36 (KHTML, like Gecko) Chrome/120.0.0.0 Safari/537.36
*/*
en-US,en;q=0.9
max-age=0
application/x-www-form-urlencoded;
1
Apache
hoisolutions.com
35.208.143.32
443
189.45.129.38
webmaster
/home/u1591-qwzjsnkmssh6/www/hoisolutions.com/public_html/backend/action/action.php
12148
/backend/action/action
CGI/1.1
HTTP/1.0
POST

/backend/action/action
/backend/action/action.php
40
120
120
768M
256M
256M
/backend/action/action.php
1714456477.935
1714456477

/usr/local/bin:/usr/bin:/bin
/home/u1591-qwzjsnkmssh6/www/hoisolutions.com/public_html
200
on
ZjDDc7fan32rX9raDVm-SAAAAAE
/backend/action/action
https://hoisolutions.com/backend/action/action
/usr/local/php74/bin/php
131.161.70.34
https
131.161.70.34
hoisolutions.com
gzip
close
97
7
Mozilla/5.0 (Windows NT 10.0; Win64; x64) AppleWebKit/537.36 (KHTML, like Gecko) Chrome/120.0.0.0 Safari/537.36
*/*
en-US,en;q=0.9
max-age=0
application/x-www-form-urlencoded;
1
Apache
hoisolutions.com
35.208.143.32
443
131.161.70.34
webmaster
/home/u1591-qwzjsnkmssh6/www/hoisolutions.com/public_html/backend/action/action.php
12148
/backend/action/action
CGI/1.1
HTTP/1.0
POST

/backend/action/action
/backend/action/action.php
40
120
120
768M
256M
256M
/backend/action/action.php
1714471795.7044
1714471795

/usr/local/bin:/usr/bin:/bin
/home/u1591-qwzjsnkmssh6/www/hoisolutions.com/public_html
200
on
ZjDDd3XbcgpAEYgAw6l5ewAAAAY
/backend/action/action
https://hoisolutions.com/backend/action/action
/usr/local/php74/bin/php
131.161.70.34
https
131.161.70.34
hoisolutions.com
gzip
close
97
7
Mozilla/5.0 (Windows NT 10.0; Win64; x64) AppleWebKit/537.36 (KHTML, like Gecko) Chrome/120.0.0.0 Safari/537.36
*/*
en-US,en;q=0.9
max-age=0
application/x-www-form-urlencoded;
1
Apache
hoisolutions.com
35.208.143.32
443
131.161.70.34
webmaster
/home/u1591-qwzjsnkmssh6/www/hoisolutions.com/public_html/backend/action/action.php
12148
/backend/action/action
CGI/1.1
HTTP/1.0
POST

/backend/action/action
/backend/action/action.php
40
120
120
768M
256M
256M
/backend/action/action.php
1714471799.4067
1714471799

/usr/local/bin:/usr/bin:/bin
/home/u1591-qwzjsnkmssh6/www/hoisolutions.com/public_html
200
on
ZjDDfHXbcgpAEYgAw6l5fAAAAAY
/backend/action/action
https://hoisolutions.com/backend/action/action
/usr/local/php74/bin/php
131.161.70.34
https
131.161.70.34
hoisolutions.com
gzip
close
140
7
Mozilla/5.0 (Windows NT 10.0; Win64; x64) AppleWebKit/537.36 (KHTML, like Gecko) Chrome/120.0.0.0 Safari/537.36
*/*
en-US,en;q=0.9
max-age=0
application/x-www-form-urlencoded;
1
Apache
hoisolutions.com
35.208.143.32
443
131.161.70.34
webmaster
/home/u1591-qwzjsnkmssh6/www/hoisolutions.com/public_html/backend/action/action.php
12148
/backend/action/action
CGI/1.1
HTTP/1.0
POST

/backend/action/action
/backend/action/action.php
40
120
120
768M
256M
256M
/backend/action/action.php
1714471804.8782
1714471804

/usr/local/bin:/usr/bin:/bin
/home/u1591-qwzjsnkmssh6/www/hoisolutions.com/public_html
200
on
ZjDDgGxG-CV9r4cG3_6FdgAAAAA
/backend/action/action
https://hoisolutions.com/backend/action/action
/usr/local/php74/bin/php
131.161.70.34
https
131.161.70.34
hoisolutions.com
gzip
close
140
7
Mozilla/5.0 (Windows NT 10.0; Win64; x64) AppleWebKit/537.36 (KHTML, like Gecko) Chrome/120.0.0.0 Safari/537.36
*/*
en-US,en;q=0.9
max-age=0
application/x-www-form-urlencoded;
1
Apache
hoisolutions.com
35.208.143.32
443
131.161.70.34
webmaster
/home/u1591-qwzjsnkmssh6/www/hoisolutions.com/public_html/backend/action/action.php
12148
/backend/action/action
CGI/1.1
HTTP/1.0
POST

/backend/action/action
/backend/action/action.php
40
120
120
768M
256M
256M
/backend/action/action.php
1714471808.6536
1714471808

/usr/local/bin:/usr/bin:/bin
/home/u1591-qwzjsnkmssh6/www/hoisolutions.com/public_html
200
on
ZjDz-LS9EIhJj8NdVoGIdwAAAAE
/backend/action/action
https://hoisolutions.com/backend/action/action
/usr/local/php74/bin/php
170.84.119.195
https
170.84.119.195
hoisolutions.com
gzip
close
97
7
Mozilla/5.0 (Windows NT 10.0; Win64; x64) AppleWebKit/537.36 (KHTML, like Gecko) Chrome/120.0.0.0 Safari/537.36
*/*
en-US,en;q=0.9
max-age=0
application/x-www-form-urlencoded;
1
Apache
hoisolutions.com
35.208.143.32
443
170.84.119.195
webmaster
/home/u1591-qwzjsnkmssh6/www/hoisolutions.com/public_html/backend/action/action.php
12148
/backend/action/action
CGI/1.1
HTTP/1.0
POST

/backend/action/action
/backend/action/action.php
40
120
120
768M
256M
256M
/backend/action/action.php
1714484216.5419
1714484216

/usr/local/bin:/usr/bin:/bin
/home/u1591-qwzjsnkmssh6/www/hoisolutions.com/public_html
200
on
ZjDz_MwslHEUURXoSf3cyAAAAA8
/backend/action/action
https://hoisolutions.com/backend/action/action
/usr/local/php74/bin/php
170.84.119.195
https
170.84.119.195
hoisolutions.com
gzip
close
97
7
Mozilla/5.0 (Windows NT 10.0; Win64; x64) AppleWebKit/537.36 (KHTML, like Gecko) Chrome/120.0.0.0 Safari/537.36
*/*
en-US,en;q=0.9
max-age=0
application/x-www-form-urlencoded;
1
Apache
hoisolutions.com
35.208.143.32
443
170.84.119.195
webmaster
/home/u1591-qwzjsnkmssh6/www/hoisolutions.com/public_html/backend/action/action.php
12148
/backend/action/action
CGI/1.1
HTTP/1.0
POST

/backend/action/action
/backend/action/action.php
40
120
120
768M
256M
256M
/backend/action/action.php
1714484220.3051
1714484220

/usr/local/bin:/usr/bin:/bin
/home/u1591-qwzjsnkmssh6/www/hoisolutions.com/public_html
200
on
ZjD0AbS9EIhJj8NdVoGIeAAAAAE
/backend/action/action
https://hoisolutions.com/backend/action/action
/usr/local/php74/bin/php
170.84.119.195
https
170.84.119.195
hoisolutions.com
gzip
close
144
7
Mozilla/5.0 (Windows NT 10.0; Win64; x64) AppleWebKit/537.36 (KHTML, like Gecko) Chrome/120.0.0.0 Safari/537.36
*/*
en-US,en;q=0.9
max-age=0
application/x-www-form-urlencoded;
1
Apache
hoisolutions.com
35.208.143.32
443
170.84.119.195
webmaster
/home/u1591-qwzjsnkmssh6/www/hoisolutions.com/public_html/backend/action/action.php
12148
/backend/action/action
CGI/1.1
HTTP/1.0
POST

/backend/action/action
/backend/action/action.php
40
120
120
768M
256M
256M
/backend/action/action.php
1714484225.7978
1714484225

/usr/local/bin:/usr/bin:/bin
/home/u1591-qwzjsnkmssh6/www/hoisolutions.com/public_html
200
on
ZjD0BR1WEl9I0i3vvXvWmwAAAAc
/backend/action/action
https://hoisolutions.com/backend/action/action
/usr/local/php74/bin/php
170.84.119.195
https
170.84.119.195
hoisolutions.com
gzip
close
144
7
Mozilla/5.0 (Windows NT 10.0; Win64; x64) AppleWebKit/537.36 (KHTML, like Gecko) Chrome/120.0.0.0 Safari/537.36
*/*
en-US,en;q=0.9
max-age=0
application/x-www-form-urlencoded;
1
Apache
hoisolutions.com
35.208.143.32
443
170.84.119.195
webmaster
/home/u1591-qwzjsnkmssh6/www/hoisolutions.com/public_html/backend/action/action.php
12148
/backend/action/action
CGI/1.1
HTTP/1.0
POST

/backend/action/action
/backend/action/action.php
40
120
120
768M
256M
256M
/backend/action/action.php
1714484229.5326
1714484229

/usr/local/bin:/usr/bin:/bin
/home/u1591-qwzjsnkmssh6/www/hoisolutions.com/public_html
200
on
ZjEPjAlLo2SPL8ftJFhgFwAAAAc
/backend/action/action
https://hoisolutions.com/backend/action/action
/usr/local/php74/bin/php
20.117.154.92
https
20.117.154.92
hoisolutions.com
gzip
close
110
7
Mozilla/5.0 (Windows NT 10.0; Win64; x64) AppleWebKit/537.36 (KHTML, like Gecko) Chrome/120.0.0.0 Safari/537.36
*/*
en-US,en;q=0.9
max-age=0
application/x-www-form-urlencoded;
1
Apache
hoisolutions.com
35.208.143.32
443
20.117.154.92
webmaster
/home/u1591-qwzjsnkmssh6/www/hoisolutions.com/public_html/backend/action/action.php
12148
/backend/action/action
CGI/1.1
HTTP/1.0
POST

/backend/action/action
/backend/action/action.php
40
120
120
768M
256M
256M
/backend/action/action.php
1714491276.2157
1714491276

/usr/local/bin:/usr/bin:/bin
/home/u1591-qwzjsnkmssh6/www/hoisolutions.com/public_html
200
on
ZjEPjSffI-CeaL85ZVJrDQAAAAQ
/backend/action/action
https://hoisolutions.com/backend/action/action
/usr/local/php74/bin/php
20.117.154.92
https
20.117.154.92
hoisolutions.com
gzip
close
110
7
Mozilla/5.0 (Windows NT 10.0; Win64; x64) AppleWebKit/537.36 (KHTML, like Gecko) Chrome/120.0.0.0 Safari/537.36
*/*
en-US,en;q=0.9
max-age=0
application/x-www-form-urlencoded;
1
Apache
hoisolutions.com
35.208.143.32
443
20.117.154.92
webmaster
/home/u1591-qwzjsnkmssh6/www/hoisolutions.com/public_html/backend/action/action.php
12148
/backend/action/action
CGI/1.1
HTTP/1.0
POST

/backend/action/action
/backend/action/action.php
40
120
120
768M
256M
256M
/backend/action/action.php
1714491277.4025
1714491277

/usr/local/bin:/usr/bin:/bin
/home/u1591-qwzjsnkmssh6/www/hoisolutions.com/public_html
200
on
ZjEPj3Zp3gw1udIOKj7nWQAAAAg
/backend/action/action
https://hoisolutions.com/backend/action/action
/usr/local/php74/bin/php
20.117.154.92
https
20.117.154.92
hoisolutions.com
gzip
close
149
7
Mozilla/5.0 (Windows NT 10.0; Win64; x64) AppleWebKit/537.36 (KHTML, like Gecko) Chrome/120.0.0.0 Safari/537.36
*/*
en-US,en;q=0.9
max-age=0
application/x-www-form-urlencoded;
1
Apache
hoisolutions.com
35.208.143.32
443
20.117.154.92
webmaster
/home/u1591-qwzjsnkmssh6/www/hoisolutions.com/public_html/backend/action/action.php
12148
/backend/action/action
CGI/1.1
HTTP/1.0
POST

/backend/action/action
/backend/action/action.php
40
120
120
768M
256M
256M
/backend/action/action.php
1714491279.154
1714491279

/usr/local/bin:/usr/bin:/bin
/home/u1591-qwzjsnkmssh6/www/hoisolutions.com/public_html
200
on
ZjEPkCJ001Am0hjSrsH4NwAAAAU
/backend/action/action
https://hoisolutions.com/backend/action/action
/usr/local/php74/bin/php
20.117.154.92
https
20.117.154.92
hoisolutions.com
gzip
close
149
7
Mozilla/5.0 (Windows NT 10.0; Win64; x64) AppleWebKit/537.36 (KHTML, like Gecko) Chrome/120.0.0.0 Safari/537.36
*/*
en-US,en;q=0.9
max-age=0
application/x-www-form-urlencoded;
1
Apache
hoisolutions.com
35.208.143.32
443
20.117.154.92
webmaster
/home/u1591-qwzjsnkmssh6/www/hoisolutions.com/public_html/backend/action/action.php
12148
/backend/action/action
CGI/1.1
HTTP/1.0
POST

/backend/action/action
/backend/action/action.php
40
120
120
768M
256M
256M
/backend/action/action.php
1714491280.3002
1714491280

/usr/local/bin:/usr/bin:/bin
/home/u1591-qwzjsnkmssh6/www/hoisolutions.com/public_html
200
on
ZjEQRR09V-ZeNKrstrjSDAAAABA
/backend/action/action
https://hoisolutions.com/backend/action/action
/usr/local/php74/bin/php
81.16.3.20
https
81.16.3.20
hoisolutions.com
gzip
close
107
7
Mozilla/5.0 (Windows NT 10.0; Win64; x64) AppleWebKit/537.36 (KHTML, like Gecko) Chrome/120.0.0.0 Safari/537.36
*/*
en-US,en;q=0.9
max-age=0
application/x-www-form-urlencoded;
1
Apache
hoisolutions.com
35.208.143.32
443
81.16.3.20
webmaster
/home/u1591-qwzjsnkmssh6/www/hoisolutions.com/public_html/backend/action/action.php
12148
/backend/action/action
CGI/1.1
HTTP/1.0
POST

/backend/action/action
/backend/action/action.php
40
120
120
768M
256M
256M
/backend/action/action.php
1714491461.7254
1714491461

/usr/local/bin:/usr/bin:/bin
/home/u1591-qwzjsnkmssh6/www/hoisolutions.com/public_html
200
on
ZjEQSMfrLuBM8EEObOfXmQAAAAY
/backend/action/action
https://hoisolutions.com/backend/action/action
/usr/local/php74/bin/php
81.16.3.20
https
81.16.3.20
hoisolutions.com
gzip
close
107
7
Mozilla/5.0 (Windows NT 10.0; Win64; x64) AppleWebKit/537.36 (KHTML, like Gecko) Chrome/120.0.0.0 Safari/537.36
*/*
en-US,en;q=0.9
max-age=0
application/x-www-form-urlencoded;
1
Apache
hoisolutions.com
35.208.143.32
443
81.16.3.20
webmaster
/home/u1591-qwzjsnkmssh6/www/hoisolutions.com/public_html/backend/action/action.php
12148
/backend/action/action
CGI/1.1
HTTP/1.0
POST

/backend/action/action
/backend/action/action.php
40
120
120
768M
256M
256M
/backend/action/action.php
1714491464.2469
1714491464

/usr/local/bin:/usr/bin:/bin
/home/u1591-qwzjsnkmssh6/www/hoisolutions.com/public_html
200
on
ZjEQTLhvRj47pA9hUVmAXAAAAAM
/backend/action/action
https://hoisolutions.com/backend/action/action
/usr/local/php74/bin/php
81.16.3.20
https
81.16.3.20
hoisolutions.com
gzip
close
139
7
Mozilla/5.0 (Windows NT 10.0; Win64; x64) AppleWebKit/537.36 (KHTML, like Gecko) Chrome/120.0.0.0 Safari/537.36
*/*
en-US,en;q=0.9
max-age=0
application/x-www-form-urlencoded;
1
Apache
hoisolutions.com
35.208.143.32
443
81.16.3.20
webmaster
/home/u1591-qwzjsnkmssh6/www/hoisolutions.com/public_html/backend/action/action.php
12148
/backend/action/action
CGI/1.1
HTTP/1.0
POST

/backend/action/action
/backend/action/action.php
40
120
120
768M
256M
256M
/backend/action/action.php
1714491468.0879
1714491468

/usr/local/bin:/usr/bin:/bin
/home/u1591-qwzjsnkmssh6/www/hoisolutions.com/public_html
200
on
ZjEQTglLo2SPL8ftJFhgMgAAAAc
/backend/action/action
https://hoisolutions.com/backend/action/action
/usr/local/php74/bin/php
81.16.3.20
https
81.16.3.20
hoisolutions.com
gzip
close
139
7
Mozilla/5.0 (Windows NT 10.0; Win64; x64) AppleWebKit/537.36 (KHTML, like Gecko) Chrome/120.0.0.0 Safari/537.36
*/*
en-US,en;q=0.9
max-age=0
application/x-www-form-urlencoded;
1
Apache
hoisolutions.com
35.208.143.32
443
81.16.3.20
webmaster
/home/u1591-qwzjsnkmssh6/www/hoisolutions.com/public_html/backend/action/action.php
12148
/backend/action/action
CGI/1.1
HTTP/1.0
POST

/backend/action/action
/backend/action/action.php
40
120
120
768M
256M
256M
/backend/action/action.php
1714491470.5999
1714491470

/usr/local/bin:/usr/bin:/bin
/home/u1591-qwzjsnkmssh6/www/hoisolutions.com/public_html
200
on
ZjEU0Uy6WYu6TnWUWb-bsgAAAAE
/backend/action/action
https://hoisolutions.com/backend/action/action
/usr/local/php74/bin/php
45.144.113.249
https
45.144.113.249
hoisolutions.com
gzip
close
148
7
max-age=0
"Chromium";v="124", "Google Chrome";v="124", "Not-A.Brand";v="99"
?0
"Windows"
1
https://hoisolutions.com
application/x-www-form-urlencoded
Mozilla/5.0 (Windows NT 10.0; Win64; x64) AppleWebKit/537.36 (KHTML, like Gecko) Chrome/124.0.0.0 Safari/537.36
text/html,application/xhtml+xml,application/xml;q=0.9,image/avif,image/webp,image/apng,*/*;q=0.8,application/signed-exchange;v=b3;q=0.7
same-origin
navigate
?1
document
https://hoisolutions.com/logo-design-services/
en-US,en;q=0.9,de;q=0.8
u=0, i
_fbp=fb.1.1713880375062.1093797978; _hjSessionUser_3542264=eyJpZCI6IjVkOTE1YmZlLTFlNmUtNWE5NC04ZjJhLTQ1MTkzNzhiZDJhZSIsImNyZWF0ZWQiOjE3MTM4ODAzNzY1MTUsImV4aXN0aW5nIjp0cnVlfQ==; _ga_5HRZJ4TQWQ=deleted; _gid=GA1.2.1414559373.1714410984; _gcl_au=1.1.1235537087.1713880375.1418400807.1714411600.1714411641; _hjSession_3542264=eyJpZCI6IjMwOWI5MWIwLTgxYjUtNGUyOS1iOWZhLWMwMzUwN2IyMGFjZiIsImMiOjE3MTQ0OTI1MTkzNTAsInMiOjEsInIiOjEsInNiIjowLCJzciI6MCwic2UiOjAsImZzIjowLCJzcCI6MX0=; _ga_5HRZJ4TQWQ=GS1.1.1714492542.9.0.1714492542.0.0.0; _ga_N0S71N60TQ=GS1.1.1714492543.9.0.1714492543.60.0.0; _ga_RWWP2142D3=GS1.1.1714492543.9.0.1714492543.0.0.0; _ga=GA1.2.2071381134.1713880375; _rdt_uuid=1713880374275.9d1600d7-9492-4ab5-a6c0-c1aaefa286bd; _rdt_em=0000000000000000000000000000000000000000000000000000000000000001; TawkConnectionTime=0; twk_uuid_65a960cb0ff6374032c1e513=%7B%22uuid%22%3A%221.2BigPphFykH2w3YzOk83z5W0cE1p3T2E9NH8BPLVSaDVUkXFkZag4i6YPrkr2B8IP1TSVML4zfEyMdw2Hclbou5CWKGxZJT0PyiekOnnGcpG2uKIdzd6gRGVpID%22%2C%22version%22%3A3%2C%22domain%22%3A%22hoisolutions.com%22%2C%22ts%22%3A1714492606680%7D
Apache
hoisolutions.com
35.208.143.32
443
45.144.113.249
webmaster
/home/u1591-qwzjsnkmssh6/www/hoisolutions.com/public_html/backend/action/action.php
12148
/backend/action/action
CGI/1.1
HTTP/1.0
POST

/backend/action/action
/backend/action/action.php
40
120
120
768M
256M
256M
/backend/action/action.php
1714492625.2463
1714492625

/usr/local/bin:/usr/bin:/bin
/home/u1591-qwzjsnkmssh6/www/hoisolutions.com/public_html
200
on
ZjEU6XcgXHu3pDI2StFsiwAAAAM
/backend/action/action
https://hoisolutions.com/backend/action/action
/usr/local/php74/bin/php
45.144.113.249
https
45.144.113.249
hoisolutions.com
gzip
close
140
7
max-age=0
"Chromium";v="124", "Google Chrome";v="124", "Not-A.Brand";v="99"
?0
"Windows"
1
https://hoisolutions.com
application/x-www-form-urlencoded
Mozilla/5.0 (Windows NT 10.0; Win64; x64) AppleWebKit/537.36 (KHTML, like Gecko) Chrome/124.0.0.0 Safari/537.36
text/html,application/xhtml+xml,application/xml;q=0.9,image/avif,image/webp,image/apng,*/*;q=0.8,application/signed-exchange;v=b3;q=0.7
same-origin
navigate
?1
document
https://hoisolutions.com/logo-design-services/
en-US,en;q=0.9,de;q=0.8
u=0, i
_fbp=fb.1.1713880375062.1093797978; _hjSessionUser_3542264=eyJpZCI6IjVkOTE1YmZlLTFlNmUtNWE5NC04ZjJhLTQ1MTkzNzhiZDJhZSIsImNyZWF0ZWQiOjE3MTM4ODAzNzY1MTUsImV4aXN0aW5nIjp0cnVlfQ==; _ga_5HRZJ4TQWQ=deleted; _gid=GA1.2.1414559373.1714410984; _gcl_au=1.1.1235537087.1713880375.1418400807.1714411600.1714411641; _hjSession_3542264=eyJpZCI6IjMwOWI5MWIwLTgxYjUtNGUyOS1iOWZhLWMwMzUwN2IyMGFjZiIsImMiOjE3MTQ0OTI1MTkzNTAsInMiOjEsInIiOjEsInNiIjowLCJzciI6MCwic2UiOjAsImZzIjowLCJzcCI6MX0=; twk_uuid_65a960cb0ff6374032c1e513=%7B%22uuid%22%3A%221.2BigPphFykH2w3YzOk83z5W0cE1p3T2E9NH8BPLVSaDVUkXFkZag4i6YPrkr2B8IP1TSVML4zfEyMdw2Hclbou5CWKGxZJT0PyiekOnnGcpG2uKIdzd6gRGVpID%22%2C%22version%22%3A3%2C%22domain%22%3A%22hoisolutions.com%22%2C%22ts%22%3A1714492606680%7D; _ga=GA1.2.2071381134.1713880375; _gat_gtag_UA_268162610_1=1; _ga_5HRZJ4TQWQ=GS1.1.1714492542.9.1.1714492643.0.0.0; _ga_N0S71N60TQ=GS1.1.1714492543.9.1.1714492643.46.0.0; _ga_RWWP2142D3=GS1.1.1714492543.9.1.1714492643.0.0.0; TawkConnectionTime=0; _rdt_uuid=1713880374275.9d1600d7-9492-4ab5-a6c0-c1aaefa286bd; _rdt_em=0000000000000000000000000000000000000000000000000000000000000001
Apache
hoisolutions.com
35.208.143.32
443
45.144.113.249
webmaster
/home/u1591-qwzjsnkmssh6/www/hoisolutions.com/public_html/backend/action/action.php
12148
/backend/action/action
CGI/1.1
HTTP/1.0
POST

/backend/action/action
/backend/action/action.php
40
120
120
768M
256M
256M
/backend/action/action.php
1714492649.1656
1714492649

/usr/local/bin:/usr/bin:/bin
/home/u1591-qwzjsnkmssh6/www/hoisolutions.com/public_html
200
on
ZjEVc43tn8x-hi_-pKUhmAAAAAQ
/backend/action/action
https://hoisolutions.com/backend/action/action
/usr/local/php74/bin/php
135.148.233.107
https
135.148.233.107
hoisolutions.com
gzip
close
137
7
max-age=0
"Chromium";v="124", "Google Chrome";v="124", "Not-A.Brand";v="99"
?0
"Windows"
1
https://hoisolutions.com
application/x-www-form-urlencoded
Mozilla/5.0 (Windows NT 10.0; Win64; x64) AppleWebKit/537.36 (KHTML, like Gecko) Chrome/124.0.0.0 Safari/537.36
text/html,application/xhtml+xml,application/xml;q=0.9,image/avif,image/webp,image/apng,*/*;q=0.8,application/signed-exchange;v=b3;q=0.7
same-origin
navigate
?1
document
https://hoisolutions.com/logo-design-services/
en-US,en;q=0.9,la;q=0.8
u=0, i
_rdt_uuid=1714492755505.b82bf890-2360-4aff-8081-83653e0b8485; _rdt_em=0000000000000000000000000000000000000000000000000000000000000001; twk_idm_key=Y0zj2FxgqJY0ulAiEfcVe; TawkConnectionTime=1714492785669
Apache
hoisolutions.com
35.208.143.32
443
135.148.233.107
webmaster
/home/u1591-qwzjsnkmssh6/www/hoisolutions.com/public_html/backend/action/action.php
12148
/backend/action/action
CGI/1.1
HTTP/1.0
POST

/backend/action/action
/backend/action/action.php
40
120
120
768M
256M
256M
/backend/action/action.php
1714492787.1014
1714492787

/usr/local/bin:/usr/bin:/bin
/home/u1591-qwzjsnkmssh6/www/hoisolutions.com/public_html
200
on
ZjEVq6Gf-5fNyh4rmu41TwAAAAU
/backend/action/action
https://hoisolutions.com/backend/action/action
/usr/local/php74/bin/php
45.88.222.60
https
45.88.222.60
hoisolutions.com
gzip
close
113
7
max-age=0
"Chromium";v="124", "Google Chrome";v="124", "Not-A.Brand";v="99"
?0
"Windows"
1
https://hoisolutions.com
application/x-www-form-urlencoded
Mozilla/5.0 (Windows NT 10.0; Win64; x64) AppleWebKit/537.36 (KHTML, like Gecko) Chrome/124.0.0.0 Safari/537.36
text/html,application/xhtml+xml,application/xml;q=0.9,image/avif,image/webp,image/apng,*/*;q=0.8,application/signed-exchange;v=b3;q=0.7
same-origin
navigate
?1
document
https://hoisolutions.com/christmas-50-off-logo-design-services/
en-US,en;q=0.9
u=0, i
_fbp=fb.1.1713871150828.540383046; _hjSessionUser_3542264=eyJpZCI6IjkwNmRjODY4LTY3ZDgtNWE2ZC04MTc1LWQxMGE5YTY2YzQ1ZCIsImNyZWF0ZWQiOjE3MTM4NzExNTI5MzQsImV4aXN0aW5nIjp0cnVlfQ==; twk_idm_key=5vT8_jQaOfK93DLOWF9rI; _gcl_au=1.1.2133001534.1713871144.486191387.1714130142.1714130924; _ga_N0S71N60TQ=GS1.1.1714388349.10.1.1714388361.48.0.0; _ga_5HRZJ4TQWQ=GS1.1.1714388349.10.1.1714388366.0.0.0; _ga_RWWP2142D3=GS1.1.1714388355.9.1.1714388371.0.0.0; _ga=GA1.2.183360051.1713871144; _rdt_uuid=1713871148591.af5196b3-3483-4423-8185-1021b8a66117; _rdt_em=0000000000000000000000000000000000000000000000000000000000000001; TawkConnectionTime=0; twk_uuid_65a960cb0ff6374032c1e513=%7B%22uuid%22%3A%221.2BigPSaGZyP0tczfGNhTugoz5XCszf3wIXXLfbdbYsib1y7deDQBPBZOX2hDjbnihmCGIVhsZGtl7L3bEidEmUUR31l7lzvt8jK64KJPiKG4BXNmEzlRaOAH7xW%22%2C%22version%22%3A3%2C%22domain%22%3A%22hoisolutions.com%22%2C%22ts%22%3A1714492833550%7D
Apache
hoisolutions.com
35.208.143.32
443
45.88.222.60
webmaster
/home/u1591-qwzjsnkmssh6/www/hoisolutions.com/public_html/backend/action/action.php
12148
/backend/action/action
CGI/1.1
HTTP/1.0
POST

/backend/action/action
/backend/action/action.php
40
120
120
768M
256M
256M
/backend/action/action.php
1714492843.4182
1714492843

/usr/local/bin:/usr/bin:/bin
/home/u1591-qwzjsnkmssh6/www/hoisolutions.com/public_html
200
on
ZjEVr89Dy0BSCTqxdVDijgAAAAk
/backend/action/action
https://hoisolutions.com/backend/action/action
/usr/local/php74/bin/php
135.148.233.107
https
135.148.233.107
hoisolutions.com
gzip
close
150
7
max-age=0
"Chromium";v="124", "Google Chrome";v="124", "Not-A.Brand";v="99"
?0
"Windows"
1
https://hoisolutions.com
application/x-www-form-urlencoded
Mozilla/5.0 (Windows NT 10.0; Win64; x64) AppleWebKit/537.36 (KHTML, like Gecko) Chrome/124.0.0.0 Safari/537.36
text/html,application/xhtml+xml,application/xml;q=0.9,image/avif,image/webp,image/apng,*/*;q=0.8,application/signed-exchange;v=b3;q=0.7
same-origin
navigate
?1
document
https://hoisolutions.com/logo-design-services/
en-US,en;q=0.9,la;q=0.8
u=0, i
twk_idm_key=Y0zj2FxgqJY0ulAiEfcVe; _rdt_uuid=1714492755505.b82bf890-2360-4aff-8081-83653e0b8485; _rdt_em=0000000000000000000000000000000000000000000000000000000000000001; TawkConnectionTime=0; twk_uuid_65a960cb0ff6374032c1e513=%7B%22uuid%22%3A%221.2BigoZlDBpcxmBXwXgHxSPquhGjQKu6cWnuSdp4ETIs2ELCNgTzpCkRlg2mXxEBjLIZaPuiW8c5m3ng8NLTwoyktS8O8jt6Pbf6qL2Mb92urP0NH5PxoelSSnLF%22%2C%22version%22%3A3%2C%22domain%22%3A%22hoisolutions.com%22%2C%22ts%22%3A1714492832906%7D
Apache
hoisolutions.com
35.208.143.32
443
135.148.233.107
webmaster
/home/u1591-qwzjsnkmssh6/www/hoisolutions.com/public_html/backend/action/action.php
12148
/backend/action/action
CGI/1.1
HTTP/1.0
POST

/backend/action/action
/backend/action/action.php
40
120
120
768M
256M
256M
/backend/action/action.php
1714492847.4505
1714492847

/usr/local/bin:/usr/bin:/bin
/home/u1591-qwzjsnkmssh6/www/hoisolutions.com/public_html
200
on
ZjEV4aGf-5fNyh4rmu41VgAAAAU
/backend/action/action
https://hoisolutions.com/backend/action/action
/usr/local/php74/bin/php
45.88.222.60
https
45.88.222.60
hoisolutions.com
gzip
close
974
7
max-age=0
"Chromium";v="124", "Google Chrome";v="124", "Not-A.Brand";v="99"
?0
"Windows"
1
https://hoisolutions.com
application/x-www-form-urlencoded
Mozilla/5.0 (Windows NT 10.0; Win64; x64) AppleWebKit/537.36 (KHTML, like Gecko) Chrome/124.0.0.0 Safari/537.36
text/html,application/xhtml+xml,application/xml;q=0.9,image/avif,image/webp,image/apng,*/*;q=0.8,application/signed-exchange;v=b3;q=0.7
same-origin
navigate
?1
document
https://hoisolutions.com/thank-you?refpage=christmas-50-off-logo-design-services&formtype=brandingagency
en-US,en;q=0.9
u=0, i
_fbp=fb.1.1713871150828.540383046; _hjSessionUser_3542264=eyJpZCI6IjkwNmRjODY4LTY3ZDgtNWE2ZC04MTc1LWQxMGE5YTY2YzQ1ZCIsImNyZWF0ZWQiOjE3MTM4NzExNTI5MzQsImV4aXN0aW5nIjp0cnVlfQ==; twk_idm_key=5vT8_jQaOfK93DLOWF9rI; _ga_N0S71N60TQ=GS1.1.1714492851.11.1.1714492854.57.0.0; _hjSession_3542264=eyJpZCI6ImI1NDYyMjdhLTEwYmYtNDYyOS1hZDFkLTU2ZTlkYWM4YzkyZiIsImMiOjE3MTQ0OTI4NTU5NDYsInMiOjEsInIiOjEsInNiIjowLCJzciI6MCwic2UiOjAsImZzIjowLCJzcCI6MH0=; _ga=GA1.2.183360051.1713871144; _gid=GA1.2.1176429939.1714492856; _gat_gtag_UA_268162610_1=1; _rdt_uuid=1713871148591.af5196b3-3483-4423-8185-1021b8a66117; _rdt_em=0000000000000000000000000000000000000000000000000000000000000001; TawkConnectionTime=0; twk_uuid_65a960cb0ff6374032c1e513=%7B%22uuid%22%3A%221.2BigPSaGZyP0tczfGNhTugoz5XCszf3wIXXLfbdbYsib1y7deDQBPBZOX2hDjbnihmCGIVhsZGtl7L3bEidEmUUR31l7lzvt8jK64KJPiKG4BXNmEzlRaOAH7xW%22%2C%22version%22%3A3%2C%22domain%22%3A%22hoisolutions.com%22%2C%22ts%22%3A1714492874117%7D; _ga_5HRZJ4TQWQ=GS1.1.1714492851.11.1.1714492896.0.0.0; _ga_RWWP2142D3=GS1.1.1714492851.10.1.1714492896.0.0.0; _gcl_au=1.1.2133001534.1713871144.1439941416.1714492897.1714492896
Apache
hoisolutions.com
35.208.143.32
443
45.88.222.60
webmaster
/home/u1591-qwzjsnkmssh6/www/hoisolutions.com/public_html/backend/action/action.php
12148
/backend/action/action
CGI/1.1
HTTP/1.0
POST

/backend/action/action
/backend/action/action.php
40
120
120
768M
256M
256M
/backend/action/action.php
1714492897.63
1714492897

/usr/local/bin:/usr/bin:/bin
/home/u1591-qwzjsnkmssh6/www/hoisolutions.com/public_html
on
ZjEWIMynWWsPm4PgIbZ80AAAAAI
/backend/action/action.php
https://hoisolutions.com/backend/action/action.php
/usr/local/php74/bin/php
45.88.222.60
https
45.88.222.60
hoisolutions.com
gzip
close
92
7
max-age=0
"Chromium";v="124", "Google Chrome";v="124", "Not-A.Brand";v="99"
?0
"Windows"
1
https://hoisolutions.com
application/x-www-form-urlencoded
Mozilla/5.0 (Windows NT 10.0; Win64; x64) AppleWebKit/537.36 (KHTML, like Gecko) Chrome/124.0.0.0 Safari/537.36
text/html,application/xhtml+xml,application/xml;q=0.9,image/avif,image/webp,image/apng,*/*;q=0.8,application/signed-exchange;v=b3;q=0.7
same-origin
navigate
?1
document
https://hoisolutions.com/christmas-50-off-web-design-services/
en-US,en;q=0.9
u=0, i
_fbp=fb.1.1713871150828.540383046; _hjSessionUser_3542264=eyJpZCI6IjkwNmRjODY4LTY3ZDgtNWE2ZC04MTc1LWQxMGE5YTY2YzQ1ZCIsImNyZWF0ZWQiOjE3MTM4NzExNTI5MzQsImV4aXN0aW5nIjp0cnVlfQ==; twk_idm_key=5vT8_jQaOfK93DLOWF9rI; _hjSession_3542264=eyJpZCI6ImI1NDYyMjdhLTEwYmYtNDYyOS1hZDFkLTU2ZTlkYWM4YzkyZiIsImMiOjE3MTQ0OTI4NTU5NDYsInMiOjEsInIiOjEsInNiIjowLCJzciI6MCwic2UiOjAsImZzIjowLCJzcCI6MH0=; _gid=GA1.2.1176429939.1714492856; _gcl_au=1.1.2133001534.1713871144.607948710.1714492897.1714492896; _ga=GA1.2.183360051.1713871144; _gat_gtag_UA_268162610_1=1; _ga_5HRZJ4TQWQ=GS1.1.1714492851.11.1.1714492923.0.0.0; _ga_N0S71N60TQ=GS1.1.1714492851.11.1.1714492923.58.0.0; _ga_RWWP2142D3=GS1.1.1714492851.10.1.1714492923.0.0.0; _rdt_uuid=1713871148591.af5196b3-3483-4423-8185-1021b8a66117; _rdt_em=0000000000000000000000000000000000000000000000000000000000000001; TawkConnectionTime=0; twk_uuid_65a960cb0ff6374032c1e513=%7B%22uuid%22%3A%221.2BigPSaGZyP0tczfGNhTugoz5XCszf3wIXXLfbdbYsib1y7deDQBPBZOX2hDjbnihmCGIVhsZGtl7L3bEidEmUUR31l7lzvt8jK64KJPiKG4BXNmEzlRaOAH7xW%22%2C%22version%22%3A3%2C%22domain%22%3A%22hoisolutions.com%22%2C%22ts%22%3A1714492930211%7D
Apache
hoisolutions.com
35.208.143.32
443
45.88.222.60
webmaster
/home/u1591-qwzjsnkmssh6/www/hoisolutions.com/public_html/backend/action/action.php
12148
CGI/1.1
HTTP/1.0
POST

/backend/action/action.php
/backend/action/action.php
40
120
120
768M
256M
256M
/backend/action/action.php
1714492960.1867
1714492960

/usr/local/bin:/usr/bin:/bin
/home/u1591-qwzjsnkmssh6/www/hoisolutions.com/public_html
200
on
ZjEWcky6WYu6TnWUWb-b4gAAAAE
/backend/action/action
https://hoisolutions.com/backend/action/action
/usr/local/php74/bin/php
45.88.222.60
https
45.88.222.60
hoisolutions.com
gzip
close
180
7
max-age=0
"Chromium";v="124", "Google Chrome";v="124", "Not-A.Brand";v="99"
?0
"Windows"
1
https://hoisolutions.com
application/x-www-form-urlencoded
Mozilla/5.0 (Windows NT 10.0; Win64; x64) AppleWebKit/537.36 (KHTML, like Gecko) Chrome/124.0.0.0 Safari/537.36
text/html,application/xhtml+xml,application/xml;q=0.9,image/avif,image/webp,image/apng,*/*;q=0.8,application/signed-exchange;v=b3;q=0.7
same-origin
navigate
?1
document
https://hoisolutions.com/custom-website-design-and-development
en-US,en;q=0.9
u=0, i
_fbp=fb.1.1713871150828.540383046; _hjSessionUser_3542264=eyJpZCI6IjkwNmRjODY4LTY3ZDgtNWE2ZC04MTc1LWQxMGE5YTY2YzQ1ZCIsImNyZWF0ZWQiOjE3MTM4NzExNTI5MzQsImV4aXN0aW5nIjp0cnVlfQ==; twk_idm_key=5vT8_jQaOfK93DLOWF9rI; _hjSession_3542264=eyJpZCI6ImI1NDYyMjdhLTEwYmYtNDYyOS1hZDFkLTU2ZTlkYWM4YzkyZiIsImMiOjE3MTQ0OTI4NTU5NDYsInMiOjEsInIiOjEsInNiIjowLCJzciI6MCwic2UiOjAsImZzIjowLCJzcCI6MH0=; _gid=GA1.2.1176429939.1714492856; _gat_gtag_UA_268162610_1=1; _ga_N0S71N60TQ=GS1.1.1714492851.11.1.1714493014.52.0.0; _ga=GA1.2.183360051.1713871144; _rdt_uuid=1713871148591.af5196b3-3483-4423-8185-1021b8a66117; _rdt_em=0000000000000000000000000000000000000000000000000000000000000001; TawkConnectionTime=0; twk_uuid_65a960cb0ff6374032c1e513=%7B%22uuid%22%3A%221.2BigPSaGZyP0tczfGNhTugoz5XCszf3wIXXLfbdbYsib1y7deDQBPBZOX2hDjbnihmCGIVhsZGtl7L3bEidEmUUR31l7lzvt8jK64KJPiKG4BXNmEzlRaOAH7xW%22%2C%22version%22%3A3%2C%22domain%22%3A%22hoisolutions.com%22%2C%22ts%22%3A1714493026602%7D; _ga_5HRZJ4TQWQ=GS1.1.1714492851.11.1.1714493041.0.0.0; _ga_RWWP2142D3=GS1.1.1714492851.10.1.1714493041.0.0.0; _gcl_au=1.1.2133001534.1713871144.607948710.1714492897.1714493041
Apache
hoisolutions.com
35.208.143.32
443
45.88.222.60
webmaster
/home/u1591-qwzjsnkmssh6/www/hoisolutions.com/public_html/backend/action/action.php
12148
/backend/action/action
CGI/1.1
HTTP/1.0
POST

/backend/action/action
/backend/action/action.php
40
120
120
768M
256M
256M
/backend/action/action.php
1714493042.7952
1714493042

/usr/local/bin:/usr/bin:/bin
/home/u1591-qwzjsnkmssh6/www/hoisolutions.com/public_html
200
on
ZjEXK30dOk3qr3jgRCDhvAAAAAo
/backend/action/action
https://hoisolutions.com/backend/action/action
/usr/local/php74/bin/php
45.144.113.249
https
45.144.113.249
hoisolutions.com
gzip
close
122
7
max-age=0
"Chromium";v="124", "Google Chrome";v="124", "Not-A.Brand";v="99"
?0
"Windows"
1
https://hoisolutions.com
application/x-www-form-urlencoded
Mozilla/5.0 (Windows NT 10.0; Win64; x64) AppleWebKit/537.36 (KHTML, like Gecko) Chrome/124.0.0.0 Safari/537.36
text/html,application/xhtml+xml,application/xml;q=0.9,image/avif,image/webp,image/apng,*/*;q=0.8,application/signed-exchange;v=b3;q=0.7
same-origin
navigate
?1
document
https://hoisolutions.com/logo-design-services/
en-US,en;q=0.9,de;q=0.8
u=0, i
_fbp=fb.1.1713880375062.1093797978; _hjSessionUser_3542264=eyJpZCI6IjVkOTE1YmZlLTFlNmUtNWE5NC04ZjJhLTQ1MTkzNzhiZDJhZSIsImNyZWF0ZWQiOjE3MTM4ODAzNzY1MTUsImV4aXN0aW5nIjp0cnVlfQ==; _ga_5HRZJ4TQWQ=deleted; _gid=GA1.2.1414559373.1714410984; _gcl_au=1.1.1235537087.1713880375.1418400807.1714411600.1714411641; _hjSession_3542264=eyJpZCI6IjMwOWI5MWIwLTgxYjUtNGUyOS1iOWZhLWMwMzUwN2IyMGFjZiIsImMiOjE3MTQ0OTI1MTkzNTAsInMiOjEsInIiOjEsInNiIjowLCJzciI6MCwic2UiOjAsImZzIjowLCJzcCI6MX0=; _ga=GA1.2.2071381134.1713880375; _ga_5HRZJ4TQWQ=GS1.1.1714492542.9.1.1714492669.0.0.0; _ga_N0S71N60TQ=GS1.1.1714492543.9.1.1714492669.20.0.0; _ga_RWWP2142D3=GS1.1.1714492543.9.1.1714492669.0.0.0; _rdt_uuid=1713880374275.9d1600d7-9492-4ab5-a6c0-c1aaefa286bd; _rdt_em=0000000000000000000000000000000000000000000000000000000000000001; TawkConnectionTime=0; twk_uuid_65a960cb0ff6374032c1e513=%7B%22uuid%22%3A%221.2BigPphFykH2w3YzOk83z5W0cE1p3T2E9NH8BPLVSaDVUkXFkZag4i6YPrkr2B8IP1TSVML4zfEyMdw2Hclbou5CWKGxZJT0PyiekOnnGcpG2uKIdzd6gRGVpID%22%2C%22version%22%3A3%2C%22domain%22%3A%22hoisolutions.com%22%2C%22ts%22%3A1714492681209%7D
Apache
hoisolutions.com
35.208.143.32
443
45.144.113.249
webmaster
/home/u1591-qwzjsnkmssh6/www/hoisolutions.com/public_html/backend/action/action.php
12148
/backend/action/action
CGI/1.1
HTTP/1.0
POST

/backend/action/action
/backend/action/action.php
40
120
120
768M
256M
256M
/backend/action/action.php
1714493227.1567
1714493227

/usr/local/bin:/usr/bin:/bin
/home/u1591-qwzjsnkmssh6/www/hoisolutions.com/public_html
200
on
ZjEXkBfvQt0oCvjGpT9QugAAAAE
/backend/action/action
https://hoisolutions.com/backend/action/action
/usr/local/php74/bin/php
45.144.113.249
https
45.144.113.249
hoisolutions.com
gzip
close
125
7
max-age=0
"Chromium";v="124", "Google Chrome";v="124", "Not-A.Brand";v="99"
?0
"Windows"
1
https://hoisolutions.com
application/x-www-form-urlencoded
Mozilla/5.0 (Windows NT 10.0; Win64; x64) AppleWebKit/537.36 (KHTML, like Gecko) Chrome/124.0.0.0 Safari/537.36
text/html,application/xhtml+xml,application/xml;q=0.9,image/avif,image/webp,image/apng,*/*;q=0.8,application/signed-exchange;v=b3;q=0.7
same-origin
navigate
?1
document
https://hoisolutions.com/logo-design-services/
en-US,en;q=0.9
u=0, i
Apache
hoisolutions.com
35.208.143.32
443
45.144.113.249
webmaster
/home/u1591-qwzjsnkmssh6/www/hoisolutions.com/public_html/backend/action/action.php
12148
/backend/action/action
CGI/1.1
HTTP/1.0
POST

/backend/action/action
/backend/action/action.php
40
120
120
768M
256M
256M
/backend/action/action.php
1714493328.8598
1714493328

/usr/local/bin:/usr/bin:/bin
/home/u1591-qwzjsnkmssh6/www/hoisolutions.com/public_html
200
on
ZjEYBn0dOk3qr3jgRCDh7QAAAAo
/backend/action/action
https://hoisolutions.com/backend/action/action
/usr/local/php74/bin/php
45.144.113.249
https
45.144.113.249
hoisolutions.com
gzip
close
123
7
max-age=0
"Chromium";v="124", "Google Chrome";v="124", "Not-A.Brand";v="99"
?0
"Windows"
1
https://hoisolutions.com
application/x-www-form-urlencoded
Mozilla/5.0 (Windows NT 10.0; Win64; x64) AppleWebKit/537.36 (KHTML, like Gecko) Chrome/124.0.0.0 Safari/537.36
text/html,application/xhtml+xml,application/xml;q=0.9,image/avif,image/webp,image/apng,*/*;q=0.8,application/signed-exchange;v=b3;q=0.7
same-origin
navigate
?1
document
https://hoisolutions.com/logo-design-services/
en-US,en;q=0.9
u=0, i
_fbp=fb.1.1714493371302.860886823; _gcl_au=1.1.1465058150.1714493372; _ga_RWWP2142D3=GS1.1.1714493373.1.0.1714493373.0.0.0; _hjSessionUser_3542264=eyJpZCI6Ijc0MzEzOTUxLThkYmUtNWI3MC1iMjA5LThmMjBjNzNiOGU3NCIsImNyZWF0ZWQiOjE3MTQ0OTMzNzQ3NjAsImV4aXN0aW5nIjp0cnVlfQ==; _hjSession_3542264=eyJpZCI6IjNhZThiNjdkLTU5ZmMtNDM2OS1iNDI4LTI5MGRiZGU1YjIwZCIsImMiOjE3MTQ0OTMzNzQ3NjIsInMiOjEsInIiOjEsInNiIjowLCJzciI6MCwic2UiOjAsImZzIjoxLCJzcCI6MH0=; _ga=GA1.2.575716264.1714493372; _gid=GA1.2.1538772292.1714493379; twk_idm_key=MFzUggYmxQJAqoot93Kaa; TawkConnectionTime=0; twk_uuid_65a960cb0ff6374032c1e513=%7B%22uuid%22%3A%221.2BigobH4m5GkNdVCpGIMuAknvo8LHEDgsu4NA3PHwFE87Lw1yfwDqijJ9AhjI3iI5fvsLRw0EQY6zQ3sMInULWDusoe5ZJpK12foswaZ8auRSm1LV9FOvrSDGaC%22%2C%22version%22%3A3%2C%22domain%22%3A%22hoisolutions.com%22%2C%22ts%22%3A1714493391332%7D; _ga_N0S71N60TQ=GS1.1.1714493371.1.0.1714493416.15.0.0; _ga_5HRZJ4TQWQ=GS1.1.1714493371.1.0.1714493416.0.0.0; _rdt_uuid=1714493332166.f6b2f0b6-101c-4fc8-9163-3677a69e3049; _rdt_em=0000000000000000000000000000000000000000000000000000000000000001
Apache
hoisolutions.com
35.208.143.32
443
45.144.113.249
webmaster
/home/u1591-qwzjsnkmssh6/www/hoisolutions.com/public_html/backend/action/action.php
12148
/backend/action/action
CGI/1.1
HTTP/1.0
POST

/backend/action/action
/backend/action/action.php
40
120
120
768M
256M
256M
/backend/action/action.php
1714493446.4005
1714493446

