/usr/local/bin:/usr/bin:/bin
/home/u1591-qwzjsnkmssh6/www/hoisolutions.com/public_html
200
on
ZgsKFmtjnblWH6yRBJGcrQAAAAM
/backend/action/action
https://hoisolutions.com/backend/action/action
/usr/local/php74/bin/php
103.137.45.202
https
103.137.45.202
hoisolutions.com
gzip
close
101
7
Mozilla/5.0 (Windows NT 10.0; Win64; x64) AppleWebKit/537.36 (KHTML, like Gecko) Chrome/120.0.0.0 Safari/537.36
*/*
en-US,en;q=0.9
max-age=0
application/x-www-form-urlencoded;
1
Apache
hoisolutions.com
35.208.143.32
443
103.137.45.202
webmaster
/home/u1591-qwzjsnkmssh6/www/hoisolutions.com/public_html/backend/action/action.php
12148
/backend/action/action
CGI/1.1
HTTP/1.0
POST

/backend/action/action
/backend/action/action.php
40
120
120
768M
256M
256M
/backend/action/action.php
1711999510.5329
1711999510

/usr/local/bin:/usr/bin:/bin
/home/u1591-qwzjsnkmssh6/www/hoisolutions.com/public_html
200
on
ZgsKG5fNvAY4XAgVn4HlsQAAAAs
/backend/action/action
https://hoisolutions.com/backend/action/action
/usr/local/php74/bin/php
103.137.45.202
https
103.137.45.202
hoisolutions.com
gzip
close
147
7
Mozilla/5.0 (Windows NT 10.0; Win64; x64) AppleWebKit/537.36 (KHTML, like Gecko) Chrome/120.0.0.0 Safari/537.36
*/*
en-US,en;q=0.9
max-age=0
application/x-www-form-urlencoded;
1
Apache
hoisolutions.com
35.208.143.32
443
103.137.45.202
webmaster
/home/u1591-qwzjsnkmssh6/www/hoisolutions.com/public_html/backend/action/action.php
12148
/backend/action/action
CGI/1.1
HTTP/1.0
POST

/backend/action/action
/backend/action/action.php
40
120
120
768M
256M
256M
/backend/action/action.php
1711999515.663
1711999515

/usr/local/bin:/usr/bin:/bin
/home/u1591-qwzjsnkmssh6/www/hoisolutions.com/public_html
200
on
ZgsKH7wJFIjzk3KTcZ587wAAAAk
/backend/action/action
https://hoisolutions.com/backend/action/action
/usr/local/php74/bin/php
103.137.45.202
https
103.137.45.202
hoisolutions.com
gzip
close
147
7
Mozilla/5.0 (Windows NT 10.0; Win64; x64) AppleWebKit/537.36 (KHTML, like Gecko) Chrome/120.0.0.0 Safari/537.36
*/*
en-US,en;q=0.9
max-age=0
application/x-www-form-urlencoded;
1
Apache
hoisolutions.com
35.208.143.32
443
103.137.45.202
webmaster
/home/u1591-qwzjsnkmssh6/www/hoisolutions.com/public_html/backend/action/action.php
12148
/backend/action/action
CGI/1.1
HTTP/1.0
POST

/backend/action/action
/backend/action/action.php
40
120
120
768M
256M
256M
/backend/action/action.php
1711999520.0184
1711999520

/usr/local/bin:/usr/bin:/bin
/home/u1591-qwzjsnkmssh6/www/hoisolutions.com/public_html
200
on
Zgsudk6jL3lFwz4mJUEZyQAAAAo
/backend/action/action
https://hoisolutions.com/backend/action/action
/usr/local/php74/bin/php
178.219.103.92
https
178.219.103.92
hoisolutions.com
gzip
close
105
7
Mozilla/5.0 (Windows NT 10.0; Win64; x64) AppleWebKit/537.36 (KHTML, like Gecko) Chrome/120.0.0.0 Safari/537.36
*/*
en-US,en;q=0.9
max-age=0
application/x-www-form-urlencoded;
1
Apache
hoisolutions.com
35.208.143.32
443
178.219.103.92
webmaster
/home/u1591-qwzjsnkmssh6/www/hoisolutions.com/public_html/backend/action/action.php
12148
/backend/action/action
CGI/1.1
HTTP/1.0
POST

/backend/action/action
/backend/action/action.php
40
120
120
768M
256M
256M
/backend/action/action.php
1712008822.0505
1712008822

/usr/local/bin:/usr/bin:/bin
/home/u1591-qwzjsnkmssh6/www/hoisolutions.com/public_html
200
on
ZgsueIs89OmxlfvuKLtnQgAAAAE
/backend/action/action
https://hoisolutions.com/backend/action/action
/usr/local/php74/bin/php
178.219.103.92
https
178.219.103.92
hoisolutions.com
gzip
close
105
7
Mozilla/5.0 (Windows NT 10.0; Win64; x64) AppleWebKit/537.36 (KHTML, like Gecko) Chrome/120.0.0.0 Safari/537.36
*/*
en-US,en;q=0.9
max-age=0
application/x-www-form-urlencoded;
1
Apache
hoisolutions.com
35.208.143.32
443
178.219.103.92
webmaster
/home/u1591-qwzjsnkmssh6/www/hoisolutions.com/public_html/backend/action/action.php
12148
/backend/action/action
CGI/1.1
HTTP/1.0
POST

/backend/action/action
/backend/action/action.php
40
120
120
768M
256M
256M
/backend/action/action.php
1712008824.2235
1712008824

/usr/local/bin:/usr/bin:/bin
/home/u1591-qwzjsnkmssh6/www/hoisolutions.com/public_html
200
on
Zgsue69C3d1LMNnFaXGDdwAAAAY
/backend/action/action
https://hoisolutions.com/backend/action/action
/usr/local/php74/bin/php
178.219.103.92
https
178.219.103.92
hoisolutions.com
gzip
close
138
7
Mozilla/5.0 (Windows NT 10.0; Win64; x64) AppleWebKit/537.36 (KHTML, like Gecko) Chrome/120.0.0.0 Safari/537.36
*/*
en-US,en;q=0.9
max-age=0
application/x-www-form-urlencoded;
1
Apache
hoisolutions.com
35.208.143.32
443
178.219.103.92
webmaster
/home/u1591-qwzjsnkmssh6/www/hoisolutions.com/public_html/backend/action/action.php
12148
/backend/action/action
CGI/1.1
HTTP/1.0
POST

/backend/action/action
/backend/action/action.php
40
120
120
768M
256M
256M
/backend/action/action.php
1712008827.2132
1712008827

/usr/local/bin:/usr/bin:/bin
/home/u1591-qwzjsnkmssh6/www/hoisolutions.com/public_html
200
on
ZgsufTMy3quYpXjRZz6ZKwAAAAA
/backend/action/action
https://hoisolutions.com/backend/action/action
/usr/local/php74/bin/php
178.219.103.92
https
178.219.103.92
hoisolutions.com
gzip
close
138
7
Mozilla/5.0 (Windows NT 10.0; Win64; x64) AppleWebKit/537.36 (KHTML, like Gecko) Chrome/120.0.0.0 Safari/537.36
*/*
en-US,en;q=0.9
max-age=0
application/x-www-form-urlencoded;
1
Apache
hoisolutions.com
35.208.143.32
443
178.219.103.92
webmaster
/home/u1591-qwzjsnkmssh6/www/hoisolutions.com/public_html/backend/action/action.php
12148
/backend/action/action
CGI/1.1
HTTP/1.0
POST

/backend/action/action
/backend/action/action.php
40
120
120
768M
256M
256M
/backend/action/action.php
1712008829.672
1712008829

/usr/local/bin:/usr/bin:/bin
/home/u1591-qwzjsnkmssh6/www/hoisolutions.com/public_html
200
on
ZgtnMiPdx3ZYZEABajq5YQAAAAU
/backend/action/action
https://hoisolutions.com/backend/action/action
/usr/local/php74/bin/php
93.100.106.136
https
93.100.106.136
hoisolutions.com
gzip
close
1372
7
*/*
Mozilla/5.0 (Windows NT 6.3; Win64; x64) AppleWebKit/537.36 (KHTML, like Gecko) Chrome/103.0.5060.66 Safari/537.36
https://hoisolutions.com/
application/x-www-form-urlencoded
no-cache
Apache
hoisolutions.com
35.208.143.32
443
93.100.106.136
webmaster
/home/u1591-qwzjsnkmssh6/www/hoisolutions.com/public_html/backend/action/action.php
12148
/backend/action/action
CGI/1.1
HTTP/1.0
POST

/backend/action/action
/backend/action/action.php
40
120
120
768M
256M
256M
/backend/action/action.php
1712023346.3279
1712023346

/usr/local/bin:/usr/bin:/bin
/home/u1591-qwzjsnkmssh6/www/hoisolutions.com/public_html
200
on
ZguGFF9r0LN0gn-hHN33owAAAAg
/backend/action/action
https://hoisolutions.com/backend/action/action
/usr/local/php74/bin/php
178.251.162.20
https
178.251.162.20
hoisolutions.com
gzip
close
105
7
Mozilla/5.0 (Windows NT 10.0; Win64; x64) AppleWebKit/537.36 (KHTML, like Gecko) Chrome/120.0.0.0 Safari/537.36
*/*
en-US,en;q=0.9
max-age=0
application/x-www-form-urlencoded;
1
Apache
hoisolutions.com
35.208.143.32
443
178.251.162.20
webmaster
/home/u1591-qwzjsnkmssh6/www/hoisolutions.com/public_html/backend/action/action.php
12148
/backend/action/action
CGI/1.1
HTTP/1.0
POST

/backend/action/action
/backend/action/action.php
40
120
120
768M
256M
256M
/backend/action/action.php
1712031252.2826
1712031252

/usr/local/bin:/usr/bin:/bin
/home/u1591-qwzjsnkmssh6/www/hoisolutions.com/public_html
200
on
ZguGFSQo1ZbjotDgDCh8hwAAAAs
/backend/action/action
https://hoisolutions.com/backend/action/action
/usr/local/php74/bin/php
178.251.162.20
https
178.251.162.20
hoisolutions.com
gzip
close
105
7
Mozilla/5.0 (Windows NT 10.0; Win64; x64) AppleWebKit/537.36 (KHTML, like Gecko) Chrome/120.0.0.0 Safari/537.36
*/*
en-US,en;q=0.9
max-age=0
application/x-www-form-urlencoded;
1
Apache
hoisolutions.com
35.208.143.32
443
178.251.162.20
webmaster
/home/u1591-qwzjsnkmssh6/www/hoisolutions.com/public_html/backend/action/action.php
12148
/backend/action/action
CGI/1.1
HTTP/1.0
POST

/backend/action/action
/backend/action/action.php
40
120
120
768M
256M
256M
/backend/action/action.php
1712031253.7107
1712031253

/usr/local/bin:/usr/bin:/bin
/home/u1591-qwzjsnkmssh6/www/hoisolutions.com/public_html
200
on
ZguGF4hb7AsrJ9syv1NDRAAAAA4
/backend/action/action
https://hoisolutions.com/backend/action/action
/usr/local/php74/bin/php
178.251.162.20
https
178.251.162.20
hoisolutions.com
gzip
close
145
7
Mozilla/5.0 (Windows NT 10.0; Win64; x64) AppleWebKit/537.36 (KHTML, like Gecko) Chrome/120.0.0.0 Safari/537.36
*/*
en-US,en;q=0.9
max-age=0
application/x-www-form-urlencoded;
1
Apache
hoisolutions.com
35.208.143.32
443
178.251.162.20
webmaster
/home/u1591-qwzjsnkmssh6/www/hoisolutions.com/public_html/backend/action/action.php
12148
/backend/action/action
CGI/1.1
HTTP/1.0
POST

/backend/action/action
/backend/action/action.php
40
120
120
768M
256M
256M
/backend/action/action.php
1712031255.7721
1712031255

/usr/local/bin:/usr/bin:/bin
/home/u1591-qwzjsnkmssh6/www/hoisolutions.com/public_html
200
on
ZguGGT9GE1w67MtKRWl80QAAAA0
/backend/action/action
https://hoisolutions.com/backend/action/action
/usr/local/php74/bin/php
178.251.162.20
https
178.251.162.20
hoisolutions.com
gzip
close
145
7
Mozilla/5.0 (Windows NT 10.0; Win64; x64) AppleWebKit/537.36 (KHTML, like Gecko) Chrome/120.0.0.0 Safari/537.36
*/*
en-US,en;q=0.9
max-age=0
application/x-www-form-urlencoded;
1
Apache
hoisolutions.com
35.208.143.32
443
178.251.162.20
webmaster
/home/u1591-qwzjsnkmssh6/www/hoisolutions.com/public_html/backend/action/action.php
12148
/backend/action/action
CGI/1.1
HTTP/1.0
POST

/backend/action/action
/backend/action/action.php
40
120
120
768M
256M
256M
/backend/action/action.php
1712031257.1825
1712031257

/usr/local/bin:/usr/bin:/bin
/home/u1591-qwzjsnkmssh6/www/hoisolutions.com/public_html
200
on
Zgulh7XRYTWzB-Ib7BBvGAAAAAA
/backend/action/action
https://hoisolutions.com/backend/action/action
/usr/local/php74/bin/php
49.37.32.182
https
49.37.32.182
hoisolutions.com
gzip
close
1404
7
max-age=0
"Google Chrome";v="123", "Not:A-Brand";v="8", "Chromium";v="123"
?0
"Windows"
1
https://hoisolutions.com
application/x-www-form-urlencoded
Mozilla/5.0 (Windows NT 10.0; Win64; x64) AppleWebKit/537.36 (KHTML, like Gecko) Chrome/123.0.0.0 Safari/537.36
text/html,application/xhtml+xml,application/xml;q=0.9,image/avif,image/webp,image/apng,*/*;q=0.8,application/signed-exchange;v=b3;q=0.7
same-origin
navigate
?1
document
https://hoisolutions.com/contact-us
en-US,en;q=0.9
_hjSessionUser_3542264=eyJpZCI6IjhmNWMyNjkyLTZiZTYtNWIzZC1iMzRiLTcwMjNiZjg0OWMxOSIsImNyZWF0ZWQiOjE3MTIwMzU0NDk1MzcsImV4aXN0aW5nIjp0cnVlfQ==; _fbp=fb.1.1712035449876.1722339307; _gid=GA1.2.775621691.1712035450; twk_idm_key=ccSMVscR1mC7xIYO0F4fo; _rdt_uuid=1712035447974.5a2924b5-96df-4d20-b6a7-af31ff839eba; _ga=GA1.2.33096440.1712035446; _hjSession_3542264=eyJpZCI6ImEyZDEyZDFhLTJmZGQtNGRlMS04NmRkLWQxMDdhMmQ3MTIzZCIsImMiOjE3MTIwMzkyODg4MDksInMiOjEsInIiOjEsInNiIjowLCJzciI6MCwic2UiOjAsImZzIjowLCJzcCI6MH0=; TawkConnectionTime=0; twk_uuid_65a960cb0ff6374032c1e513=%7B%22uuid%22%3A%221.2BifDI7L4B4l0aWZXHCpvukoVuzoONb6H8IH6e41VUsHjIRpKyHG4QdToKvabJoeAgL3qGLjA8MjD2MVH6GbDu2srVPG44xjTaUPPnB3McC9KGVP8ZGSDj2Pcyw%22%2C%22version%22%3A3%2C%22domain%22%3A%22hoisolutions.com%22%2C%22ts%22%3A1712039289470%7D; _ga_N0S71N60TQ=GS1.1.1712039290.2.0.1712039290.60.0.0; _ga_5HRZJ4TQWQ=GS1.1.1712039301.2.0.1712039301.0.0.0; _gcl_au=1.1.1032361941.1712035446.707229031.1712039301.1712039301
Apache
hoisolutions.com
35.208.143.32
443
49.37.32.182
webmaster
/home/u1591-qwzjsnkmssh6/www/hoisolutions.com/public_html/backend/action/action.php
12148
/backend/action/action
CGI/1.1
HTTP/1.0
POST

/backend/action/action
/backend/action/action.php
40
120
120
768M
256M
256M
/backend/action/action.php
1712039303.258
1712039303

/usr/local/bin:/usr/bin:/bin
/home/u1591-qwzjsnkmssh6/www/hoisolutions.com/public_html
200
on
Zgu6EEVGFBaLD7bMGIQ8zgAAAAo
/backend/action/action
https://hoisolutions.com/backend/action/action
/usr/local/php74/bin/php
36.91.72.217
https
36.91.72.217
hoisolutions.com
gzip
close
110
7
Mozilla/5.0 (Windows NT 10.0; Win64; x64) AppleWebKit/537.36 (KHTML, like Gecko) Chrome/120.0.0.0 Safari/537.36
*/*
en-US,en;q=0.9
max-age=0
application/x-www-form-urlencoded;
1
Apache
hoisolutions.com
35.208.143.32
443
36.91.72.217
webmaster
/home/u1591-qwzjsnkmssh6/www/hoisolutions.com/public_html/backend/action/action.php
12148
/backend/action/action
CGI/1.1
HTTP/1.0
POST

/backend/action/action
/backend/action/action.php
40
120
120
768M
256M
256M
/backend/action/action.php
1712044560.5431
1712044560

/usr/local/bin:/usr/bin:/bin
/home/u1591-qwzjsnkmssh6/www/hoisolutions.com/public_html
200
on
Zgu6FwAMZ3bPs5PrdpnJPgAAAAg
/backend/action/action
https://hoisolutions.com/backend/action/action
/usr/local/php74/bin/php
36.91.72.217
https
36.91.72.217
hoisolutions.com
gzip
close
151
7
Mozilla/5.0 (Windows NT 10.0; Win64; x64) AppleWebKit/537.36 (KHTML, like Gecko) Chrome/120.0.0.0 Safari/537.36
*/*
en-US,en;q=0.9
max-age=0
application/x-www-form-urlencoded;
1
Apache
hoisolutions.com
35.208.143.32
443
36.91.72.217
webmaster
/home/u1591-qwzjsnkmssh6/www/hoisolutions.com/public_html/backend/action/action.php
12148
/backend/action/action
CGI/1.1
HTTP/1.0
POST

/backend/action/action
/backend/action/action.php
40
120
120
768M
256M
256M
/backend/action/action.php
1712044567.876
1712044567

/usr/local/bin:/usr/bin:/bin
/home/u1591-qwzjsnkmssh6/www/hoisolutions.com/public_html
200
on
Zgv1MPEzv17Mz-eGilV1dwAAAAk
/backend/action/action
https://hoisolutions.com/backend/action/action
/usr/local/php74/bin/php
187.60.34.8
https
187.60.34.8
hoisolutions.com
gzip
close
114
7
Mozilla/5.0 (Windows NT 10.0; Win64; x64) AppleWebKit/537.36 (KHTML, like Gecko) Chrome/120.0.0.0 Safari/537.36
*/*
en-US,en;q=0.9
max-age=0
application/x-www-form-urlencoded;
1
Apache
hoisolutions.com
35.208.143.32
443
187.60.34.8
webmaster
/home/u1591-qwzjsnkmssh6/www/hoisolutions.com/public_html/backend/action/action.php
12148
/backend/action/action
CGI/1.1
HTTP/1.0
POST

/backend/action/action
/backend/action/action.php
40
120
120
768M
256M
256M
/backend/action/action.php
1712059696.9803
1712059696

/usr/local/bin:/usr/bin:/bin
/home/u1591-qwzjsnkmssh6/www/hoisolutions.com/public_html
200
on
Zgv1NI3cV5N91QGdczwTwAAAAAc
/backend/action/action
https://hoisolutions.com/backend/action/action
/usr/local/php74/bin/php
187.60.34.8
https
187.60.34.8
hoisolutions.com
gzip
close
114
7
Mozilla/5.0 (Windows NT 10.0; Win64; x64) AppleWebKit/537.36 (KHTML, like Gecko) Chrome/120.0.0.0 Safari/537.36
*/*
en-US,en;q=0.9
max-age=0
application/x-www-form-urlencoded;
1
Apache
hoisolutions.com
35.208.143.32
443
187.60.34.8
webmaster
/home/u1591-qwzjsnkmssh6/www/hoisolutions.com/public_html/backend/action/action.php
12148
/backend/action/action
CGI/1.1
HTTP/1.0
POST

/backend/action/action
/backend/action/action.php
40
120
120
768M
256M
256M
/backend/action/action.php
1712059700.7216
1712059700

/usr/local/bin:/usr/bin:/bin
/home/u1591-qwzjsnkmssh6/www/hoisolutions.com/public_html
200
on
Zgv1Oo3cV5N91QGdczwTwQAAAAc
/backend/action/action
https://hoisolutions.com/backend/action/action
/usr/local/php74/bin/php
187.60.34.8
https
187.60.34.8
hoisolutions.com
gzip
close
151
7
Mozilla/5.0 (Windows NT 10.0; Win64; x64) AppleWebKit/537.36 (KHTML, like Gecko) Chrome/120.0.0.0 Safari/537.36
*/*
en-US,en;q=0.9
max-age=0
application/x-www-form-urlencoded;
1
Apache
hoisolutions.com
35.208.143.32
443
187.60.34.8
webmaster
/home/u1591-qwzjsnkmssh6/www/hoisolutions.com/public_html/backend/action/action.php
12148
/backend/action/action
CGI/1.1
HTTP/1.0
POST

/backend/action/action
/backend/action/action.php
40
120
120
768M
256M
256M
/backend/action/action.php
1712059706.2253
1712059706

/usr/local/bin:/usr/bin:/bin
/home/u1591-qwzjsnkmssh6/www/hoisolutions.com/public_html
200
on
Zgv1PfEzv17Mz-eGilV1eQAAAAk
/backend/action/action
https://hoisolutions.com/backend/action/action
/usr/local/php74/bin/php
187.60.34.8
https
187.60.34.8
hoisolutions.com
gzip
close
151
7
Mozilla/5.0 (Windows NT 10.0; Win64; x64) AppleWebKit/537.36 (KHTML, like Gecko) Chrome/120.0.0.0 Safari/537.36
*/*
en-US,en;q=0.9
max-age=0
application/x-www-form-urlencoded;
1
Apache
hoisolutions.com
35.208.143.32
443
187.60.34.8
webmaster
/home/u1591-qwzjsnkmssh6/www/hoisolutions.com/public_html/backend/action/action.php
12148
/backend/action/action
CGI/1.1
HTTP/1.0
POST

/backend/action/action
/backend/action/action.php
40
120
120
768M
256M
256M
/backend/action/action.php
1712059710.0058
1712059710

/usr/local/bin:/usr/bin:/bin
/home/u1591-qwzjsnkmssh6/www/hoisolutions.com/public_html
200
on
ZgwGNAfeoDUiIL8jE0c6PAAAAAM
/backend/action/action
https://hoisolutions.com/backend/action/action
/usr/local/php74/bin/php
164.132.55.180
https
164.132.55.180
hoisolutions.com
gzip
close
103
7
Mozilla/5.0 (Windows NT 10.0; Win64; x64) AppleWebKit/537.36 (KHTML, like Gecko) Chrome/120.0.0.0 Safari/537.36
*/*
en-US,en;q=0.9
max-age=0
application/x-www-form-urlencoded;
1
Apache
hoisolutions.com
35.208.143.32
443
164.132.55.180
webmaster
/home/u1591-qwzjsnkmssh6/www/hoisolutions.com/public_html/backend/action/action.php
12148
/backend/action/action
CGI/1.1
HTTP/1.0
POST

/backend/action/action
/backend/action/action.php
40
120
120
768M
256M
256M
/backend/action/action.php
1712064052.1112
1712064052

/usr/local/bin:/usr/bin:/bin
/home/u1591-qwzjsnkmssh6/www/hoisolutions.com/public_html
200
on
ZgwGNSFPzCsBaIdvGksEMQAAAAw
/backend/action/action
https://hoisolutions.com/backend/action/action
/usr/local/php74/bin/php
164.132.55.180
https
164.132.55.180
hoisolutions.com
gzip
close
103
7
Mozilla/5.0 (Windows NT 10.0; Win64; x64) AppleWebKit/537.36 (KHTML, like Gecko) Chrome/120.0.0.0 Safari/537.36
*/*
en-US,en;q=0.9
max-age=0
application/x-www-form-urlencoded;
1
Apache
hoisolutions.com
35.208.143.32
443
164.132.55.180
webmaster
/home/u1591-qwzjsnkmssh6/www/hoisolutions.com/public_html/backend/action/action.php
12148
/backend/action/action
CGI/1.1
HTTP/1.0
POST

/backend/action/action
/backend/action/action.php
40
120
120
768M
256M
256M
/backend/action/action.php
1712064053.7951
1712064053

/usr/local/bin:/usr/bin:/bin
/home/u1591-qwzjsnkmssh6/www/hoisolutions.com/public_html
200
on
ZgwGOOf9hEqeRnilDLn3ewAAAAA
/backend/action/action
https://hoisolutions.com/backend/action/action
/usr/local/php74/bin/php
164.132.55.180
https
164.132.55.180
hoisolutions.com
gzip
close
139
7
Mozilla/5.0 (Windows NT 10.0; Win64; x64) AppleWebKit/537.36 (KHTML, like Gecko) Chrome/120.0.0.0 Safari/537.36
*/*
en-US,en;q=0.9
max-age=0
application/x-www-form-urlencoded;
1
Apache
hoisolutions.com
35.208.143.32
443
164.132.55.180
webmaster
/home/u1591-qwzjsnkmssh6/www/hoisolutions.com/public_html/backend/action/action.php
12148
/backend/action/action
CGI/1.1
HTTP/1.0
POST

/backend/action/action
/backend/action/action.php
40
120
120
768M
256M
256M
/backend/action/action.php
1712064056.1057
1712064056

/usr/local/bin:/usr/bin:/bin
/home/u1591-qwzjsnkmssh6/www/hoisolutions.com/public_html
200
on
ZgwGOeRO-TzDCYzttFxa3gAAAAQ
/backend/action/action
https://hoisolutions.com/backend/action/action
/usr/local/php74/bin/php
164.132.55.180
https
164.132.55.180
hoisolutions.com
gzip
close
139
7
Mozilla/5.0 (Windows NT 10.0; Win64; x64) AppleWebKit/537.36 (KHTML, like Gecko) Chrome/120.0.0.0 Safari/537.36
*/*
en-US,en;q=0.9
max-age=0
application/x-www-form-urlencoded;
1
Apache
hoisolutions.com
35.208.143.32
443
164.132.55.180
webmaster
/home/u1591-qwzjsnkmssh6/www/hoisolutions.com/public_html/backend/action/action.php
12148
/backend/action/action
CGI/1.1
HTTP/1.0
POST

/backend/action/action
/backend/action/action.php
40
120
120
768M
256M
256M
/backend/action/action.php
1712064057.6548
1712064057

/usr/local/bin:/usr/bin:/bin
/home/u1591-qwzjsnkmssh6/www/hoisolutions.com/public_html
200
on
ZgwV-1JlECPvOSW1sZ3_agAAAAg
/backend/action/action
https://hoisolutions.com/backend/action/action
/usr/local/php74/bin/php
200.72.125.2
https
200.72.125.2
hoisolutions.com
gzip
close
107
7
Mozilla/5.0 (Windows NT 10.0; Win64; x64) AppleWebKit/537.36 (KHTML, like Gecko) Chrome/120.0.0.0 Safari/537.36
*/*
en-US,en;q=0.9
max-age=0
application/x-www-form-urlencoded;
1
Apache
hoisolutions.com
35.208.143.32
443
200.72.125.2
webmaster
/home/u1591-qwzjsnkmssh6/www/hoisolutions.com/public_html/backend/action/action.php
12148
/backend/action/action
CGI/1.1
HTTP/1.0
POST

/backend/action/action
/backend/action/action.php
40
120
120
768M
256M
256M
/backend/action/action.php
1712068091.6478
1712068091

/usr/local/bin:/usr/bin:/bin
/home/u1591-qwzjsnkmssh6/www/hoisolutions.com/public_html
200
on
ZgwV_3yfyp-9g2mDVsg2HgAAAAk
/backend/action/action
https://hoisolutions.com/backend/action/action
/usr/local/php74/bin/php
200.72.125.2
https
200.72.125.2
hoisolutions.com
gzip
close
107
7
Mozilla/5.0 (Windows NT 10.0; Win64; x64) AppleWebKit/537.36 (KHTML, like Gecko) Chrome/120.0.0.0 Safari/537.36
*/*
en-US,en;q=0.9
max-age=0
application/x-www-form-urlencoded;
1
Apache
hoisolutions.com
35.208.143.32
443
200.72.125.2
webmaster
/home/u1591-qwzjsnkmssh6/www/hoisolutions.com/public_html/backend/action/action.php
12148
/backend/action/action
CGI/1.1
HTTP/1.0
POST

/backend/action/action
/backend/action/action.php
40
120
120
768M
256M
256M
/backend/action/action.php
1712068095.606
1712068095

/usr/local/bin:/usr/bin:/bin
/home/u1591-qwzjsnkmssh6/www/hoisolutions.com/public_html
200
on
ZgwWBbOK6avUV1mrfS9zNQAAAAo
/backend/action/action
https://hoisolutions.com/backend/action/action
/usr/local/php74/bin/php
200.72.125.2
https
200.72.125.2
hoisolutions.com
gzip
close
142
7
Mozilla/5.0 (Windows NT 10.0; Win64; x64) AppleWebKit/537.36 (KHTML, like Gecko) Chrome/120.0.0.0 Safari/537.36
*/*
en-US,en;q=0.9
max-age=0
application/x-www-form-urlencoded;
1
Apache
hoisolutions.com
35.208.143.32
443
200.72.125.2
webmaster
/home/u1591-qwzjsnkmssh6/www/hoisolutions.com/public_html/backend/action/action.php
12148
/backend/action/action
CGI/1.1
HTTP/1.0
POST

/backend/action/action
/backend/action/action.php
40
120
120
768M
256M
256M
/backend/action/action.php
1712068101.3244
1712068101

/usr/local/bin:/usr/bin:/bin
/home/u1591-qwzjsnkmssh6/www/hoisolutions.com/public_html
200
on
ZgwWCefRIULgVCZhrUWJIQAAAAQ
/backend/action/action
https://hoisolutions.com/backend/action/action
/usr/local/php74/bin/php
200.72.125.2
https
200.72.125.2
hoisolutions.com
gzip
close
142
7
Mozilla/5.0 (Windows NT 10.0; Win64; x64) AppleWebKit/537.36 (KHTML, like Gecko) Chrome/120.0.0.0 Safari/537.36
*/*
en-US,en;q=0.9
max-age=0
application/x-www-form-urlencoded;
1
Apache
hoisolutions.com
35.208.143.32
443
200.72.125.2
webmaster
/home/u1591-qwzjsnkmssh6/www/hoisolutions.com/public_html/backend/action/action.php
12148
/backend/action/action
CGI/1.1
HTTP/1.0
POST

/backend/action/action
/backend/action/action.php
40
120
120
768M
256M
256M
/backend/action/action.php
1712068105.3445
1712068105

/usr/local/bin:/usr/bin:/bin
/home/u1591-qwzjsnkmssh6/www/hoisolutions.com/public_html
200
on
Zgws6b5oYUAymHhlwXp8pAAAAAQ
/backend/action/action
https://hoisolutions.com/backend/action/action
/usr/local/php74/bin/php
92.87.142.150
https
92.87.142.150
hoisolutions.com
gzip
close
111
7
Mozilla/5.0 (Windows NT 10.0; Win64; x64) AppleWebKit/537.36 (KHTML, like Gecko) Chrome/120.0.0.0 Safari/537.36
*/*
en-US,en;q=0.9
max-age=0
application/x-www-form-urlencoded;
1
Apache
hoisolutions.com
35.208.143.32
443
92.87.142.150
webmaster
/home/u1591-qwzjsnkmssh6/www/hoisolutions.com/public_html/backend/action/action.php
12148
/backend/action/action
CGI/1.1
HTTP/1.0
POST

/backend/action/action
/backend/action/action.php
40
120
120
768M
256M
256M
/backend/action/action.php
1712073961.2573
1712073961

/usr/local/bin:/usr/bin:/bin
/home/u1591-qwzjsnkmssh6/www/hoisolutions.com/public_html
200
on
Zgws60r0T-EWKolKK9H9KAAAAAg
/backend/action/action
https://hoisolutions.com/backend/action/action
/usr/local/php74/bin/php
92.87.142.150
https
92.87.142.150
hoisolutions.com
gzip
close
111
7
Mozilla/5.0 (Windows NT 10.0; Win64; x64) AppleWebKit/537.36 (KHTML, like Gecko) Chrome/120.0.0.0 Safari/537.36
*/*
en-US,en;q=0.9
max-age=0
application/x-www-form-urlencoded;
1
Apache
hoisolutions.com
35.208.143.32
443
92.87.142.150
webmaster
/home/u1591-qwzjsnkmssh6/www/hoisolutions.com/public_html/backend/action/action.php
12148
/backend/action/action
CGI/1.1
HTTP/1.0
POST

/backend/action/action
/backend/action/action.php
40
120
120
768M
256M
256M
/backend/action/action.php
1712073963.8197
1712073963

/usr/local/bin:/usr/bin:/bin
/home/u1591-qwzjsnkmssh6/www/hoisolutions.com/public_html
200
on
Zgws7xMYxB_bZa_pZoNppQAAAAo
/backend/action/action
https://hoisolutions.com/backend/action/action
/usr/local/php74/bin/php
92.87.142.150
https
92.87.142.150
hoisolutions.com
gzip
close
147
7
Mozilla/5.0 (Windows NT 10.0; Win64; x64) AppleWebKit/537.36 (KHTML, like Gecko) Chrome/120.0.0.0 Safari/537.36
*/*
en-US,en;q=0.9
max-age=0
application/x-www-form-urlencoded;
1
Apache
hoisolutions.com
35.208.143.32
443
92.87.142.150
webmaster
/home/u1591-qwzjsnkmssh6/www/hoisolutions.com/public_html/backend/action/action.php
12148
/backend/action/action
CGI/1.1
HTTP/1.0
POST

/backend/action/action
/backend/action/action.php
40
120
120
768M
256M
256M
/backend/action/action.php
1712073967.26
1712073967

/usr/local/bin:/usr/bin:/bin
/home/u1591-qwzjsnkmssh6/www/hoisolutions.com/public_html
200
on
Zgws8b5oYUAymHhlwXp8pgAAAAQ
/backend/action/action
https://hoisolutions.com/backend/action/action
/usr/local/php74/bin/php
92.87.142.150
https
92.87.142.150
hoisolutions.com
gzip
close
147
7
Mozilla/5.0 (Windows NT 10.0; Win64; x64) AppleWebKit/537.36 (KHTML, like Gecko) Chrome/120.0.0.0 Safari/537.36
*/*
en-US,en;q=0.9
max-age=0
application/x-www-form-urlencoded;
1
Apache
hoisolutions.com
35.208.143.32
443
92.87.142.150
webmaster
/home/u1591-qwzjsnkmssh6/www/hoisolutions.com/public_html/backend/action/action.php
12148
/backend/action/action
CGI/1.1
HTTP/1.0
POST

/backend/action/action
/backend/action/action.php
40
120
120
768M
256M
256M
/backend/action/action.php
1712073969.6964
1712073969

/usr/local/bin:/usr/bin:/bin
/home/u1591-qwzjsnkmssh6/www/hoisolutions.com/public_html
200
on
ZgwzmENULk3WV4H0fM8kWAAAAAM
/backend/action/action
https://hoisolutions.com/backend/action/action
/usr/local/php74/bin/php
72.13.211.131
https
72.13.211.131
hoisolutions.com
gzip
close
99
7
Mozilla/5.0 (Windows NT 10.0; Win64; x64) AppleWebKit/537.36 (KHTML, like Gecko) Chrome/120.0.0.0 Safari/537.36
*/*
en-US,en;q=0.9
max-age=0
application/x-www-form-urlencoded;
1
Apache
hoisolutions.com
35.208.143.32
443
72.13.211.131
webmaster
/home/u1591-qwzjsnkmssh6/www/hoisolutions.com/public_html/backend/action/action.php
12148
/backend/action/action
CGI/1.1
HTTP/1.0
POST

/backend/action/action
/backend/action/action.php
40
120
120
768M
256M
256M
/backend/action/action.php
1712075672.3599
1712075672

/usr/local/bin:/usr/bin:/bin
/home/u1591-qwzjsnkmssh6/www/hoisolutions.com/public_html
200
on
Zgwzm6ejEr5F0lX9eoiA_wAAAAU
/backend/action/action
https://hoisolutions.com/backend/action/action
/usr/local/php74/bin/php
72.13.211.131
https
72.13.211.131
hoisolutions.com
gzip
close
99
7
Mozilla/5.0 (Windows NT 10.0; Win64; x64) AppleWebKit/537.36 (KHTML, like Gecko) Chrome/120.0.0.0 Safari/537.36
*/*
en-US,en;q=0.9
max-age=0
application/x-www-form-urlencoded;
1
Apache
hoisolutions.com
35.208.143.32
443
72.13.211.131
webmaster
/home/u1591-qwzjsnkmssh6/www/hoisolutions.com/public_html/backend/action/action.php
12148
/backend/action/action
CGI/1.1
HTTP/1.0
POST

/backend/action/action
/backend/action/action.php
40
120
120
768M
256M
256M
/backend/action/action.php
1712075675.2412
1712075675

/usr/local/bin:/usr/bin:/bin
/home/u1591-qwzjsnkmssh6/www/hoisolutions.com/public_html
200
on
ZgwznwBbgzpcI87dQkYfWwAAAAs
/backend/action/action
https://hoisolutions.com/backend/action/action
/usr/local/php74/bin/php
72.13.211.131
https
72.13.211.131
hoisolutions.com
gzip
close
138
7
Mozilla/5.0 (Windows NT 10.0; Win64; x64) AppleWebKit/537.36 (KHTML, like Gecko) Chrome/120.0.0.0 Safari/537.36
*/*
en-US,en;q=0.9
max-age=0
application/x-www-form-urlencoded;
1
Apache
hoisolutions.com
35.208.143.32
443
72.13.211.131
webmaster
/home/u1591-qwzjsnkmssh6/www/hoisolutions.com/public_html/backend/action/action.php
12148
/backend/action/action
CGI/1.1
HTTP/1.0
POST

/backend/action/action
/backend/action/action.php
40
120
120
768M
256M
256M
/backend/action/action.php
1712075679.7527
1712075679

/usr/local/bin:/usr/bin:/bin
/home/u1591-qwzjsnkmssh6/www/hoisolutions.com/public_html
200
on
ZgwzoRyrqKvFvQpog-_1AQAAAAE
/backend/action/action
https://hoisolutions.com/backend/action/action
/usr/local/php74/bin/php
72.13.211.131
https
72.13.211.131
hoisolutions.com
gzip
close
138
7
Mozilla/5.0 (Windows NT 10.0; Win64; x64) AppleWebKit/537.36 (KHTML, like Gecko) Chrome/120.0.0.0 Safari/537.36
*/*
en-US,en;q=0.9
max-age=0
application/x-www-form-urlencoded;
1
Apache
hoisolutions.com
35.208.143.32
443
72.13.211.131
webmaster
/home/u1591-qwzjsnkmssh6/www/hoisolutions.com/public_html/backend/action/action.php
12148
/backend/action/action
CGI/1.1
HTTP/1.0
POST

/backend/action/action
/backend/action/action.php
40
120
120
768M
256M
256M
/backend/action/action.php
1712075681.1143
1712075681

/usr/local/bin:/usr/bin:/bin
/home/u1591-qwzjsnkmssh6/www/hoisolutions.com/public_html
200
on
Zgw1N9jYvfdZGtiTrGJcogAAAAQ
/backend/action/action
https://hoisolutions.com/backend/action/action
/usr/local/php74/bin/php
104.131.212.234
https
104.131.212.234
hoisolutions.com
gzip
close
110
7
Mozilla/5.0 (Windows NT 10.0; Win64; x64) AppleWebKit/537.36 (KHTML, like Gecko) Chrome/120.0.0.0 Safari/537.36
*/*
en-US,en;q=0.9
max-age=0
application/x-www-form-urlencoded;
1
Apache
hoisolutions.com
35.208.143.32
443
104.131.212.234
webmaster
/home/u1591-qwzjsnkmssh6/www/hoisolutions.com/public_html/backend/action/action.php
12148
/backend/action/action
CGI/1.1
HTTP/1.0
POST

/backend/action/action
/backend/action/action.php
40
120
120
768M
256M
256M
/backend/action/action.php
1712076087.2571
1712076087

/usr/local/bin:/usr/bin:/bin
/home/u1591-qwzjsnkmssh6/www/hoisolutions.com/public_html
200
on
Zgw1OByrqKvFvQpog-_1QwAAAAE
/backend/action/action
https://hoisolutions.com/backend/action/action
/usr/local/php74/bin/php
104.131.212.234
https
104.131.212.234
hoisolutions.com
gzip
close
110
7
Mozilla/5.0 (Windows NT 10.0; Win64; x64) AppleWebKit/537.36 (KHTML, like Gecko) Chrome/120.0.0.0 Safari/537.36
*/*
en-US,en;q=0.9
max-age=0
application/x-www-form-urlencoded;
1
Apache
hoisolutions.com
35.208.143.32
443
104.131.212.234
webmaster
/home/u1591-qwzjsnkmssh6/www/hoisolutions.com/public_html/backend/action/action.php
12148
/backend/action/action
CGI/1.1
HTTP/1.0
POST

/backend/action/action
/backend/action/action.php
40
120
120
768M
256M
256M
/backend/action/action.php
1712076088.7512
1712076088

/usr/local/bin:/usr/bin:/bin
/home/u1591-qwzjsnkmssh6/www/hoisolutions.com/public_html
200
on
Zgw1OhyrqKvFvQpog-_1RAAAAAE
/backend/action/action
https://hoisolutions.com/backend/action/action
/usr/local/php74/bin/php
104.131.212.234
https
104.131.212.234
hoisolutions.com
gzip
close
145
7
Mozilla/5.0 (Windows NT 10.0; Win64; x64) AppleWebKit/537.36 (KHTML, like Gecko) Chrome/120.0.0.0 Safari/537.36
*/*
en-US,en;q=0.9
max-age=0
application/x-www-form-urlencoded;
1
Apache
hoisolutions.com
35.208.143.32
443
104.131.212.234
webmaster
/home/u1591-qwzjsnkmssh6/www/hoisolutions.com/public_html/backend/action/action.php
12148
/backend/action/action
CGI/1.1
HTTP/1.0
POST

/backend/action/action
/backend/action/action.php
40
120
120
768M
256M
256M
/backend/action/action.php
1712076090.8101
1712076090

/usr/local/bin:/usr/bin:/bin
/home/u1591-qwzjsnkmssh6/www/hoisolutions.com/public_html
200
on
Zgw1PxyrqKvFvQpog-_1RQAAAAE
/backend/action/action
https://hoisolutions.com/backend/action/action
/usr/local/php74/bin/php
104.131.212.234
https
104.131.212.234
hoisolutions.com
gzip
close
145
7
Mozilla/5.0 (Windows NT 10.0; Win64; x64) AppleWebKit/537.36 (KHTML, like Gecko) Chrome/120.0.0.0 Safari/537.36
*/*
en-US,en;q=0.9
max-age=0
application/x-www-form-urlencoded;
1
Apache
hoisolutions.com
35.208.143.32
443
104.131.212.234
webmaster
/home/u1591-qwzjsnkmssh6/www/hoisolutions.com/public_html/backend/action/action.php
12148
/backend/action/action
CGI/1.1
HTTP/1.0
POST

/backend/action/action
/backend/action/action.php
40
120
120
768M
256M
256M
/backend/action/action.php
1712076095.0689
1712076095

