/usr/local/bin:/usr/bin:/bin
/home/u1591-qwzjsnkmssh6/www/hoisolutions.com/public_html
200
on
ZeIsmPOEv4cB0iLW2oHUFQAAAAU
/backend/action/action
https://hoisolutions.com/backend/action/action
/usr/local/php74/bin/php
102.68.73.19
https
102.68.73.19
hoisolutions.com
gzip
close
96
7
Mozilla/5.0 (Windows NT 10.0; Win64; x64) AppleWebKit/537.36 (KHTML, like Gecko) Chrome/120.0.0.0 Safari/537.36
*/*
en-US,en;q=0.9
max-age=0
application/x-www-form-urlencoded;
1
Apache
hoisolutions.com
35.208.143.32
443
102.68.73.19
webmaster
/home/u1591-qwzjsnkmssh6/www/hoisolutions.com/public_html/backend/action/action.php
12148
/backend/action/action
CGI/1.1
HTTP/1.0
POST

/backend/action/action
/backend/action/action.php
40
120
120
768M
256M
256M
/backend/action/action.php
1709321368.976
1709321368

/usr/local/bin:/usr/bin:/bin
/home/u1591-qwzjsnkmssh6/www/hoisolutions.com/public_html
200
on
ZeIsncn12cR55IxMJHX5AAAAAAk
/backend/action/action
https://hoisolutions.com/backend/action/action
/usr/local/php74/bin/php
102.68.73.19
https
102.68.73.19
hoisolutions.com
gzip
close
96
7
Mozilla/5.0 (Windows NT 10.0; Win64; x64) AppleWebKit/537.36 (KHTML, like Gecko) Chrome/120.0.0.0 Safari/537.36
*/*
en-US,en;q=0.9
max-age=0
application/x-www-form-urlencoded;
1
Apache
hoisolutions.com
35.208.143.32
443
102.68.73.19
webmaster
/home/u1591-qwzjsnkmssh6/www/hoisolutions.com/public_html/backend/action/action.php
12148
/backend/action/action
CGI/1.1
HTTP/1.0
POST

/backend/action/action
/backend/action/action.php
40
120
120
768M
256M
256M
/backend/action/action.php
1709321373.4797
1709321373

/usr/local/bin:/usr/bin:/bin
/home/u1591-qwzjsnkmssh6/www/hoisolutions.com/public_html
200
on
ZeIspCGlhLh6C-KchnZabQAAAAc
/backend/action/action
https://hoisolutions.com/backend/action/action
/usr/local/php74/bin/php
102.68.73.19
https
102.68.73.19
hoisolutions.com
gzip
close
145
7
Mozilla/5.0 (Windows NT 10.0; Win64; x64) AppleWebKit/537.36 (KHTML, like Gecko) Chrome/120.0.0.0 Safari/537.36
*/*
en-US,en;q=0.9
max-age=0
application/x-www-form-urlencoded;
1
Apache
hoisolutions.com
35.208.143.32
443
102.68.73.19
webmaster
/home/u1591-qwzjsnkmssh6/www/hoisolutions.com/public_html/backend/action/action.php
12148
/backend/action/action
CGI/1.1
HTTP/1.0
POST

/backend/action/action
/backend/action/action.php
40
120
120
768M
256M
256M
/backend/action/action.php
1709321380.1756
1709321380

/usr/local/bin:/usr/bin:/bin
/home/u1591-qwzjsnkmssh6/www/hoisolutions.com/public_html
200
on
ZeIsqDqaqANUWIfdfo1G4QAAAAI
/backend/action/action
https://hoisolutions.com/backend/action/action
/usr/local/php74/bin/php
102.68.73.19
https
102.68.73.19
hoisolutions.com
gzip
close
145
7
Mozilla/5.0 (Windows NT 10.0; Win64; x64) AppleWebKit/537.36 (KHTML, like Gecko) Chrome/120.0.0.0 Safari/537.36
*/*
en-US,en;q=0.9
max-age=0
application/x-www-form-urlencoded;
1
Apache
hoisolutions.com
35.208.143.32
443
102.68.73.19
webmaster
/home/u1591-qwzjsnkmssh6/www/hoisolutions.com/public_html/backend/action/action.php
12148
/backend/action/action
CGI/1.1
HTTP/1.0
POST

/backend/action/action
/backend/action/action.php
40
120
120
768M
256M
256M
/backend/action/action.php
1709321384.9398
1709321384

/usr/local/bin:/usr/bin:/bin
/home/u1591-qwzjsnkmssh6/www/hoisolutions.com/public_html
200
on
ZeIvzLwVg1RyA919O-YudAAAAAY
/backend/action/action
https://hoisolutions.com/backend/action/action
/usr/local/php74/bin/php
113.161.53.153
https
113.161.53.153
hoisolutions.com
gzip
close
104
7
Mozilla/5.0 (Windows NT 10.0; Win64; x64) AppleWebKit/537.36 (KHTML, like Gecko) Chrome/120.0.0.0 Safari/537.36
*/*
en-US,en;q=0.9
max-age=0
application/x-www-form-urlencoded;
1
Apache
hoisolutions.com
35.208.143.32
443
113.161.53.153
webmaster
/home/u1591-qwzjsnkmssh6/www/hoisolutions.com/public_html/backend/action/action.php
12148
/backend/action/action
CGI/1.1
HTTP/1.0
POST

/backend/action/action
/backend/action/action.php
40
120
120
768M
256M
256M
/backend/action/action.php
1709322188.9851
1709322188

/usr/local/bin:/usr/bin:/bin
/home/u1591-qwzjsnkmssh6/www/hoisolutions.com/public_html
200
on
ZeIv0qf8Srdo1EmNPBLShwAAAAk
/backend/action/action
https://hoisolutions.com/backend/action/action
/usr/local/php74/bin/php
113.161.53.153
https
113.161.53.153
hoisolutions.com
gzip
close
104
7
Mozilla/5.0 (Windows NT 10.0; Win64; x64) AppleWebKit/537.36 (KHTML, like Gecko) Chrome/120.0.0.0 Safari/537.36
*/*
en-US,en;q=0.9
max-age=0
application/x-www-form-urlencoded;
1
Apache
hoisolutions.com
35.208.143.32
443
113.161.53.153
webmaster
/home/u1591-qwzjsnkmssh6/www/hoisolutions.com/public_html/backend/action/action.php
12148
/backend/action/action
CGI/1.1
HTTP/1.0
POST

/backend/action/action
/backend/action/action.php
40
120
120
768M
256M
256M
/backend/action/action.php
1709322194.1912
1709322194

/usr/local/bin:/usr/bin:/bin
/home/u1591-qwzjsnkmssh6/www/hoisolutions.com/public_html
200
on
ZeIv2kWxrNSDDeBu4g1wDQAAAAo
/backend/action/action
https://hoisolutions.com/backend/action/action
/usr/local/php74/bin/php
113.161.53.153
https
113.161.53.153
hoisolutions.com
gzip
close
140
7
Mozilla/5.0 (Windows NT 10.0; Win64; x64) AppleWebKit/537.36 (KHTML, like Gecko) Chrome/120.0.0.0 Safari/537.36
*/*
en-US,en;q=0.9
max-age=0
application/x-www-form-urlencoded;
1
Apache
hoisolutions.com
35.208.143.32
443
113.161.53.153
webmaster
/home/u1591-qwzjsnkmssh6/www/hoisolutions.com/public_html/backend/action/action.php
12148
/backend/action/action
CGI/1.1
HTTP/1.0
POST

/backend/action/action
/backend/action/action.php
40
120
120
768M
256M
256M
/backend/action/action.php
1709322202.1146
1709322202

/usr/local/bin:/usr/bin:/bin
/home/u1591-qwzjsnkmssh6/www/hoisolutions.com/public_html
200
on
ZeIv4M6SIaP3Qh-J9_Bb0gAAAAU
/backend/action/action
https://hoisolutions.com/backend/action/action
/usr/local/php74/bin/php
113.161.53.153
https
113.161.53.153
hoisolutions.com
gzip
close
140
7
Mozilla/5.0 (Windows NT 10.0; Win64; x64) AppleWebKit/537.36 (KHTML, like Gecko) Chrome/120.0.0.0 Safari/537.36
*/*
en-US,en;q=0.9
max-age=0
application/x-www-form-urlencoded;
1
Apache
hoisolutions.com
35.208.143.32
443
113.161.53.153
webmaster
/home/u1591-qwzjsnkmssh6/www/hoisolutions.com/public_html/backend/action/action.php
12148
/backend/action/action
CGI/1.1
HTTP/1.0
POST

/backend/action/action
/backend/action/action.php
40
120
120
768M
256M
256M
/backend/action/action.php
1709322208.2812
1709322208

/usr/local/bin:/usr/bin:/bin
/home/u1591-qwzjsnkmssh6/www/hoisolutions.com/public_html
200
on
ZeJmK_cgs90xZGDgVlkjdwAAAAw
/backend/action/action
https://hoisolutions.com/backend/action/action
/usr/local/php74/bin/php
116.99.179.3
https
116.99.179.3
hoisolutions.com
gzip
close
100
7
Mozilla/5.0 (Windows NT 10.0; Win64; x64) AppleWebKit/537.36 (KHTML, like Gecko) Chrome/120.0.0.0 Safari/537.36
*/*
en-US,en;q=0.9
max-age=0
application/x-www-form-urlencoded;
1
Apache
hoisolutions.com
35.208.143.32
443
116.99.179.3
webmaster
/home/u1591-qwzjsnkmssh6/www/hoisolutions.com/public_html/backend/action/action.php
12148
/backend/action/action
CGI/1.1
HTTP/1.0
POST

/backend/action/action
/backend/action/action.php
40
120
120
768M
256M
256M
/backend/action/action.php
1709336107.9784
1709336107

/usr/local/bin:/usr/bin:/bin
/home/u1591-qwzjsnkmssh6/www/hoisolutions.com/public_html
200
on
ZeJmMWArK0CMu3ZIrs4q3QAAAAY
/backend/action/action
https://hoisolutions.com/backend/action/action
/usr/local/php74/bin/php
116.99.179.3
https
116.99.179.3
hoisolutions.com
gzip
close
100
7
Mozilla/5.0 (Windows NT 10.0; Win64; x64) AppleWebKit/537.36 (KHTML, like Gecko) Chrome/120.0.0.0 Safari/537.36
*/*
en-US,en;q=0.9
max-age=0
application/x-www-form-urlencoded;
1
Apache
hoisolutions.com
35.208.143.32
443
116.99.179.3
webmaster
/home/u1591-qwzjsnkmssh6/www/hoisolutions.com/public_html/backend/action/action.php
12148
/backend/action/action
CGI/1.1
HTTP/1.0
POST

/backend/action/action
/backend/action/action.php
40
120
120
768M
256M
256M
/backend/action/action.php
1709336113.6721
1709336113

/usr/local/bin:/usr/bin:/bin
/home/u1591-qwzjsnkmssh6/www/hoisolutions.com/public_html
200
on
ZeJmOkvekBk2GbuZd1HzSwAAAA0
/backend/action/action
https://hoisolutions.com/backend/action/action
/usr/local/php74/bin/php
116.99.179.3
https
116.99.179.3
hoisolutions.com
gzip
close
151
7
Mozilla/5.0 (Windows NT 10.0; Win64; x64) AppleWebKit/537.36 (KHTML, like Gecko) Chrome/120.0.0.0 Safari/537.36
*/*
en-US,en;q=0.9
max-age=0
application/x-www-form-urlencoded;
1
Apache
hoisolutions.com
35.208.143.32
443
116.99.179.3
webmaster
/home/u1591-qwzjsnkmssh6/www/hoisolutions.com/public_html/backend/action/action.php
12148
/backend/action/action
CGI/1.1
HTTP/1.0
POST

/backend/action/action
/backend/action/action.php
40
120
120
768M
256M
256M
/backend/action/action.php
1709336122.524
1709336122

/usr/local/bin:/usr/bin:/bin
/home/u1591-qwzjsnkmssh6/www/hoisolutions.com/public_html
200
on
ZeJmQKjQ6JCMLC_9UnFMswAAAAA
/backend/action/action
https://hoisolutions.com/backend/action/action
/usr/local/php74/bin/php
116.99.179.3
https
116.99.179.3
hoisolutions.com
gzip
close
151
7
Mozilla/5.0 (Windows NT 10.0; Win64; x64) AppleWebKit/537.36 (KHTML, like Gecko) Chrome/120.0.0.0 Safari/537.36
*/*
en-US,en;q=0.9
max-age=0
application/x-www-form-urlencoded;
1
Apache
hoisolutions.com
35.208.143.32
443
116.99.179.3
webmaster
/home/u1591-qwzjsnkmssh6/www/hoisolutions.com/public_html/backend/action/action.php
12148
/backend/action/action
CGI/1.1
HTTP/1.0
POST

/backend/action/action
/backend/action/action.php
40
120
120
768M
256M
256M
/backend/action/action.php
1709336128.2664
1709336128

/usr/local/bin:/usr/bin:/bin
/home/u1591-qwzjsnkmssh6/www/hoisolutions.com/public_html
200
on
ZeJyf0cmH3ae4BLUtb13DwAAAAE
/backend/action/action
https://hoisolutions.com/backend/action/action
/usr/local/php74/bin/php
199.59.198.74
https
199.59.198.74
hoisolutions.com
gzip
close
105
7
Mozilla/5.0 (Windows NT 10.0; Win64; x64) AppleWebKit/537.36 (KHTML, like Gecko) Chrome/120.0.0.0 Safari/537.36
*/*
en-US,en;q=0.9
max-age=0
application/x-www-form-urlencoded;
1
Apache
hoisolutions.com
35.208.143.32
443
199.59.198.74
webmaster
/home/u1591-qwzjsnkmssh6/www/hoisolutions.com/public_html/backend/action/action.php
12148
/backend/action/action
CGI/1.1
HTTP/1.0
POST

/backend/action/action
/backend/action/action.php
40
120
120
768M
256M
256M
/backend/action/action.php
1709339263.6121
1709339263

/usr/local/bin:/usr/bin:/bin
/home/u1591-qwzjsnkmssh6/www/hoisolutions.com/public_html
200
on
ZeJygYuUxKvJdyIbglZQYwAAAAA
/backend/action/action
https://hoisolutions.com/backend/action/action
/usr/local/php74/bin/php
199.59.198.74
https
199.59.198.74
hoisolutions.com
gzip
close
105
7
Mozilla/5.0 (Windows NT 10.0; Win64; x64) AppleWebKit/537.36 (KHTML, like Gecko) Chrome/120.0.0.0 Safari/537.36
*/*
en-US,en;q=0.9
max-age=0
application/x-www-form-urlencoded;
1
Apache
hoisolutions.com
35.208.143.32
443
199.59.198.74
webmaster
/home/u1591-qwzjsnkmssh6/www/hoisolutions.com/public_html/backend/action/action.php
12148
/backend/action/action
CGI/1.1
HTTP/1.0
POST

/backend/action/action
/backend/action/action.php
40
120
120
768M
256M
256M
/backend/action/action.php
1709339265.7951
1709339265

/usr/local/bin:/usr/bin:/bin
/home/u1591-qwzjsnkmssh6/www/hoisolutions.com/public_html
200
on
ZeJyhSyvaQwxuM3jSoI6cAAAAAo
/backend/action/action
https://hoisolutions.com/backend/action/action
/usr/local/php74/bin/php
199.59.198.74
https
199.59.198.74
hoisolutions.com
gzip
close
151
7
Mozilla/5.0 (Windows NT 10.0; Win64; x64) AppleWebKit/537.36 (KHTML, like Gecko) Chrome/120.0.0.0 Safari/537.36
*/*
en-US,en;q=0.9
max-age=0
application/x-www-form-urlencoded;
1
Apache
hoisolutions.com
35.208.143.32
443
199.59.198.74
webmaster
/home/u1591-qwzjsnkmssh6/www/hoisolutions.com/public_html/backend/action/action.php
12148
/backend/action/action
CGI/1.1
HTTP/1.0
POST

/backend/action/action
/backend/action/action.php
40
120
120
768M
256M
256M
/backend/action/action.php
1709339269.1549
1709339269

/usr/local/bin:/usr/bin:/bin
/home/u1591-qwzjsnkmssh6/www/hoisolutions.com/public_html
200
on
ZeJyhyEGCst2UczlSXeyvgAAAAM
/backend/action/action
https://hoisolutions.com/backend/action/action
/usr/local/php74/bin/php
199.59.198.74
https
199.59.198.74
hoisolutions.com
gzip
close
151
7
Mozilla/5.0 (Windows NT 10.0; Win64; x64) AppleWebKit/537.36 (KHTML, like Gecko) Chrome/120.0.0.0 Safari/537.36
*/*
en-US,en;q=0.9
max-age=0
application/x-www-form-urlencoded;
1
Apache
hoisolutions.com
35.208.143.32
443
199.59.198.74
webmaster
/home/u1591-qwzjsnkmssh6/www/hoisolutions.com/public_html/backend/action/action.php
12148
/backend/action/action
CGI/1.1
HTTP/1.0
POST

/backend/action/action
/backend/action/action.php
40
120
120
768M
256M
256M
/backend/action/action.php
1709339271.3527
1709339271

/usr/local/bin:/usr/bin:/bin
/home/u1591-qwzjsnkmssh6/www/hoisolutions.com/public_html
200
on
ZeKaWXDmNG4xoC0nPgY2BwAAAAM
/backend/action/action
https://hoisolutions.com/backend/action/action
/usr/local/php74/bin/php
202.137.155.74
https
202.137.155.74
hoisolutions.com
gzip
close
109
7
Mozilla/5.0 (Windows NT 10.0; Win64; x64) AppleWebKit/537.36 (KHTML, like Gecko) Chrome/120.0.0.0 Safari/537.36
*/*
en-US,en;q=0.9
max-age=0
application/x-www-form-urlencoded;
1
Apache
hoisolutions.com
35.208.143.32
443
202.137.155.74
webmaster
/home/u1591-qwzjsnkmssh6/www/hoisolutions.com/public_html/backend/action/action.php
12148
/backend/action/action
CGI/1.1
HTTP/1.0
POST

/backend/action/action
/backend/action/action.php
40
120
120
768M
256M
256M
/backend/action/action.php
1709349465.2352
1709349465

/usr/local/bin:/usr/bin:/bin
/home/u1591-qwzjsnkmssh6/www/hoisolutions.com/public_html
200
on
ZeKaYY9uvEY03-ayT1j6SAAAAAo
/backend/action/action
https://hoisolutions.com/backend/action/action
/usr/local/php74/bin/php
202.137.155.74
https
202.137.155.74
hoisolutions.com
gzip
close
147
7
Mozilla/5.0 (Windows NT 10.0; Win64; x64) AppleWebKit/537.36 (KHTML, like Gecko) Chrome/120.0.0.0 Safari/537.36
*/*
en-US,en;q=0.9
max-age=0
application/x-www-form-urlencoded;
1
Apache
hoisolutions.com
35.208.143.32
443
202.137.155.74
webmaster
/home/u1591-qwzjsnkmssh6/www/hoisolutions.com/public_html/backend/action/action.php
12148
/backend/action/action
CGI/1.1
HTTP/1.0
POST

/backend/action/action
/backend/action/action.php
40
120
120
768M
256M
256M
/backend/action/action.php
1709349473.9598
1709349473

/usr/local/bin:/usr/bin:/bin
/home/u1591-qwzjsnkmssh6/www/hoisolutions.com/public_html
200
on
ZeKaZ8o6z46T08cz6PjHUgAAAAg
/backend/action/action
https://hoisolutions.com/backend/action/action
/usr/local/php74/bin/php
202.137.155.74
https
202.137.155.74
hoisolutions.com
gzip
close
147
7
Mozilla/5.0 (Windows NT 10.0; Win64; x64) AppleWebKit/537.36 (KHTML, like Gecko) Chrome/120.0.0.0 Safari/537.36
*/*
en-US,en;q=0.9
max-age=0
application/x-www-form-urlencoded;
1
Apache
hoisolutions.com
35.208.143.32
443
202.137.155.74
webmaster
/home/u1591-qwzjsnkmssh6/www/hoisolutions.com/public_html/backend/action/action.php
12148
/backend/action/action
CGI/1.1
HTTP/1.0
POST

/backend/action/action
/backend/action/action.php
40
120
120
768M
256M
256M
/backend/action/action.php
1709349479.8843
1709349479

/usr/local/bin:/usr/bin:/bin
/home/u1591-qwzjsnkmssh6/www/hoisolutions.com/public_html
200
on
ZeLCsOwGO9K2v3MJvYVFYwAAAAE
/backend/action/action
https://hoisolutions.com/backend/action/action
/usr/local/php74/bin/php
186.121.238.58
https
186.121.238.58
hoisolutions.com
gzip
close
102
7
Mozilla/5.0 (Windows NT 10.0; Win64; x64) AppleWebKit/537.36 (KHTML, like Gecko) Chrome/120.0.0.0 Safari/537.36
*/*
en-US,en;q=0.9
max-age=0
application/x-www-form-urlencoded;
1
Apache
hoisolutions.com
35.208.143.32
443
186.121.238.58
webmaster
/home/u1591-qwzjsnkmssh6/www/hoisolutions.com/public_html/backend/action/action.php
12148
/backend/action/action
CGI/1.1
HTTP/1.0
POST

/backend/action/action
/backend/action/action.php
40
120
120
768M
256M
256M
/backend/action/action.php
1709359792.2726
1709359792

/usr/local/bin:/usr/bin:/bin
/home/u1591-qwzjsnkmssh6/www/hoisolutions.com/public_html
200
on
ZeLCtS5TWDIaymWJ0DZcvgAAAAc
/backend/action/action
https://hoisolutions.com/backend/action/action
/usr/local/php74/bin/php
186.121.238.58
https
186.121.238.58
hoisolutions.com
gzip
close
102
7
Mozilla/5.0 (Windows NT 10.0; Win64; x64) AppleWebKit/537.36 (KHTML, like Gecko) Chrome/120.0.0.0 Safari/537.36
*/*
en-US,en;q=0.9
max-age=0
application/x-www-form-urlencoded;
1
Apache
hoisolutions.com
35.208.143.32
443
186.121.238.58
webmaster
/home/u1591-qwzjsnkmssh6/www/hoisolutions.com/public_html/backend/action/action.php
12148
/backend/action/action
CGI/1.1
HTTP/1.0
POST

/backend/action/action
/backend/action/action.php
40
120
120
768M
256M
256M
/backend/action/action.php
1709359797.3139
1709359797

/usr/local/bin:/usr/bin:/bin
/home/u1591-qwzjsnkmssh6/www/hoisolutions.com/public_html
200
on
ZeLCvOwGO9K2v3MJvYVFZAAAAAE
/backend/action/action
https://hoisolutions.com/backend/action/action
/usr/local/php74/bin/php
186.121.238.58
https
186.121.238.58
hoisolutions.com
gzip
close
151
7
Mozilla/5.0 (Windows NT 10.0; Win64; x64) AppleWebKit/537.36 (KHTML, like Gecko) Chrome/120.0.0.0 Safari/537.36
*/*
en-US,en;q=0.9
max-age=0
application/x-www-form-urlencoded;
1
Apache
hoisolutions.com
35.208.143.32
443
186.121.238.58
webmaster
/home/u1591-qwzjsnkmssh6/www/hoisolutions.com/public_html/backend/action/action.php
12148
/backend/action/action
CGI/1.1
HTTP/1.0
POST

/backend/action/action
/backend/action/action.php
40
120
120
768M
256M
256M
/backend/action/action.php
1709359804.3469
1709359804

/usr/local/bin:/usr/bin:/bin
/home/u1591-qwzjsnkmssh6/www/hoisolutions.com/public_html
200
on
ZeLCwS5TWDIaymWJ0DZcvwAAAAc
/backend/action/action
https://hoisolutions.com/backend/action/action
/usr/local/php74/bin/php
186.121.238.58
https
186.121.238.58
hoisolutions.com
gzip
close
151
7
Mozilla/5.0 (Windows NT 10.0; Win64; x64) AppleWebKit/537.36 (KHTML, like Gecko) Chrome/120.0.0.0 Safari/537.36
*/*
en-US,en;q=0.9
max-age=0
application/x-www-form-urlencoded;
1
Apache
hoisolutions.com
35.208.143.32
443
186.121.238.58
webmaster
/home/u1591-qwzjsnkmssh6/www/hoisolutions.com/public_html/backend/action/action.php
12148
/backend/action/action
CGI/1.1
HTTP/1.0
POST

/backend/action/action
/backend/action/action.php
40
120
120
768M
256M
256M
/backend/action/action.php
1709359809.0602
1709359809

/usr/local/bin:/usr/bin:/bin
/home/u1591-qwzjsnkmssh6/www/hoisolutions.com/public_html
200
on
ZeLavKXcFh4OROncelOqcwAAAAI
/backend/action/action
https://hoisolutions.com/backend/action/action
/usr/local/php74/bin/php
88.216.182.142
https
88.216.182.142
hoisolutions.com
gzip
close
92
7
Mozilla/5.0 (Windows NT 10.0; Win64; x64) AppleWebKit/537.36 (KHTML, like Gecko) Chrome/120.0.0.0 Safari/537.36
*/*
en-US,en;q=0.9
max-age=0
application/x-www-form-urlencoded;
1
Apache
hoisolutions.com
35.208.143.32
443
88.216.182.142
webmaster
/home/u1591-qwzjsnkmssh6/www/hoisolutions.com/public_html/backend/action/action.php
12148
/backend/action/action
CGI/1.1
HTTP/1.0
POST

/backend/action/action
/backend/action/action.php
40
120
120
768M
256M
256M
/backend/action/action.php
1709365948.7641
1709365948

/usr/local/bin:/usr/bin:/bin
/home/u1591-qwzjsnkmssh6/www/hoisolutions.com/public_html
200
on
ZeLavuiq_T0SpVUQHqQ5RwAAABo
/backend/action/action
https://hoisolutions.com/backend/action/action
/usr/local/php74/bin/php
88.216.182.142
https
88.216.182.142
hoisolutions.com
gzip
close
92
7
Mozilla/5.0 (Windows NT 10.0; Win64; x64) AppleWebKit/537.36 (KHTML, like Gecko) Chrome/120.0.0.0 Safari/537.36
*/*
en-US,en;q=0.9
max-age=0
application/x-www-form-urlencoded;
1
Apache
hoisolutions.com
35.208.143.32
443
88.216.182.142
webmaster
/home/u1591-qwzjsnkmssh6/www/hoisolutions.com/public_html/backend/action/action.php
12148
/backend/action/action
CGI/1.1
HTTP/1.0
POST

/backend/action/action
/backend/action/action.php
40
120
120
768M
256M
256M
/backend/action/action.php
1709365950.1359
1709365950

/usr/local/bin:/usr/bin:/bin
/home/u1591-qwzjsnkmssh6/www/hoisolutions.com/public_html
200
on
ZeLawHbX_eftViNDFRUW4wAAAAc
/backend/action/action
https://hoisolutions.com/backend/action/action
/usr/local/php74/bin/php
88.216.182.142
https
88.216.182.142
hoisolutions.com
gzip
close
137
7
Mozilla/5.0 (Windows NT 10.0; Win64; x64) AppleWebKit/537.36 (KHTML, like Gecko) Chrome/120.0.0.0 Safari/537.36
*/*
en-US,en;q=0.9
max-age=0
application/x-www-form-urlencoded;
1
Apache
hoisolutions.com
35.208.143.32
443
88.216.182.142
webmaster
/home/u1591-qwzjsnkmssh6/www/hoisolutions.com/public_html/backend/action/action.php
12148
/backend/action/action
CGI/1.1
HTTP/1.0
POST

/backend/action/action
/backend/action/action.php
40
120
120
768M
256M
256M
/backend/action/action.php
1709365952.341
1709365952

/usr/local/bin:/usr/bin:/bin
/home/u1591-qwzjsnkmssh6/www/hoisolutions.com/public_html
200
on
ZeLawU3TnoQCAOuS1yQp_gAAAAk
/backend/action/action
https://hoisolutions.com/backend/action/action
/usr/local/php74/bin/php
88.216.182.142
https
88.216.182.142
hoisolutions.com
gzip
close
137
7
Mozilla/5.0 (Windows NT 10.0; Win64; x64) AppleWebKit/537.36 (KHTML, like Gecko) Chrome/120.0.0.0 Safari/537.36
*/*
en-US,en;q=0.9
max-age=0
application/x-www-form-urlencoded;
1
Apache
hoisolutions.com
35.208.143.32
443
88.216.182.142
webmaster
/home/u1591-qwzjsnkmssh6/www/hoisolutions.com/public_html/backend/action/action.php
12148
/backend/action/action
CGI/1.1
HTTP/1.0
POST

/backend/action/action
/backend/action/action.php
40
120
120
768M
256M
256M
/backend/action/action.php
1709365953.7952
1709365953

/usr/local/bin:/usr/bin:/bin
/home/u1591-qwzjsnkmssh6/www/hoisolutions.com/public_html
200
on
ZeLn4tZO9EaIf_FQ7cOzqQAAAAA
/backend/action/action
https://hoisolutions.com/backend/action/action
/usr/local/php74/bin/php
103.106.241.206
https
103.106.241.206
hoisolutions.com
gzip
close
104
7
Mozilla/5.0 (Windows NT 10.0; Win64; x64) AppleWebKit/537.36 (KHTML, like Gecko) Chrome/120.0.0.0 Safari/537.36
*/*
en-US,en;q=0.9
max-age=0
application/x-www-form-urlencoded;
1
Apache
hoisolutions.com
35.208.143.32
443
103.106.241.206
webmaster
/home/u1591-qwzjsnkmssh6/www/hoisolutions.com/public_html/backend/action/action.php
12148
/backend/action/action
CGI/1.1
HTTP/1.0
POST

/backend/action/action
/backend/action/action.php
40
120
120
768M
256M
256M
/backend/action/action.php
1709369314.9385
1709369314

/usr/local/bin:/usr/bin:/bin
/home/u1591-qwzjsnkmssh6/www/hoisolutions.com/public_html
200
on
ZeLn6tYzqz2WQbOXuQHa2AAAAAM
/backend/action/action
https://hoisolutions.com/backend/action/action
/usr/local/php74/bin/php
103.106.241.206
https
103.106.241.206
hoisolutions.com
gzip
close
147
7
Mozilla/5.0 (Windows NT 10.0; Win64; x64) AppleWebKit/537.36 (KHTML, like Gecko) Chrome/120.0.0.0 Safari/537.36
*/*
en-US,en;q=0.9
max-age=0
application/x-www-form-urlencoded;
1
Apache
hoisolutions.com
35.208.143.32
443
103.106.241.206
webmaster
/home/u1591-qwzjsnkmssh6/www/hoisolutions.com/public_html/backend/action/action.php
12148
/backend/action/action
CGI/1.1
HTTP/1.0
POST

/backend/action/action
/backend/action/action.php
40
120
120
768M
256M
256M
/backend/action/action.php
1709369323.0286
1709369323

/usr/local/bin:/usr/bin:/bin
/home/u1591-qwzjsnkmssh6/www/hoisolutions.com/public_html
200
on
ZeLn8MBX4ApY3ri5oNJ0XgAAAAI
/backend/action/action
https://hoisolutions.com/backend/action/action
/usr/local/php74/bin/php
103.106.241.206
https
103.106.241.206
hoisolutions.com
gzip
close
147
7
Mozilla/5.0 (Windows NT 10.0; Win64; x64) AppleWebKit/537.36 (KHTML, like Gecko) Chrome/120.0.0.0 Safari/537.36
*/*
en-US,en;q=0.9
max-age=0
application/x-www-form-urlencoded;
1
Apache
hoisolutions.com
35.208.143.32
443
103.106.241.206
webmaster
/home/u1591-qwzjsnkmssh6/www/hoisolutions.com/public_html/backend/action/action.php
12148
/backend/action/action
CGI/1.1
HTTP/1.0
POST

/backend/action/action
/backend/action/action.php
40
120
120
768M
256M
256M
/backend/action/action.php
1709369328.1074
1709369328

/usr/local/bin:/usr/bin:/bin
/home/u1591-qwzjsnkmssh6/www/hoisolutions.com/public_html
200
on
ZeLugWaJt-1Fh-9QS8ccLgAAAAk
/backend/action/action
https://hoisolutions.com/backend/action/action
/usr/local/php74/bin/php
89.113.153.114
https
89.113.153.114
hoisolutions.com
gzip
close
926
7
*/*
Mozilla/5.0 (Windows NT 10.0; Win64; x64) AppleWebKit/537.36 (KHTML, like Gecko) Chrome/122.0.0.0 Safari/537.36
https://hoisolutions.com/
application/x-www-form-urlencoded
no-cache
Apache
hoisolutions.com
35.208.143.32
443
89.113.153.114
webmaster
/home/u1591-qwzjsnkmssh6/www/hoisolutions.com/public_html/backend/action/action.php
12148
/backend/action/action
CGI/1.1
HTTP/1.0
POST

/backend/action/action
/backend/action/action.php
40
120
120
768M
256M
256M
/backend/action/action.php
1709371009.8224
1709371009

/usr/local/bin:/usr/bin:/bin
/home/u1591-qwzjsnkmssh6/www/hoisolutions.com/public_html
200
on
ZeL30Bc7FjgmmG4cYCqJnQAAAAU
/backend/action/action
https://hoisolutions.com/backend/action/action
/usr/local/php74/bin/php
202.150.1.17
https
202.150.1.17
hoisolutions.com
gzip
close
105
7
Mozilla/5.0 (Windows NT 10.0; Win64; x64) AppleWebKit/537.36 (KHTML, like Gecko) Chrome/120.0.0.0 Safari/537.36
*/*
en-US,en;q=0.9
max-age=0
application/x-www-form-urlencoded;
1
Apache
hoisolutions.com
35.208.143.32
443
202.150.1.17
webmaster
/home/u1591-qwzjsnkmssh6/www/hoisolutions.com/public_html/backend/action/action.php
12148
/backend/action/action
CGI/1.1
HTTP/1.0
POST

/backend/action/action
/backend/action/action.php
40
120
120
768M
256M
256M
/backend/action/action.php
1709373392.6501
1709373392

/usr/local/bin:/usr/bin:/bin
/home/u1591-qwzjsnkmssh6/www/hoisolutions.com/public_html
200
on
ZeL31bVsKA-VJJX6MlyecQAAAAc
/backend/action/action
https://hoisolutions.com/backend/action/action
/usr/local/php74/bin/php
202.150.1.17
https
202.150.1.17
hoisolutions.com
gzip
close
105
7
Mozilla/5.0 (Windows NT 10.0; Win64; x64) AppleWebKit/537.36 (KHTML, like Gecko) Chrome/120.0.0.0 Safari/537.36
*/*
en-US,en;q=0.9
max-age=0
application/x-www-form-urlencoded;
1
Apache
hoisolutions.com
35.208.143.32
443
202.150.1.17
webmaster
/home/u1591-qwzjsnkmssh6/www/hoisolutions.com/public_html/backend/action/action.php
12148
/backend/action/action
CGI/1.1
HTTP/1.0
POST

/backend/action/action
/backend/action/action.php
40
120
120
768M
256M
256M
/backend/action/action.php
1709373397.6344
1709373397

/usr/local/bin:/usr/bin:/bin
/home/u1591-qwzjsnkmssh6/www/hoisolutions.com/public_html
200
on
ZeL33ben9gbZ9oGBgfCF7wAAAAI
/backend/action/action
https://hoisolutions.com/backend/action/action
/usr/local/php74/bin/php
202.150.1.17
https
202.150.1.17
hoisolutions.com
gzip
close
150
7
Mozilla/5.0 (Windows NT 10.0; Win64; x64) AppleWebKit/537.36 (KHTML, like Gecko) Chrome/120.0.0.0 Safari/537.36
*/*
en-US,en;q=0.9
max-age=0
application/x-www-form-urlencoded;
1
Apache
hoisolutions.com
35.208.143.32
443
202.150.1.17
webmaster
/home/u1591-qwzjsnkmssh6/www/hoisolutions.com/public_html/backend/action/action.php
12148
/backend/action/action
CGI/1.1
HTTP/1.0
POST

/backend/action/action
/backend/action/action.php
40
120
120
768M
256M
256M
/backend/action/action.php
1709373405.0717
1709373405

/usr/local/bin:/usr/bin:/bin
/home/u1591-qwzjsnkmssh6/www/hoisolutions.com/public_html
200
on
ZeL34T-bWFGchEykw_yYBAAAAAE
/backend/action/action
https://hoisolutions.com/backend/action/action
/usr/local/php74/bin/php
202.150.1.17
https
202.150.1.17
hoisolutions.com
gzip
close
150
7
Mozilla/5.0 (Windows NT 10.0; Win64; x64) AppleWebKit/537.36 (KHTML, like Gecko) Chrome/120.0.0.0 Safari/537.36
*/*
en-US,en;q=0.9
max-age=0
application/x-www-form-urlencoded;
1
Apache
hoisolutions.com
35.208.143.32
443
202.150.1.17
webmaster
/home/u1591-qwzjsnkmssh6/www/hoisolutions.com/public_html/backend/action/action.php
12148
/backend/action/action
CGI/1.1
HTTP/1.0
POST

/backend/action/action
/backend/action/action.php
40
120
120
768M
256M
256M
/backend/action/action.php
1709373409.9489
1709373409

/usr/local/bin:/usr/bin:/bin
/home/u1591-qwzjsnkmssh6/www/hoisolutions.com/public_html
200
on
ZeMGmz7LvDFSNQtEOeCeHwAAAAg
/backend/action/action
https://hoisolutions.com/backend/action/action
/usr/local/php74/bin/php
143.47.249.213
https
143.47.249.213
hoisolutions.com
gzip
close
106
7
Mozilla/5.0 (Windows NT 10.0; Win64; x64) AppleWebKit/537.36 (KHTML, like Gecko) Chrome/120.0.0.0 Safari/537.36
*/*
en-US,en;q=0.9
max-age=0
application/x-www-form-urlencoded;
1
Apache
hoisolutions.com
35.208.143.32
443
143.47.249.213
webmaster
/home/u1591-qwzjsnkmssh6/www/hoisolutions.com/public_html/backend/action/action.php
12148
/backend/action/action
CGI/1.1
HTTP/1.0
POST

/backend/action/action
/backend/action/action.php
40
120
120
768M
256M
256M
/backend/action/action.php
1709377179.6502
1709377179

/usr/local/bin:/usr/bin:/bin
/home/u1591-qwzjsnkmssh6/www/hoisolutions.com/public_html
200
on
ZeMGnAC8gluD0K39Fg6YxwAAAAQ
/backend/action/action
https://hoisolutions.com/backend/action/action
/usr/local/php74/bin/php
143.47.249.213
https
143.47.249.213
hoisolutions.com
gzip
close
106
7
Mozilla/5.0 (Windows NT 10.0; Win64; x64) AppleWebKit/537.36 (KHTML, like Gecko) Chrome/120.0.0.0 Safari/537.36
*/*
en-US,en;q=0.9
max-age=0
application/x-www-form-urlencoded;
1
Apache
hoisolutions.com
35.208.143.32
443
143.47.249.213
webmaster
/home/u1591-qwzjsnkmssh6/www/hoisolutions.com/public_html/backend/action/action.php
12148
/backend/action/action
CGI/1.1
HTTP/1.0
POST

/backend/action/action
/backend/action/action.php
40
120
120
768M
256M
256M
/backend/action/action.php
1709377180.8964
1709377180

/usr/local/bin:/usr/bin:/bin
/home/u1591-qwzjsnkmssh6/www/hoisolutions.com/public_html
200
on
ZeMGnik69MsyarsjBkF0ngAAAAM
/backend/action/action
https://hoisolutions.com/backend/action/action
/usr/local/php74/bin/php
143.47.249.213
https
143.47.249.213
hoisolutions.com
gzip
close
150
7
Mozilla/5.0 (Windows NT 10.0; Win64; x64) AppleWebKit/537.36 (KHTML, like Gecko) Chrome/120.0.0.0 Safari/537.36
*/*
en-US,en;q=0.9
max-age=0
application/x-www-form-urlencoded;
1
Apache
hoisolutions.com
35.208.143.32
443
143.47.249.213
webmaster
/home/u1591-qwzjsnkmssh6/www/hoisolutions.com/public_html/backend/action/action.php
12148
/backend/action/action
CGI/1.1
HTTP/1.0
POST

/backend/action/action
/backend/action/action.php
40
120
120
768M
256M
256M
/backend/action/action.php
1709377182.6829
1709377182

/usr/local/bin:/usr/bin:/bin
/home/u1591-qwzjsnkmssh6/www/hoisolutions.com/public_html
200
on
ZeMGn4Y0FZvSHdnkulnlFAAAAAY
/backend/action/action
https://hoisolutions.com/backend/action/action
/usr/local/php74/bin/php
143.47.249.213
https
143.47.249.213
hoisolutions.com
gzip
close
150
7
Mozilla/5.0 (Windows NT 10.0; Win64; x64) AppleWebKit/537.36 (KHTML, like Gecko) Chrome/120.0.0.0 Safari/537.36
*/*
en-US,en;q=0.9
max-age=0
application/x-www-form-urlencoded;
1
Apache
hoisolutions.com
35.208.143.32
443
143.47.249.213
webmaster
/home/u1591-qwzjsnkmssh6/www/hoisolutions.com/public_html/backend/action/action.php
12148
/backend/action/action
CGI/1.1
HTTP/1.0
POST

/backend/action/action
/backend/action/action.php
40
120
120
768M
256M
256M
/backend/action/action.php
1709377183.9037
1709377183

/usr/local/bin:/usr/bin:/bin
/home/u1591-qwzjsnkmssh6/www/hoisolutions.com/public_html
200
on
ZeMKdAC8gluD0K39Fg6ZAQAAAAQ
/backend/action/action
https://hoisolutions.com/backend/action/action
/usr/local/php74/bin/php
202.63.243.163
https
202.63.243.163
hoisolutions.com
gzip
close
113
7
Mozilla/5.0 (Windows NT 10.0; Win64; x64) AppleWebKit/537.36 (KHTML, like Gecko) Chrome/120.0.0.0 Safari/537.36
*/*
en-US,en;q=0.9
max-age=0
application/x-www-form-urlencoded;
1
Apache
hoisolutions.com
35.208.143.32
443
202.63.243.163
webmaster
/home/u1591-qwzjsnkmssh6/www/hoisolutions.com/public_html/backend/action/action.php
12148
/backend/action/action
CGI/1.1
HTTP/1.0
POST

/backend/action/action
/backend/action/action.php
40
120
120
768M
256M
256M
/backend/action/action.php
1709378164.5931
1709378164

/usr/local/bin:/usr/bin:/bin
/home/u1591-qwzjsnkmssh6/www/hoisolutions.com/public_html
200
on
ZeMKeoTpcjcSMNWWjwr_vQAAAAo
/backend/action/action
https://hoisolutions.com/backend/action/action
/usr/local/php74/bin/php
202.63.243.163
https
202.63.243.163
hoisolutions.com
gzip
close
113
7
Mozilla/5.0 (Windows NT 10.0; Win64; x64) AppleWebKit/537.36 (KHTML, like Gecko) Chrome/120.0.0.0 Safari/537.36
*/*
en-US,en;q=0.9
max-age=0
application/x-www-form-urlencoded;
1
Apache
hoisolutions.com
35.208.143.32
443
202.63.243.163
webmaster
/home/u1591-qwzjsnkmssh6/www/hoisolutions.com/public_html/backend/action/action.php
12148
/backend/action/action
CGI/1.1
HTTP/1.0
POST

/backend/action/action
/backend/action/action.php
40
120
120
768M
256M
256M
/backend/action/action.php
1709378170.1558
1709378170

/usr/local/bin:/usr/bin:/bin
/home/u1591-qwzjsnkmssh6/www/hoisolutions.com/public_html
200
on
ZeMKgRSDGw2SBnCj0OTGDwAAAAc
/backend/action/action
https://hoisolutions.com/backend/action/action
/usr/local/php74/bin/php
202.63.243.163
https
202.63.243.163
hoisolutions.com
gzip
close
144
7
Mozilla/5.0 (Windows NT 10.0; Win64; x64) AppleWebKit/537.36 (KHTML, like Gecko) Chrome/120.0.0.0 Safari/537.36
*/*
en-US,en;q=0.9
max-age=0
application/x-www-form-urlencoded;
1
Apache
hoisolutions.com
35.208.143.32
443
202.63.243.163
webmaster
/home/u1591-qwzjsnkmssh6/www/hoisolutions.com/public_html/backend/action/action.php
12148
/backend/action/action
CGI/1.1
HTTP/1.0
POST

/backend/action/action
/backend/action/action.php
40
120
120
768M
256M
256M
/backend/action/action.php
1709378177.8786
1709378177

/usr/local/bin:/usr/bin:/bin
/home/u1591-qwzjsnkmssh6/www/hoisolutions.com/public_html
200
on
ZeMKhyk69MsyarsjBkF01wAAAAM
/backend/action/action
https://hoisolutions.com/backend/action/action
/usr/local/php74/bin/php
202.63.243.163
https
202.63.243.163
hoisolutions.com
gzip
close
144
7
Mozilla/5.0 (Windows NT 10.0; Win64; x64) AppleWebKit/537.36 (KHTML, like Gecko) Chrome/120.0.0.0 Safari/537.36
*/*
en-US,en;q=0.9
max-age=0
application/x-www-form-urlencoded;
1
Apache
hoisolutions.com
35.208.143.32
443
202.63.243.163
webmaster
/home/u1591-qwzjsnkmssh6/www/hoisolutions.com/public_html/backend/action/action.php
12148
/backend/action/action
CGI/1.1
HTTP/1.0
POST

/backend/action/action
/backend/action/action.php
40
120
120
768M
256M
256M
/backend/action/action.php
1709378183.2264
1709378183

/usr/local/bin:/usr/bin:/bin
/home/u1591-qwzjsnkmssh6/www/hoisolutions.com/public_html
200
on
ZeMhZDas9fZi1oVItjgvEQAAAAM
/backend/action/action
https://hoisolutions.com/backend/action/action
/usr/local/php74/bin/php
103.107.132.202
https
103.107.132.202
hoisolutions.com
gzip
close
105
7
Mozilla/5.0 (Windows NT 10.0; Win64; x64) AppleWebKit/537.36 (KHTML, like Gecko) Chrome/120.0.0.0 Safari/537.36
*/*
en-US,en;q=0.9
max-age=0
application/x-www-form-urlencoded;
1
Apache
hoisolutions.com
35.208.143.32
443
103.107.132.202
webmaster
/home/u1591-qwzjsnkmssh6/www/hoisolutions.com/public_html/backend/action/action.php
12148
/backend/action/action
CGI/1.1
HTTP/1.0
POST

/backend/action/action
/backend/action/action.php
40
120
120
768M
256M
256M
/backend/action/action.php
1709384036.0422
1709384036

/usr/local/bin:/usr/bin:/bin
/home/u1591-qwzjsnkmssh6/www/hoisolutions.com/public_html
200
on
ZeMhbftSPGVX6YXP7pNyNAAAAAI
/backend/action/action
https://hoisolutions.com/backend/action/action
/usr/local/php74/bin/php
103.107.132.219
https
103.107.132.219
hoisolutions.com
gzip
close
105
7
Mozilla/5.0 (Windows NT 10.0; Win64; x64) AppleWebKit/537.36 (KHTML, like Gecko) Chrome/120.0.0.0 Safari/537.36
*/*
en-US,en;q=0.9
max-age=0
application/x-www-form-urlencoded;
1
Apache
hoisolutions.com
35.208.143.32
443
103.107.132.219
webmaster
/home/u1591-qwzjsnkmssh6/www/hoisolutions.com/public_html/backend/action/action.php
12148
/backend/action/action
CGI/1.1
HTTP/1.0
POST

/backend/action/action
/backend/action/action.php
40
120
120
768M
256M
256M
/backend/action/action.php
1709384045.386
1709384045

/usr/local/bin:/usr/bin:/bin
/home/u1591-qwzjsnkmssh6/www/hoisolutions.com/public_html
200
on
ZeMhdjas9fZi1oVItjgvEwAAAAM
/backend/action/action
https://hoisolutions.com/backend/action/action
/usr/local/php74/bin/php
103.107.132.219
https
103.107.132.219
hoisolutions.com
gzip
close
146
7
Mozilla/5.0 (Windows NT 10.0; Win64; x64) AppleWebKit/537.36 (KHTML, like Gecko) Chrome/120.0.0.0 Safari/537.36
*/*
en-US,en;q=0.9
max-age=0
application/x-www-form-urlencoded;
1
Apache
hoisolutions.com
35.208.143.32
443
103.107.132.219
webmaster
/home/u1591-qwzjsnkmssh6/www/hoisolutions.com/public_html/backend/action/action.php
12148
/backend/action/action
CGI/1.1
HTTP/1.0
POST

/backend/action/action
/backend/action/action.php
40
120
120
768M
256M
256M
/backend/action/action.php
1709384054.6684
1709384054

/usr/local/bin:/usr/bin:/bin
/home/u1591-qwzjsnkmssh6/www/hoisolutions.com/public_html
200
on
ZeMhfpa4dzIiejFAlifd9wAAAAo
/backend/action/action
https://hoisolutions.com/backend/action/action
/usr/local/php74/bin/php
103.107.132.219
https
103.107.132.219
hoisolutions.com
gzip
close
146
7
Mozilla/5.0 (Windows NT 10.0; Win64; x64) AppleWebKit/537.36 (KHTML, like Gecko) Chrome/120.0.0.0 Safari/537.36
*/*
en-US,en;q=0.9
max-age=0
application/x-www-form-urlencoded;
1
Apache
hoisolutions.com
35.208.143.32
443
103.107.132.219
webmaster
/home/u1591-qwzjsnkmssh6/www/hoisolutions.com/public_html/backend/action/action.php
12148
/backend/action/action
CGI/1.1
HTTP/1.0
POST

/backend/action/action
/backend/action/action.php
40
120
120
768M
256M
256M
/backend/action/action.php
1709384062.5342
1709384062

/usr/local/bin:/usr/bin:/bin
/home/u1591-qwzjsnkmssh6/www/hoisolutions.com/public_html
200
on
ZeNnFqC3OJMzBWsJaBw0IwAAACU
/backend/action/action
https://hoisolutions.com/backend/action/action
/usr/local/php74/bin/php
147.135.192.231
https
147.135.192.231
hoisolutions.com
gzip
close
112
7
Mozilla/5.0 (Windows NT 10.0; Win64; x64) AppleWebKit/537.36 (KHTML, like Gecko) Chrome/120.0.0.0 Safari/537.36
*/*
en-US,en;q=0.9
max-age=0
application/x-www-form-urlencoded;
1
Apache
hoisolutions.com
35.208.143.32
443
147.135.192.231
webmaster
/home/u1591-qwzjsnkmssh6/www/hoisolutions.com/public_html/backend/action/action.php
12148
/backend/action/action
CGI/1.1
HTTP/1.0
POST

/backend/action/action
/backend/action/action.php
40
120
120
768M
256M
256M
/backend/action/action.php
1709401878.2231
1709401878

/usr/local/bin:/usr/bin:/bin
/home/u1591-qwzjsnkmssh6/www/hoisolutions.com/public_html
200
on
ZeNnGHtLa4sHAQBKsi1XbgAAABo
/backend/action/action
https://hoisolutions.com/backend/action/action
/usr/local/php74/bin/php
147.135.192.231
https
147.135.192.231
hoisolutions.com
gzip
close
112
7
Mozilla/5.0 (Windows NT 10.0; Win64; x64) AppleWebKit/537.36 (KHTML, like Gecko) Chrome/120.0.0.0 Safari/537.36
*/*
en-US,en;q=0.9
max-age=0
application/x-www-form-urlencoded;
1
Apache
hoisolutions.com
35.208.143.32
443
147.135.192.231
webmaster
/home/u1591-qwzjsnkmssh6/www/hoisolutions.com/public_html/backend/action/action.php
12148
/backend/action/action
CGI/1.1
HTTP/1.0
POST

/backend/action/action
/backend/action/action.php
40
120
120
768M
256M
256M
/backend/action/action.php
1709401880.4385
1709401880

/usr/local/bin:/usr/bin:/bin
/home/u1591-qwzjsnkmssh6/www/hoisolutions.com/public_html
200
on
ZeNnG6u58uQMJoVdarPtKAAAABc
/backend/action/action
https://hoisolutions.com/backend/action/action
/usr/local/php74/bin/php
147.135.192.231
https
147.135.192.231
hoisolutions.com
gzip
close
138
7
Mozilla/5.0 (Windows NT 10.0; Win64; x64) AppleWebKit/537.36 (KHTML, like Gecko) Chrome/120.0.0.0 Safari/537.36
*/*
en-US,en;q=0.9
max-age=0
application/x-www-form-urlencoded;
1
Apache
hoisolutions.com
35.208.143.32
443
147.135.192.231
webmaster
/home/u1591-qwzjsnkmssh6/www/hoisolutions.com/public_html/backend/action/action.php
12148
/backend/action/action
CGI/1.1
HTTP/1.0
POST

/backend/action/action
/backend/action/action.php
40
120
120
768M
256M
256M
/backend/action/action.php
1709401883.5217
1709401883

/usr/local/bin:/usr/bin:/bin
/home/u1591-qwzjsnkmssh6/www/hoisolutions.com/public_html
200
on
ZeNnHfhRqn2T5c-jXY31-AAAABk
/backend/action/action
https://hoisolutions.com/backend/action/action
/usr/local/php74/bin/php
147.135.192.231
https
147.135.192.231
hoisolutions.com
gzip
close
138
7
Mozilla/5.0 (Windows NT 10.0; Win64; x64) AppleWebKit/537.36 (KHTML, like Gecko) Chrome/120.0.0.0 Safari/537.36
*/*
en-US,en;q=0.9
max-age=0
application/x-www-form-urlencoded;
1
Apache
hoisolutions.com
35.208.143.32
443
147.135.192.231
webmaster
/home/u1591-qwzjsnkmssh6/www/hoisolutions.com/public_html/backend/action/action.php
12148
/backend/action/action
CGI/1.1
HTTP/1.0
POST

/backend/action/action
/backend/action/action.php
40
120
120
768M
256M
256M
/backend/action/action.php
1709401885.5983
1709401885

/usr/local/bin:/usr/bin:/bin
/home/u1591-qwzjsnkmssh6/www/hoisolutions.com/public_html
200
on
ZeNuBSAt4p_qu79-m5aZGQAAABQ
/backend/action/action
https://hoisolutions.com/backend/action/action
/usr/local/php74/bin/php
36.66.203.41
https
36.66.203.41
hoisolutions.com
gzip
close
103
7
Mozilla/5.0 (Windows NT 10.0; Win64; x64) AppleWebKit/537.36 (KHTML, like Gecko) Chrome/120.0.0.0 Safari/537.36
*/*
en-US,en;q=0.9
max-age=0
application/x-www-form-urlencoded;
1
Apache
hoisolutions.com
35.208.143.32
443
36.66.203.41
webmaster
/home/u1591-qwzjsnkmssh6/www/hoisolutions.com/public_html/backend/action/action.php
12148
/backend/action/action
CGI/1.1
HTTP/1.0
POST

/backend/action/action
/backend/action/action.php
40
120
120
768M
256M
256M
/backend/action/action.php
1709403653.4328
1709403653

/usr/local/bin:/usr/bin:/bin
/home/u1591-qwzjsnkmssh6/www/hoisolutions.com/public_html
200
on
ZeNuDCTIIrk_jW6482XWzwAAAAQ
/backend/action/action
https://hoisolutions.com/backend/action/action
/usr/local/php74/bin/php
36.66.203.41
https
36.66.203.41
hoisolutions.com
gzip
close
103
7
Mozilla/5.0 (Windows NT 10.0; Win64; x64) AppleWebKit/537.36 (KHTML, like Gecko) Chrome/120.0.0.0 Safari/537.36
*/*
en-US,en;q=0.9
max-age=0
application/x-www-form-urlencoded;
1
Apache
hoisolutions.com
35.208.143.32
443
36.66.203.41
webmaster
/home/u1591-qwzjsnkmssh6/www/hoisolutions.com/public_html/backend/action/action.php
12148
/backend/action/action
CGI/1.1
HTTP/1.0
POST

/backend/action/action
/backend/action/action.php
40
120
120
768M
256M
256M
/backend/action/action.php
1709403660.5569
1709403660

/usr/local/bin:/usr/bin:/bin
/home/u1591-qwzjsnkmssh6/www/hoisolutions.com/public_html
200
on
ZeNuFPhRqn2T5c-jXY32OAAAABk
/backend/action/action
https://hoisolutions.com/backend/action/action
/usr/local/php74/bin/php
36.66.203.41
https
36.66.203.41
hoisolutions.com
gzip
close
159
7
Mozilla/5.0 (Windows NT 10.0; Win64; x64) AppleWebKit/537.36 (KHTML, like Gecko) Chrome/120.0.0.0 Safari/537.36
*/*
en-US,en;q=0.9
max-age=0
application/x-www-form-urlencoded;
1
Apache
hoisolutions.com
35.208.143.32
443
36.66.203.41
webmaster
/home/u1591-qwzjsnkmssh6/www/hoisolutions.com/public_html/backend/action/action.php
12148
/backend/action/action
CGI/1.1
HTTP/1.0
POST

/backend/action/action
/backend/action/action.php
40
120
120
768M
256M
256M
/backend/action/action.php
1709403668.1161
1709403668

