/usr/local/bin:/usr/bin:/bin
/home/u1591-qwzjsnkmssh6/www/hoisolutions.com/public_html
200
on
Zd-KHIq021l7gZEdD6CP6QAAAAI
/backend/action/action
https://hoisolutions.com/backend/action/action
/usr/local/php74/bin/php
14.241.170.63
https
14.241.170.63
hoisolutions.com
gzip
close
114
7
Mozilla/5.0 (Windows NT 10.0; Win64; x64) AppleWebKit/537.36 (KHTML, like Gecko) Chrome/120.0.0.0 Safari/537.36
*/*
en-US,en;q=0.9
max-age=0
application/x-www-form-urlencoded;
1
Apache
hoisolutions.com
35.208.143.32
443
14.241.170.63
webmaster
/home/u1591-qwzjsnkmssh6/www/hoisolutions.com/public_html/backend/action/action.php
12148
/backend/action/action
CGI/1.1
HTTP/1.0
POST

/backend/action/action
/backend/action/action.php
40
120
120
768M
256M
256M
/backend/action/action.php
1709148700.3128
1709148700

/usr/local/bin:/usr/bin:/bin
/home/u1591-qwzjsnkmssh6/www/hoisolutions.com/public_html
200
on
Zd-KIYq021l7gZEdD6CP6gAAAAI
/backend/action/action
https://hoisolutions.com/backend/action/action
/usr/local/php74/bin/php
14.241.170.63
https
14.241.170.63
hoisolutions.com
gzip
close
114
7
Mozilla/5.0 (Windows NT 10.0; Win64; x64) AppleWebKit/537.36 (KHTML, like Gecko) Chrome/120.0.0.0 Safari/537.36
*/*
en-US,en;q=0.9
max-age=0
application/x-www-form-urlencoded;
1
Apache
hoisolutions.com
35.208.143.32
443
14.241.170.63
webmaster
/home/u1591-qwzjsnkmssh6/www/hoisolutions.com/public_html/backend/action/action.php
12148
/backend/action/action
CGI/1.1
HTTP/1.0
POST

/backend/action/action
/backend/action/action.php
40
120
120
768M
256M
256M
/backend/action/action.php
1709148705.2851
1709148705

/usr/local/bin:/usr/bin:/bin
/home/u1591-qwzjsnkmssh6/www/hoisolutions.com/public_html
200
on
Zd-KKStaFgxkoG0P0ewrfgAAAAo
/backend/action/action
https://hoisolutions.com/backend/action/action
/usr/local/php74/bin/php
14.241.170.63
https
14.241.170.63
hoisolutions.com
gzip
close
142
7
Mozilla/5.0 (Windows NT 10.0; Win64; x64) AppleWebKit/537.36 (KHTML, like Gecko) Chrome/120.0.0.0 Safari/537.36
*/*
en-US,en;q=0.9
max-age=0
application/x-www-form-urlencoded;
1
Apache
hoisolutions.com
35.208.143.32
443
14.241.170.63
webmaster
/home/u1591-qwzjsnkmssh6/www/hoisolutions.com/public_html/backend/action/action.php
12148
/backend/action/action
CGI/1.1
HTTP/1.0
POST

/backend/action/action
/backend/action/action.php
40
120
120
768M
256M
256M
/backend/action/action.php
1709148713.0341
1709148713

/usr/local/bin:/usr/bin:/bin
/home/u1591-qwzjsnkmssh6/www/hoisolutions.com/public_html
200
on
Zd-KLjNL8V4U64wlv_BtFwAAAA8
/backend/action/action
https://hoisolutions.com/backend/action/action
/usr/local/php74/bin/php
14.241.170.63
https
14.241.170.63
hoisolutions.com
gzip
close
142
7
Mozilla/5.0 (Windows NT 10.0; Win64; x64) AppleWebKit/537.36 (KHTML, like Gecko) Chrome/120.0.0.0 Safari/537.36
*/*
en-US,en;q=0.9
max-age=0
application/x-www-form-urlencoded;
1
Apache
hoisolutions.com
35.208.143.32
443
14.241.170.63
webmaster
/home/u1591-qwzjsnkmssh6/www/hoisolutions.com/public_html/backend/action/action.php
12148
/backend/action/action
CGI/1.1
HTTP/1.0
POST

/backend/action/action
/backend/action/action.php
40
120
120
768M
256M
256M
/backend/action/action.php
1709148718.3406
1709148718

/usr/local/bin:/usr/bin:/bin
/home/u1591-qwzjsnkmssh6/www/hoisolutions.com/public_html
200
on
Zd-VIZVGZ7q4ZDJovViubQAAAAI
/backend/action/action
https://hoisolutions.com/backend/action/action
/usr/local/php74/bin/php
79.164.137.247
https
79.164.137.247
hoisolutions.com
gzip
close
23252
7
*/*
Mozilla/5.0 (Windows NT 6.1; WOW64) AppleWebKit/537.36 (KHTML, like Gecko) Chrome/103.0.0.0 Safari/537.36
https://hoisolutions.com/
application/x-www-form-urlencoded
no-cache
Apache
hoisolutions.com
35.208.143.32
443
79.164.137.247
webmaster
/home/u1591-qwzjsnkmssh6/www/hoisolutions.com/public_html/backend/action/action.php
12148
/backend/action/action
CGI/1.1
HTTP/1.0
POST

/backend/action/action
/backend/action/action.php
40
120
120
768M
256M
256M
/backend/action/action.php
1709151521.0938
1709151521

/usr/local/bin:/usr/bin:/bin
/home/u1591-qwzjsnkmssh6/www/hoisolutions.com/public_html
200
on
Zd-muc2ug8eyW3zFqvaVAAAAAAM
/backend/action/action
https://hoisolutions.com/backend/action/action
/usr/local/php74/bin/php
109.121.229.158
https
109.121.229.158
hoisolutions.com
gzip
close
109
7
Mozilla/5.0 (Windows NT 10.0; Win64; x64) AppleWebKit/537.36 (KHTML, like Gecko) Chrome/120.0.0.0 Safari/537.36
*/*
en-US,en;q=0.9
max-age=0
application/x-www-form-urlencoded;
1
Apache
hoisolutions.com
35.208.143.32
443
109.121.229.158
webmaster
/home/u1591-qwzjsnkmssh6/www/hoisolutions.com/public_html/backend/action/action.php
12148
/backend/action/action
CGI/1.1
HTTP/1.0
POST

/backend/action/action
/backend/action/action.php
40
120
120
768M
256M
256M
/backend/action/action.php
1709156025.7359
1709156025

/usr/local/bin:/usr/bin:/bin
/home/u1591-qwzjsnkmssh6/www/hoisolutions.com/public_html
200
on
Zd-mvDswMJvMQCzKFuNz5QAAAAA
/backend/action/action
https://hoisolutions.com/backend/action/action
/usr/local/php74/bin/php
109.121.229.158
https
109.121.229.158
hoisolutions.com
gzip
close
109
7
Mozilla/5.0 (Windows NT 10.0; Win64; x64) AppleWebKit/537.36 (KHTML, like Gecko) Chrome/120.0.0.0 Safari/537.36
*/*
en-US,en;q=0.9
max-age=0
application/x-www-form-urlencoded;
1
Apache
hoisolutions.com
35.208.143.32
443
109.121.229.158
webmaster
/home/u1591-qwzjsnkmssh6/www/hoisolutions.com/public_html/backend/action/action.php
12148
/backend/action/action
CGI/1.1
HTTP/1.0
POST

/backend/action/action
/backend/action/action.php
40
120
120
768M
256M
256M
/backend/action/action.php
1709156028.0609
1709156028

/usr/local/bin:/usr/bin:/bin
/home/u1591-qwzjsnkmssh6/www/hoisolutions.com/public_html
200
on
Zd-mv2KA_pQdGf8ZFjd-oAAAAA8
/backend/action/action
https://hoisolutions.com/backend/action/action
/usr/local/php74/bin/php
109.121.229.158
https
109.121.229.158
hoisolutions.com
gzip
close
153
7
Mozilla/5.0 (Windows NT 10.0; Win64; x64) AppleWebKit/537.36 (KHTML, like Gecko) Chrome/120.0.0.0 Safari/537.36
*/*
en-US,en;q=0.9
max-age=0
application/x-www-form-urlencoded;
1
Apache
hoisolutions.com
35.208.143.32
443
109.121.229.158
webmaster
/home/u1591-qwzjsnkmssh6/www/hoisolutions.com/public_html/backend/action/action.php
12148
/backend/action/action
CGI/1.1
HTTP/1.0
POST

/backend/action/action
/backend/action/action.php
40
120
120
768M
256M
256M
/backend/action/action.php
1709156031.7912
1709156031

/usr/local/bin:/usr/bin:/bin
/home/u1591-qwzjsnkmssh6/www/hoisolutions.com/public_html
200
on
Zd-mwdSttdOm46gQv_QkKAAAABY
/backend/action/action
https://hoisolutions.com/backend/action/action
/usr/local/php74/bin/php
109.121.229.158
https
109.121.229.158
hoisolutions.com
gzip
close
153
7
Mozilla/5.0 (Windows NT 10.0; Win64; x64) AppleWebKit/537.36 (KHTML, like Gecko) Chrome/120.0.0.0 Safari/537.36
*/*
en-US,en;q=0.9
max-age=0
application/x-www-form-urlencoded;
1
Apache
hoisolutions.com
35.208.143.32
443
109.121.229.158
webmaster
/home/u1591-qwzjsnkmssh6/www/hoisolutions.com/public_html/backend/action/action.php
12148
/backend/action/action
CGI/1.1
HTTP/1.0
POST

/backend/action/action
/backend/action/action.php
40
120
120
768M
256M
256M
/backend/action/action.php
1709156034.0198
1709156034

/usr/local/bin:/usr/bin:/bin
/home/u1591-qwzjsnkmssh6/www/hoisolutions.com/public_html
200
on
Zd-pKnX5v5cvHE8EMXCLcwAAAAQ
/backend/action/action
https://hoisolutions.com/backend/action/action
/usr/local/php74/bin/php
134.122.215.164
https
134.122.215.164
hoisolutions.com
gzip
close
108
7
Mozilla/5.0 (Windows NT 10.0; Win64; x64) AppleWebKit/537.36 (KHTML, like Gecko) Chrome/120.0.0.0 Safari/537.36
*/*
en-US,en;q=0.9
max-age=0
application/x-www-form-urlencoded;
1
Apache
hoisolutions.com
35.208.143.32
443
134.122.215.164
webmaster
/home/u1591-qwzjsnkmssh6/www/hoisolutions.com/public_html/backend/action/action.php
12148
/backend/action/action
CGI/1.1
HTTP/1.0
POST

/backend/action/action
/backend/action/action.php
40
120
120
768M
256M
256M
/backend/action/action.php
1709156650.6188
1709156650

/usr/local/bin:/usr/bin:/bin
/home/u1591-qwzjsnkmssh6/www/hoisolutions.com/public_html
200
on
Zd-pOnX5v5cvHE8EMXCLdAAAAAQ
/backend/action/action
https://hoisolutions.com/backend/action/action
/usr/local/php74/bin/php
134.122.215.164
https
134.122.215.164
hoisolutions.com
gzip
close
108
7
Mozilla/5.0 (Windows NT 10.0; Win64; x64) AppleWebKit/537.36 (KHTML, like Gecko) Chrome/120.0.0.0 Safari/537.36
*/*
en-US,en;q=0.9
max-age=0
application/x-www-form-urlencoded;
1
Apache
hoisolutions.com
35.208.143.32
443
134.122.215.164
webmaster
/home/u1591-qwzjsnkmssh6/www/hoisolutions.com/public_html/backend/action/action.php
12148
/backend/action/action
CGI/1.1
HTTP/1.0
POST

/backend/action/action
/backend/action/action.php
40
120
120
768M
256M
256M
/backend/action/action.php
1709156666.6008
1709156666

/usr/local/bin:/usr/bin:/bin
/home/u1591-qwzjsnkmssh6/www/hoisolutions.com/public_html
200
on
Zd-pTnX5v5cvHE8EMXCLdgAAAAQ
/backend/action/action
https://hoisolutions.com/backend/action/action
/usr/local/php74/bin/php
134.122.215.164
https
134.122.215.164
hoisolutions.com
gzip
close
142
7
Mozilla/5.0 (Windows NT 10.0; Win64; x64) AppleWebKit/537.36 (KHTML, like Gecko) Chrome/120.0.0.0 Safari/537.36
*/*
en-US,en;q=0.9
max-age=0
application/x-www-form-urlencoded;
1
Apache
hoisolutions.com
35.208.143.32
443
134.122.215.164
webmaster
/home/u1591-qwzjsnkmssh6/www/hoisolutions.com/public_html/backend/action/action.php
12148
/backend/action/action
CGI/1.1
HTTP/1.0
POST

/backend/action/action
/backend/action/action.php
40
120
120
768M
256M
256M
/backend/action/action.php
1709156686.4483
1709156686

/usr/local/bin:/usr/bin:/bin
/home/u1591-qwzjsnkmssh6/www/hoisolutions.com/public_html
200
on
Zd-pVz3-ofhtv6OPV4QmCwAAAAU
/backend/action/action
https://hoisolutions.com/backend/action/action
/usr/local/php74/bin/php
134.122.215.164
https
134.122.215.164
hoisolutions.com
gzip
close
142
7
Mozilla/5.0 (Windows NT 10.0; Win64; x64) AppleWebKit/537.36 (KHTML, like Gecko) Chrome/120.0.0.0 Safari/537.36
*/*
en-US,en;q=0.9
max-age=0
application/x-www-form-urlencoded;
1
Apache
hoisolutions.com
35.208.143.32
443
134.122.215.164
webmaster
/home/u1591-qwzjsnkmssh6/www/hoisolutions.com/public_html/backend/action/action.php
12148
/backend/action/action
CGI/1.1
HTTP/1.0
POST

/backend/action/action
/backend/action/action.php
40
120
120
768M
256M
256M
/backend/action/action.php
1709156695.8277
1709156695

/usr/local/bin:/usr/bin:/bin
/home/u1591-qwzjsnkmssh6/www/hoisolutions.com/public_html
200
on
Zd-3BGQAMe3NCVZ8ghQsMwAAAAs
/backend/action/action
https://hoisolutions.com/backend/action/action
/usr/local/php74/bin/php
156.239.55.103
https
156.239.55.103
hoisolutions.com
gzip
close
1873
7
Mozilla/5.0 (X11; Fedora; Linux x86_64; rv:114.0) Gecko/20100101 Firefox/114.0
text/html,application/xhtml+xml,application/xml;q=0.9,*/*;q=0.8
en-US,en;q=0.5
1
https://hoisolutions.com/contact-us
https://hoisolutions.com
application/x-www-form-urlencoded
Apache
hoisolutions.com
35.208.143.32
443
156.239.55.103
webmaster
/home/u1591-qwzjsnkmssh6/www/hoisolutions.com/public_html/backend/action/action.php
12148
/backend/action/action
CGI/1.1
HTTP/1.0
POST

/backend/action/action
/backend/action/action.php
40
120
120
768M
256M
256M
/backend/action/action.php
1709160196.5322
1709160196

/usr/local/bin:/usr/bin:/bin
/home/u1591-qwzjsnkmssh6/www/hoisolutions.com/public_html
200
on
Zd_YU0m9eGZDH7EZEHvYngAAAAA
/backend/action/action
https://hoisolutions.com/backend/action/action
/usr/local/php74/bin/php
105.27.127.202
https
105.27.127.202
hoisolutions.com
gzip
close
112
7
Mozilla/5.0 (Windows NT 10.0; Win64; x64) AppleWebKit/537.36 (KHTML, like Gecko) Chrome/120.0.0.0 Safari/537.36
*/*
en-US,en;q=0.9
max-age=0
application/x-www-form-urlencoded;
1
Apache
hoisolutions.com
35.208.143.32
443
105.27.127.202
webmaster
/home/u1591-qwzjsnkmssh6/www/hoisolutions.com/public_html/backend/action/action.php
12148
/backend/action/action
CGI/1.1
HTTP/1.0
POST

/backend/action/action
/backend/action/action.php
40
120
120
768M
256M
256M
/backend/action/action.php
1709168723.151
1709168723

/usr/local/bin:/usr/bin:/bin
/home/u1591-qwzjsnkmssh6/www/hoisolutions.com/public_html
200
on
ZeAFC2TZrlqak19oU_ziIgAAAAU
/backend/action/action
https://hoisolutions.com/backend/action/action
/usr/local/php74/bin/php
92.87.20.244
https
92.87.20.244
hoisolutions.com
gzip
close
101
7
Mozilla/5.0 (Windows NT 10.0; Win64; x64) AppleWebKit/537.36 (KHTML, like Gecko) Chrome/120.0.0.0 Safari/537.36
*/*
en-US,en;q=0.9
max-age=0
application/x-www-form-urlencoded;
1
Apache
hoisolutions.com
35.208.143.32
443
92.87.20.244
webmaster
/home/u1591-qwzjsnkmssh6/www/hoisolutions.com/public_html/backend/action/action.php
12148
/backend/action/action
CGI/1.1
HTTP/1.0
POST

/backend/action/action
/backend/action/action.php
40
120
120
768M
256M
256M
/backend/action/action.php
1709180171.1916
1709180171

/usr/local/bin:/usr/bin:/bin
/home/u1591-qwzjsnkmssh6/www/hoisolutions.com/public_html
200
on
ZeAFDekfh4685rKYC6a_SAAAAAY
/backend/action/action
https://hoisolutions.com/backend/action/action
/usr/local/php74/bin/php
92.87.20.244
https
92.87.20.244
hoisolutions.com
gzip
close
101
7
Mozilla/5.0 (Windows NT 10.0; Win64; x64) AppleWebKit/537.36 (KHTML, like Gecko) Chrome/120.0.0.0 Safari/537.36
*/*
en-US,en;q=0.9
max-age=0
application/x-www-form-urlencoded;
1
Apache
hoisolutions.com
35.208.143.32
443
92.87.20.244
webmaster
/home/u1591-qwzjsnkmssh6/www/hoisolutions.com/public_html/backend/action/action.php
12148
/backend/action/action
CGI/1.1
HTTP/1.0
POST

/backend/action/action
/backend/action/action.php
40
120
120
768M
256M
256M
/backend/action/action.php
1709180173.7752
1709180173

/usr/local/bin:/usr/bin:/bin
/home/u1591-qwzjsnkmssh6/www/hoisolutions.com/public_html
200
on
ZeAFEWTZrlqak19oU_ziIwAAAAU
/backend/action/action
https://hoisolutions.com/backend/action/action
/usr/local/php74/bin/php
92.87.20.244
https
92.87.20.244
hoisolutions.com
gzip
close
154
7
Mozilla/5.0 (Windows NT 10.0; Win64; x64) AppleWebKit/537.36 (KHTML, like Gecko) Chrome/120.0.0.0 Safari/537.36
*/*
en-US,en;q=0.9
max-age=0
application/x-www-form-urlencoded;
1
Apache
hoisolutions.com
35.208.143.32
443
92.87.20.244
webmaster
/home/u1591-qwzjsnkmssh6/www/hoisolutions.com/public_html/backend/action/action.php
12148
/backend/action/action
CGI/1.1
HTTP/1.0
POST

/backend/action/action
/backend/action/action.php
40
120
120
768M
256M
256M
/backend/action/action.php
1709180177.3376
1709180177

/usr/local/bin:/usr/bin:/bin
/home/u1591-qwzjsnkmssh6/www/hoisolutions.com/public_html
200
on
ZeAFE-FeZKJaZZ9jf_fcMgAAAAk
/backend/action/action
https://hoisolutions.com/backend/action/action
/usr/local/php74/bin/php
92.87.20.244
https
92.87.20.244
hoisolutions.com
gzip
close
154
7
Mozilla/5.0 (Windows NT 10.0; Win64; x64) AppleWebKit/537.36 (KHTML, like Gecko) Chrome/120.0.0.0 Safari/537.36
*/*
en-US,en;q=0.9
max-age=0
application/x-www-form-urlencoded;
1
Apache
hoisolutions.com
35.208.143.32
443
92.87.20.244
webmaster
/home/u1591-qwzjsnkmssh6/www/hoisolutions.com/public_html/backend/action/action.php
12148
/backend/action/action
CGI/1.1
HTTP/1.0
POST

/backend/action/action
/backend/action/action.php
40
120
120
768M
256M
256M
/backend/action/action.php
1709180179.9341
1709180179

/usr/local/bin:/usr/bin:/bin
/home/u1591-qwzjsnkmssh6/www/hoisolutions.com/public_html
200
on
ZeAiAwwXCf7eWSrvimoUYQAAAAo
/backend/action/action
https://hoisolutions.com/backend/action/action
/usr/local/php74/bin/php
103.82.26.160
https
103.82.26.160
hoisolutions.com
gzip
close
106
7
Mozilla/5.0 (Windows NT 10.0; Win64; x64) AppleWebKit/537.36 (KHTML, like Gecko) Chrome/120.0.0.0 Safari/537.36
*/*
en-US,en;q=0.9
max-age=0
application/x-www-form-urlencoded;
1
Apache
hoisolutions.com
35.208.143.32
443
103.82.26.160
webmaster
/home/u1591-qwzjsnkmssh6/www/hoisolutions.com/public_html/backend/action/action.php
12148
/backend/action/action
CGI/1.1
HTTP/1.0
POST

/backend/action/action
/backend/action/action.php
40
120
120
768M
256M
256M
/backend/action/action.php
1709187587.7878
1709187587

/usr/local/bin:/usr/bin:/bin
/home/u1591-qwzjsnkmssh6/www/hoisolutions.com/public_html
200
on
ZeAiCcjeB5wYzrb8C9HpMQAAAAI
/backend/action/action
https://hoisolutions.com/backend/action/action
/usr/local/php74/bin/php
103.82.26.160
https
103.82.26.160
hoisolutions.com
gzip
close
106
7
Mozilla/5.0 (Windows NT 10.0; Win64; x64) AppleWebKit/537.36 (KHTML, like Gecko) Chrome/120.0.0.0 Safari/537.36
*/*
en-US,en;q=0.9
max-age=0
application/x-www-form-urlencoded;
1
Apache
hoisolutions.com
35.208.143.32
443
103.82.26.160
webmaster
/home/u1591-qwzjsnkmssh6/www/hoisolutions.com/public_html/backend/action/action.php
12148
/backend/action/action
CGI/1.1
HTTP/1.0
POST

/backend/action/action
/backend/action/action.php
40
120
120
768M
256M
256M
/backend/action/action.php
1709187593.5376
1709187593

/usr/local/bin:/usr/bin:/bin
/home/u1591-qwzjsnkmssh6/www/hoisolutions.com/public_html
200
on
ZeAiEcjeB5wYzrb8C9HpMgAAAAI
/backend/action/action
https://hoisolutions.com/backend/action/action
/usr/local/php74/bin/php
103.82.26.160
https
103.82.26.160
hoisolutions.com
gzip
close
147
7
Mozilla/5.0 (Windows NT 10.0; Win64; x64) AppleWebKit/537.36 (KHTML, like Gecko) Chrome/120.0.0.0 Safari/537.36
*/*
en-US,en;q=0.9
max-age=0
application/x-www-form-urlencoded;
1
Apache
hoisolutions.com
35.208.143.32
443
103.82.26.160
webmaster
/home/u1591-qwzjsnkmssh6/www/hoisolutions.com/public_html/backend/action/action.php
12148
/backend/action/action
CGI/1.1
HTTP/1.0
POST

/backend/action/action
/backend/action/action.php
40
120
120
768M
256M
256M
/backend/action/action.php
1709187601.6993
1709187601

/usr/local/bin:/usr/bin:/bin
/home/u1591-qwzjsnkmssh6/www/hoisolutions.com/public_html
200
on
ZeAiGK22ynmRR_ASPSU2jQAAAAQ
/backend/action/action
https://hoisolutions.com/backend/action/action
/usr/local/php74/bin/php
103.82.26.160
https
103.82.26.160
hoisolutions.com
gzip
close
147
7
Mozilla/5.0 (Windows NT 10.0; Win64; x64) AppleWebKit/537.36 (KHTML, like Gecko) Chrome/120.0.0.0 Safari/537.36
*/*
en-US,en;q=0.9
max-age=0
application/x-www-form-urlencoded;
1
Apache
hoisolutions.com
35.208.143.32
443
103.82.26.160
webmaster
/home/u1591-qwzjsnkmssh6/www/hoisolutions.com/public_html/backend/action/action.php
12148
/backend/action/action
CGI/1.1
HTTP/1.0
POST

/backend/action/action
/backend/action/action.php
40
120
120
768M
256M
256M
/backend/action/action.php
1709187608.3961
1709187608

/usr/local/bin:/usr/bin:/bin
/home/u1591-qwzjsnkmssh6/www/hoisolutions.com/public_html
200
on
ZeAnfHYKZ2hp2lcKt_RHugAAAAQ
/backend/action/action
https://hoisolutions.com/backend/action/action
/usr/local/php74/bin/php
84.199.99.235
https
84.199.99.235
hoisolutions.com
gzip
close
94
7
Mozilla/5.0 (Windows NT 10.0; Win64; x64) AppleWebKit/537.36 (KHTML, like Gecko) Chrome/120.0.0.0 Safari/537.36
*/*
en-US,en;q=0.9
max-age=0
application/x-www-form-urlencoded;
1
Apache
hoisolutions.com
35.208.143.32
443
84.199.99.235
webmaster
/home/u1591-qwzjsnkmssh6/www/hoisolutions.com/public_html/backend/action/action.php
12148
/backend/action/action
CGI/1.1
HTTP/1.0
POST

/backend/action/action
/backend/action/action.php
40
120
120
768M
256M
256M
/backend/action/action.php
1709188988.3194
1709188988

/usr/local/bin:/usr/bin:/bin
/home/u1591-qwzjsnkmssh6/www/hoisolutions.com/public_html
200
on
ZeAnfRI3Unm0QqA7TKBjpwAAAAc
/backend/action/action
https://hoisolutions.com/backend/action/action
/usr/local/php74/bin/php
84.199.99.235
https
84.199.99.235
hoisolutions.com
gzip
close
94
7
Mozilla/5.0 (Windows NT 10.0; Win64; x64) AppleWebKit/537.36 (KHTML, like Gecko) Chrome/120.0.0.0 Safari/537.36
*/*
en-US,en;q=0.9
max-age=0
application/x-www-form-urlencoded;
1
Apache
hoisolutions.com
35.208.143.32
443
84.199.99.235
webmaster
/home/u1591-qwzjsnkmssh6/www/hoisolutions.com/public_html/backend/action/action.php
12148
/backend/action/action
CGI/1.1
HTTP/1.0
POST

/backend/action/action
/backend/action/action.php
40
120
120
768M
256M
256M
/backend/action/action.php
1709188989.6266
1709188989

/usr/local/bin:/usr/bin:/bin
/home/u1591-qwzjsnkmssh6/www/hoisolutions.com/public_html
200
on
ZeAnfwwXCf7eWSrvimoU3QAAAAo
/backend/action/action
https://hoisolutions.com/backend/action/action
/usr/local/php74/bin/php
84.199.99.235
https
84.199.99.235
hoisolutions.com
gzip
close
140
7
Mozilla/5.0 (Windows NT 10.0; Win64; x64) AppleWebKit/537.36 (KHTML, like Gecko) Chrome/120.0.0.0 Safari/537.36
*/*
en-US,en;q=0.9
max-age=0
application/x-www-form-urlencoded;
1
Apache
hoisolutions.com
35.208.143.32
443
84.199.99.235
webmaster
/home/u1591-qwzjsnkmssh6/www/hoisolutions.com/public_html/backend/action/action.php
12148
/backend/action/action
CGI/1.1
HTTP/1.0
POST

/backend/action/action
/backend/action/action.php
40
120
120
768M
256M
256M
/backend/action/action.php
1709188991.6974
1709188991

/usr/local/bin:/usr/bin:/bin
/home/u1591-qwzjsnkmssh6/www/hoisolutions.com/public_html
200
on
ZeAngcwcaw6mMaGm87qFDwAAAAI
/backend/action/action
https://hoisolutions.com/backend/action/action
/usr/local/php74/bin/php
84.199.99.235
https
84.199.99.235
hoisolutions.com
gzip
close
140
7
Mozilla/5.0 (Windows NT 10.0; Win64; x64) AppleWebKit/537.36 (KHTML, like Gecko) Chrome/120.0.0.0 Safari/537.36
*/*
en-US,en;q=0.9
max-age=0
application/x-www-form-urlencoded;
1
Apache
hoisolutions.com
35.208.143.32
443
84.199.99.235
webmaster
/home/u1591-qwzjsnkmssh6/www/hoisolutions.com/public_html/backend/action/action.php
12148
/backend/action/action
CGI/1.1
HTTP/1.0
POST

/backend/action/action
/backend/action/action.php
40
120
120
768M
256M
256M
/backend/action/action.php
1709188993.0809
1709188993

/usr/local/bin:/usr/bin:/bin
/home/u1591-qwzjsnkmssh6/www/hoisolutions.com/public_html
200
on
ZeAnmxI3Unm0QqA7TKBjqwAAAAc
/backend/action/action
https://hoisolutions.com/backend/action/action
/usr/local/php74/bin/php
154.16.18.70
https
154.16.18.70
hoisolutions.com
gzip
close
103
7
Mozilla/5.0 (Windows NT 10.0; Win64; x64) AppleWebKit/537.36 (KHTML, like Gecko) Chrome/120.0.0.0 Safari/537.36
*/*
en-US,en;q=0.9
max-age=0
application/x-www-form-urlencoded;
1
Apache
hoisolutions.com
35.208.143.32
443
154.16.18.70
webmaster
/home/u1591-qwzjsnkmssh6/www/hoisolutions.com/public_html/backend/action/action.php
12148
/backend/action/action
CGI/1.1
HTTP/1.0
POST

/backend/action/action
/backend/action/action.php
40
120
120
768M
256M
256M
/backend/action/action.php
1709189019.593
1709189019

/usr/local/bin:/usr/bin:/bin
/home/u1591-qwzjsnkmssh6/www/hoisolutions.com/public_html
200
on
ZeAnnTyOcAOB2PIh-Q_kxgAAAAA
/backend/action/action
https://hoisolutions.com/backend/action/action
/usr/local/php74/bin/php
154.16.18.70
https
154.16.18.70
hoisolutions.com
gzip
close
103
7
Mozilla/5.0 (Windows NT 10.0; Win64; x64) AppleWebKit/537.36 (KHTML, like Gecko) Chrome/120.0.0.0 Safari/537.36
*/*
en-US,en;q=0.9
max-age=0
application/x-www-form-urlencoded;
1
Apache
hoisolutions.com
35.208.143.32
443
154.16.18.70
webmaster
/home/u1591-qwzjsnkmssh6/www/hoisolutions.com/public_html/backend/action/action.php
12148
/backend/action/action
CGI/1.1
HTTP/1.0
POST

/backend/action/action
/backend/action/action.php
40
120
120
768M
256M
256M
/backend/action/action.php
1709189021.1107
1709189021

/usr/local/bin:/usr/bin:/bin
/home/u1591-qwzjsnkmssh6/www/hoisolutions.com/public_html
200
on
ZeAnn2JBXCMfyd8twrc0ygAAAAE
/backend/action/action
https://hoisolutions.com/backend/action/action
/usr/local/php74/bin/php
154.16.18.70
https
154.16.18.70
hoisolutions.com
gzip
close
143
7
Mozilla/5.0 (Windows NT 10.0; Win64; x64) AppleWebKit/537.36 (KHTML, like Gecko) Chrome/120.0.0.0 Safari/537.36
*/*
en-US,en;q=0.9
max-age=0
application/x-www-form-urlencoded;
1
Apache
hoisolutions.com
35.208.143.32
443
154.16.18.70
webmaster
/home/u1591-qwzjsnkmssh6/www/hoisolutions.com/public_html/backend/action/action.php
12148
/backend/action/action
CGI/1.1
HTTP/1.0
POST

/backend/action/action
/backend/action/action.php
40
120
120
768M
256M
256M
/backend/action/action.php
1709189023.2461
1709189023

/usr/local/bin:/usr/bin:/bin
/home/u1591-qwzjsnkmssh6/www/hoisolutions.com/public_html
200
on
ZeAnoHYKZ2hp2lcKt_RHwAAAAAQ
/backend/action/action
https://hoisolutions.com/backend/action/action
/usr/local/php74/bin/php
154.16.18.70
https
154.16.18.70
hoisolutions.com
gzip
close
143
7
Mozilla/5.0 (Windows NT 10.0; Win64; x64) AppleWebKit/537.36 (KHTML, like Gecko) Chrome/120.0.0.0 Safari/537.36
*/*
en-US,en;q=0.9
max-age=0
application/x-www-form-urlencoded;
1
Apache
hoisolutions.com
35.208.143.32
443
154.16.18.70
webmaster
/home/u1591-qwzjsnkmssh6/www/hoisolutions.com/public_html/backend/action/action.php
12148
/backend/action/action
CGI/1.1
HTTP/1.0
POST

/backend/action/action
/backend/action/action.php
40
120
120
768M
256M
256M
/backend/action/action.php
1709189024.6576
1709189024

/usr/local/bin:/usr/bin:/bin
/home/u1591-qwzjsnkmssh6/www/hoisolutions.com/public_html
200
on
ZeBU5ucukPYl7BSWmS4hVQAAAAo
/backend/action/action
https://hoisolutions.com/backend/action/action
/usr/local/php74/bin/php
41.76.150.178
https
41.76.150.178
hoisolutions.com
gzip
close
101
7
Mozilla/5.0 (Windows NT 10.0; Win64; x64) AppleWebKit/537.36 (KHTML, like Gecko) Chrome/120.0.0.0 Safari/537.36
*/*
en-US,en;q=0.9
max-age=0
application/x-www-form-urlencoded;
1
Apache
hoisolutions.com
35.208.143.32
443
41.76.150.178
webmaster
/home/u1591-qwzjsnkmssh6/www/hoisolutions.com/public_html/backend/action/action.php
12148
/backend/action/action
CGI/1.1
HTTP/1.0
POST

/backend/action/action
/backend/action/action.php
40
120
120
768M
256M
256M
/backend/action/action.php
1709200614.4198
1709200614

/usr/local/bin:/usr/bin:/bin
/home/u1591-qwzjsnkmssh6/www/hoisolutions.com/public_html
200
on
ZeBU7HFY9RCmXTo_mbntvQAAAAA
/backend/action/action
https://hoisolutions.com/backend/action/action
/usr/local/php74/bin/php
41.76.150.178
https
41.76.150.178
hoisolutions.com
gzip
close
101
7
Mozilla/5.0 (Windows NT 10.0; Win64; x64) AppleWebKit/537.36 (KHTML, like Gecko) Chrome/120.0.0.0 Safari/537.36
*/*
en-US,en;q=0.9
max-age=0
application/x-www-form-urlencoded;
1
Apache
hoisolutions.com
35.208.143.32
443
41.76.150.178
webmaster
/home/u1591-qwzjsnkmssh6/www/hoisolutions.com/public_html/backend/action/action.php
12148
/backend/action/action
CGI/1.1
HTTP/1.0
POST

/backend/action/action
/backend/action/action.php
40
120
120
768M
256M
256M
/backend/action/action.php
1709200620.7294
1709200620

/usr/local/bin:/usr/bin:/bin
/home/u1591-qwzjsnkmssh6/www/hoisolutions.com/public_html
200
on
ZeBU-M2TiPNWyPBMCBpN0wAAAAM
/backend/action/action
https://hoisolutions.com/backend/action/action
/usr/local/php74/bin/php
41.76.150.178
https
41.76.150.178
hoisolutions.com
gzip
close
141
7
Mozilla/5.0 (Windows NT 10.0; Win64; x64) AppleWebKit/537.36 (KHTML, like Gecko) Chrome/120.0.0.0 Safari/537.36
*/*
en-US,en;q=0.9
max-age=0
application/x-www-form-urlencoded;
1
Apache
hoisolutions.com
35.208.143.32
443
41.76.150.178
webmaster
/home/u1591-qwzjsnkmssh6/www/hoisolutions.com/public_html/backend/action/action.php
12148
/backend/action/action
CGI/1.1
HTTP/1.0
POST

/backend/action/action
/backend/action/action.php
40
120
120
768M
256M
256M
/backend/action/action.php
1709200632.3424
1709200632

/usr/local/bin:/usr/bin:/bin
/home/u1591-qwzjsnkmssh6/www/hoisolutions.com/public_html
200
on
ZeBU_7ApYsP9QeOoq7I2mQAAAAk
/backend/action/action
https://hoisolutions.com/backend/action/action
/usr/local/php74/bin/php
41.76.150.178
https
41.76.150.178
hoisolutions.com
gzip
close
141
7
Mozilla/5.0 (Windows NT 10.0; Win64; x64) AppleWebKit/537.36 (KHTML, like Gecko) Chrome/120.0.0.0 Safari/537.36
*/*
en-US,en;q=0.9
max-age=0
application/x-www-form-urlencoded;
1
Apache
hoisolutions.com
35.208.143.32
443
41.76.150.178
webmaster
/home/u1591-qwzjsnkmssh6/www/hoisolutions.com/public_html/backend/action/action.php
12148
/backend/action/action
CGI/1.1
HTTP/1.0
POST

/backend/action/action
/backend/action/action.php
40
120
120
768M
256M
256M
/backend/action/action.php
1709200639.326
1709200639

/usr/local/bin:/usr/bin:/bin
/home/u1591-qwzjsnkmssh6/www/hoisolutions.com/public_html
200
on
ZeBoeqYSbOVLXy0ys2MlyAAAABA
/backend/action/action
https://hoisolutions.com/backend/action/action
/usr/local/php74/bin/php
178.212.52.92
https
178.212.52.92
hoisolutions.com
gzip
close
100
7
Mozilla/5.0 (Windows NT 10.0; Win64; x64) AppleWebKit/537.36 (KHTML, like Gecko) Chrome/120.0.0.0 Safari/537.36
*/*
en-US,en;q=0.9
max-age=0
application/x-www-form-urlencoded;
1
Apache
hoisolutions.com
35.208.143.32
443
178.212.52.92
webmaster
/home/u1591-qwzjsnkmssh6/www/hoisolutions.com/public_html/backend/action/action.php
12148
/backend/action/action
CGI/1.1
HTTP/1.0
POST

/backend/action/action
/backend/action/action.php
40
120
120
768M
256M
256M
/backend/action/action.php
1709205626.7042
1709205626

/usr/local/bin:/usr/bin:/bin
/home/u1591-qwzjsnkmssh6/www/hoisolutions.com/public_html
200
on
ZeBofZLo81Q4Vk288xZb4wAAABI
/backend/action/action
https://hoisolutions.com/backend/action/action
/usr/local/php74/bin/php
178.212.52.92
https
178.212.52.92
hoisolutions.com
gzip
close
100
7
Mozilla/5.0 (Windows NT 10.0; Win64; x64) AppleWebKit/537.36 (KHTML, like Gecko) Chrome/120.0.0.0 Safari/537.36
*/*
en-US,en;q=0.9
max-age=0
application/x-www-form-urlencoded;
1
Apache
hoisolutions.com
35.208.143.32
443
178.212.52.92
webmaster
/home/u1591-qwzjsnkmssh6/www/hoisolutions.com/public_html/backend/action/action.php
12148
/backend/action/action
CGI/1.1
HTTP/1.0
POST

/backend/action/action
/backend/action/action.php
40
120
120
768M
256M
256M
/backend/action/action.php
1709205629.1264
1709205629

/usr/local/bin:/usr/bin:/bin
/home/u1591-qwzjsnkmssh6/www/hoisolutions.com/public_html
200
on
ZeBogHlNQzEtJQ3fKzswrQAAABE
/backend/action/action
https://hoisolutions.com/backend/action/action
/usr/local/php74/bin/php
178.212.52.92
https
178.212.52.92
hoisolutions.com
gzip
close
135
7
Mozilla/5.0 (Windows NT 10.0; Win64; x64) AppleWebKit/537.36 (KHTML, like Gecko) Chrome/120.0.0.0 Safari/537.36
*/*
en-US,en;q=0.9
max-age=0
application/x-www-form-urlencoded;
1
Apache
hoisolutions.com
35.208.143.32
443
178.212.52.92
webmaster
/home/u1591-qwzjsnkmssh6/www/hoisolutions.com/public_html/backend/action/action.php
12148
/backend/action/action
CGI/1.1
HTTP/1.0
POST

/backend/action/action
/backend/action/action.php
40
120
120
768M
256M
256M
/backend/action/action.php
1709205632.8312
1709205632

/usr/local/bin:/usr/bin:/bin
/home/u1591-qwzjsnkmssh6/www/hoisolutions.com/public_html
200
on
ZeBogmE9OaYxBnylpzehdgAAAA8
/backend/action/action
https://hoisolutions.com/backend/action/action
/usr/local/php74/bin/php
178.212.52.92
https
178.212.52.92
hoisolutions.com
gzip
close
135
7
Mozilla/5.0 (Windows NT 10.0; Win64; x64) AppleWebKit/537.36 (KHTML, like Gecko) Chrome/120.0.0.0 Safari/537.36
*/*
en-US,en;q=0.9
max-age=0
application/x-www-form-urlencoded;
1
Apache
hoisolutions.com
35.208.143.32
443
178.212.52.92
webmaster
/home/u1591-qwzjsnkmssh6/www/hoisolutions.com/public_html/backend/action/action.php
12148
/backend/action/action
CGI/1.1
HTTP/1.0
POST

/backend/action/action
/backend/action/action.php
40
120
120
768M
256M
256M
/backend/action/action.php
1709205634.9961
1709205634

/usr/local/bin:/usr/bin:/bin
/home/u1591-qwzjsnkmssh6/www/hoisolutions.com/public_html
200
on
ZeB4L0Dd0P2l8Yyud0LD0QAAAAM
/backend/action/action
https://hoisolutions.com/backend/action/action
/usr/local/php74/bin/php
95.170.194.15
https
95.170.194.15
hoisolutions.com
gzip
close
99
7
Mozilla/5.0 (Windows NT 10.0; Win64; x64) AppleWebKit/537.36 (KHTML, like Gecko) Chrome/120.0.0.0 Safari/537.36
*/*
en-US,en;q=0.9
max-age=0
application/x-www-form-urlencoded;
1
Apache
hoisolutions.com
35.208.143.32
443
95.170.194.15
webmaster
/home/u1591-qwzjsnkmssh6/www/hoisolutions.com/public_html/backend/action/action.php
12148
/backend/action/action
CGI/1.1
HTTP/1.0
POST

/backend/action/action
/backend/action/action.php
40
120
120
768M
256M
256M
/backend/action/action.php
1709209647.1492
1709209647

/usr/local/bin:/usr/bin:/bin
/home/u1591-qwzjsnkmssh6/www/hoisolutions.com/public_html
200
on
ZeB4MnfZo9--_pPWJXJGCgAAAAQ
/backend/action/action
https://hoisolutions.com/backend/action/action
/usr/local/php74/bin/php
95.170.194.15
https
95.170.194.15
hoisolutions.com
gzip
close
99
7
Mozilla/5.0 (Windows NT 10.0; Win64; x64) AppleWebKit/537.36 (KHTML, like Gecko) Chrome/120.0.0.0 Safari/537.36
*/*
en-US,en;q=0.9
max-age=0
application/x-www-form-urlencoded;
1
Apache
hoisolutions.com
35.208.143.32
443
95.170.194.15
webmaster
/home/u1591-qwzjsnkmssh6/www/hoisolutions.com/public_html/backend/action/action.php
12148
/backend/action/action
CGI/1.1
HTTP/1.0
POST

/backend/action/action
/backend/action/action.php
40
120
120
768M
256M
256M
/backend/action/action.php
1709209650.3898
1709209650

/usr/local/bin:/usr/bin:/bin
/home/u1591-qwzjsnkmssh6/www/hoisolutions.com/public_html
200
on
ZeB4N0Dd0P2l8Yyud0LD0gAAAAM
/backend/action/action
https://hoisolutions.com/backend/action/action
/usr/local/php74/bin/php
95.170.194.15
https
95.170.194.15
hoisolutions.com
gzip
close
141
7
Mozilla/5.0 (Windows NT 10.0; Win64; x64) AppleWebKit/537.36 (KHTML, like Gecko) Chrome/120.0.0.0 Safari/537.36
*/*
en-US,en;q=0.9
max-age=0
application/x-www-form-urlencoded;
1
Apache
hoisolutions.com
35.208.143.32
443
95.170.194.15
webmaster
/home/u1591-qwzjsnkmssh6/www/hoisolutions.com/public_html/backend/action/action.php
12148
/backend/action/action
CGI/1.1
HTTP/1.0
POST

/backend/action/action
/backend/action/action.php
40
120
120
768M
256M
256M
/backend/action/action.php
1709209655.1045
1709209655

/usr/local/bin:/usr/bin:/bin
/home/u1591-qwzjsnkmssh6/www/hoisolutions.com/public_html
200
on
ZeB4OsEu-JOt4YUNvpRulwAAAAI
/backend/action/action
https://hoisolutions.com/backend/action/action
/usr/local/php74/bin/php
95.170.194.15
https
95.170.194.15
hoisolutions.com
gzip
close
141
7
Mozilla/5.0 (Windows NT 10.0; Win64; x64) AppleWebKit/537.36 (KHTML, like Gecko) Chrome/120.0.0.0 Safari/537.36
*/*
en-US,en;q=0.9
max-age=0
application/x-www-form-urlencoded;
1
Apache
hoisolutions.com
35.208.143.32
443
95.170.194.15
webmaster
/home/u1591-qwzjsnkmssh6/www/hoisolutions.com/public_html/backend/action/action.php
12148
/backend/action/action
CGI/1.1
HTTP/1.0
POST

/backend/action/action
/backend/action/action.php
40
120
120
768M
256M
256M
/backend/action/action.php
1709209658.458
1709209658

/usr/local/bin:/usr/bin:/bin
/home/u1591-qwzjsnkmssh6/www/hoisolutions.com/public_html
200
on
ZeCQRqBDXb8aQjSvjbaHUgAAAAY
/backend/action/action
https://hoisolutions.com/backend/action/action
/usr/local/php74/bin/php
186.188.220.174
https
186.188.220.174
hoisolutions.com
gzip
close
103
7
Mozilla/5.0 (Windows NT 10.0; Win64; x64) AppleWebKit/537.36 (KHTML, like Gecko) Chrome/120.0.0.0 Safari/537.36
*/*
en-US,en;q=0.9
max-age=0
application/x-www-form-urlencoded;
1
Apache
hoisolutions.com
35.208.143.32
443
186.188.220.174
webmaster
/home/u1591-qwzjsnkmssh6/www/hoisolutions.com/public_html/backend/action/action.php
12148
/backend/action/action
CGI/1.1
HTTP/1.0
POST

/backend/action/action
/backend/action/action.php
40
120
120
768M
256M
256M
/backend/action/action.php
1709215814.5286
1709215814

/usr/local/bin:/usr/bin:/bin
/home/u1591-qwzjsnkmssh6/www/hoisolutions.com/public_html
200
on
ZeCQSuK6vJfaEDPUOW1cvwAAAAE
/backend/action/action
https://hoisolutions.com/backend/action/action
/usr/local/php74/bin/php
186.188.220.174
https
186.188.220.174
hoisolutions.com
gzip
close
103
7
Mozilla/5.0 (Windows NT 10.0; Win64; x64) AppleWebKit/537.36 (KHTML, like Gecko) Chrome/120.0.0.0 Safari/537.36
*/*
en-US,en;q=0.9
max-age=0
application/x-www-form-urlencoded;
1
Apache
hoisolutions.com
35.208.143.32
443
186.188.220.174
webmaster
/home/u1591-qwzjsnkmssh6/www/hoisolutions.com/public_html/backend/action/action.php
12148
/backend/action/action
CGI/1.1
HTTP/1.0
POST

/backend/action/action
/backend/action/action.php
40
120
120
768M
256M
256M
/backend/action/action.php
1709215818.2071
1709215818

/usr/local/bin:/usr/bin:/bin
/home/u1591-qwzjsnkmssh6/www/hoisolutions.com/public_html
200
on
ZeCQUHrJ_s0DEgyDCK3SXwAAAAg
/backend/action/action
https://hoisolutions.com/backend/action/action
/usr/local/php74/bin/php
186.188.220.174
https
186.188.220.174
hoisolutions.com
gzip
close
138
7
Mozilla/5.0 (Windows NT 10.0; Win64; x64) AppleWebKit/537.36 (KHTML, like Gecko) Chrome/120.0.0.0 Safari/537.36
*/*
en-US,en;q=0.9
max-age=0
application/x-www-form-urlencoded;
1
Apache
hoisolutions.com
35.208.143.32
443
186.188.220.174
webmaster
/home/u1591-qwzjsnkmssh6/www/hoisolutions.com/public_html/backend/action/action.php
12148
/backend/action/action
CGI/1.1
HTTP/1.0
POST

/backend/action/action
/backend/action/action.php
40
120
120
768M
256M
256M
/backend/action/action.php
1709215824.0422
1709215824

/usr/local/bin:/usr/bin:/bin
/home/u1591-qwzjsnkmssh6/www/hoisolutions.com/public_html
200
on
ZeCQVO2Fg98jBb2a1ksQ9QAAAAA
/backend/action/action
https://hoisolutions.com/backend/action/action
/usr/local/php74/bin/php
186.188.220.174
https
186.188.220.174
hoisolutions.com
gzip
close
138
7
Mozilla/5.0 (Windows NT 10.0; Win64; x64) AppleWebKit/537.36 (KHTML, like Gecko) Chrome/120.0.0.0 Safari/537.36
*/*
en-US,en;q=0.9
max-age=0
application/x-www-form-urlencoded;
1
Apache
hoisolutions.com
35.208.143.32
443
186.188.220.174
webmaster
/home/u1591-qwzjsnkmssh6/www/hoisolutions.com/public_html/backend/action/action.php
12148
/backend/action/action
CGI/1.1
HTTP/1.0
POST

/backend/action/action
/backend/action/action.php
40
120
120
768M
256M
256M
/backend/action/action.php
1709215828.3947
1709215828

/usr/local/bin:/usr/bin:/bin
/home/u1591-qwzjsnkmssh6/www/hoisolutions.com/public_html
200
on
ZeCyC3vn31DYDfdvx71PHwAAAAE
/backend/action/action
https://hoisolutions.com/backend/action/action
/usr/local/php74/bin/php
43.153.205.166
https
43.153.205.166
hoisolutions.com
gzip
close
101
7
Mozilla/5.0 (Windows NT 10.0; Win64; x64) AppleWebKit/537.36 (KHTML, like Gecko) Chrome/120.0.0.0 Safari/537.36
*/*
en-US,en;q=0.9
max-age=0
application/x-www-form-urlencoded;
1
Apache
hoisolutions.com
35.208.143.32
443
43.153.205.166
webmaster
/home/u1591-qwzjsnkmssh6/www/hoisolutions.com/public_html/backend/action/action.php
12148
/backend/action/action
CGI/1.1
HTTP/1.0
POST

/backend/action/action
/backend/action/action.php
40
120
120
768M
256M
256M
/backend/action/action.php
1709224459.8176
1709224459

/usr/local/bin:/usr/bin:/bin
/home/u1591-qwzjsnkmssh6/www/hoisolutions.com/public_html
200
on
ZeCyESEepSHbYLA51R8ykAAAAAg
/backend/action/action
https://hoisolutions.com/backend/action/action
/usr/local/php74/bin/php
43.153.205.166
https
43.153.205.166
hoisolutions.com
gzip
close
101
7
Mozilla/5.0 (Windows NT 10.0; Win64; x64) AppleWebKit/537.36 (KHTML, like Gecko) Chrome/120.0.0.0 Safari/537.36
*/*
en-US,en;q=0.9
max-age=0
application/x-www-form-urlencoded;
1
Apache
hoisolutions.com
35.208.143.32
443
43.153.205.166
webmaster
/home/u1591-qwzjsnkmssh6/www/hoisolutions.com/public_html/backend/action/action.php
12148
/backend/action/action
CGI/1.1
HTTP/1.0
POST

/backend/action/action
/backend/action/action.php
40
120
120
768M
256M
256M
/backend/action/action.php
1709224465.1948
1709224465

/usr/local/bin:/usr/bin:/bin
/home/u1591-qwzjsnkmssh6/www/hoisolutions.com/public_html
200
on
ZeCyGJEBWPkpyqbGTA6zBgAAAAs
/backend/action/action
https://hoisolutions.com/backend/action/action
/usr/local/php74/bin/php
43.153.205.166
https
43.153.205.166
hoisolutions.com
gzip
close
140
7
Mozilla/5.0 (Windows NT 10.0; Win64; x64) AppleWebKit/537.36 (KHTML, like Gecko) Chrome/120.0.0.0 Safari/537.36
*/*
en-US,en;q=0.9
max-age=0
application/x-www-form-urlencoded;
1
Apache
hoisolutions.com
35.208.143.32
443
43.153.205.166
webmaster
/home/u1591-qwzjsnkmssh6/www/hoisolutions.com/public_html/backend/action/action.php
12148
/backend/action/action
CGI/1.1
HTTP/1.0
POST

/backend/action/action
/backend/action/action.php
40
120
120
768M
256M
256M
/backend/action/action.php
1709224472.3783
1709224472

/usr/local/bin:/usr/bin:/bin
/home/u1591-qwzjsnkmssh6/www/hoisolutions.com/public_html
200
on
ZeCyHbtfghZZ8O1GyVuyKwAAAAI
/backend/action/action
https://hoisolutions.com/backend/action/action
/usr/local/php74/bin/php
43.153.205.166
https
43.153.205.166
hoisolutions.com
gzip
close
140
7
Mozilla/5.0 (Windows NT 10.0; Win64; x64) AppleWebKit/537.36 (KHTML, like Gecko) Chrome/120.0.0.0 Safari/537.36
*/*
en-US,en;q=0.9
max-age=0
application/x-www-form-urlencoded;
1
Apache
hoisolutions.com
35.208.143.32
443
43.153.205.166
webmaster
/home/u1591-qwzjsnkmssh6/www/hoisolutions.com/public_html/backend/action/action.php
12148
/backend/action/action
CGI/1.1
HTTP/1.0
POST

/backend/action/action
/backend/action/action.php
40
120
120
768M
256M
256M
/backend/action/action.php
1709224477.7451
1709224477

/usr/local/bin:/usr/bin:/bin
/home/u1591-qwzjsnkmssh6/www/hoisolutions.com/public_html
200
on
ZeC6mn-aBKQmdc8ESXBUCAAAAAg
/backend/action/action
https://hoisolutions.com/backend/action/action
/usr/local/php74/bin/php
117.3.216.118
https
117.3.216.118
hoisolutions.com
gzip
close
101
7
Mozilla/5.0 (Windows NT 10.0; Win64; x64) AppleWebKit/537.36 (KHTML, like Gecko) Chrome/120.0.0.0 Safari/537.36
*/*
en-US,en;q=0.9
max-age=0
application/x-www-form-urlencoded;
1
Apache
hoisolutions.com
35.208.143.32
443
117.3.216.118
webmaster
/home/u1591-qwzjsnkmssh6/www/hoisolutions.com/public_html/backend/action/action.php
12148
/backend/action/action
CGI/1.1
HTTP/1.0
POST

/backend/action/action
/backend/action/action.php
40
120
120
768M
256M
256M
/backend/action/action.php
1709226650.6774
1709226650

/usr/local/bin:/usr/bin:/bin
/home/u1591-qwzjsnkmssh6/www/hoisolutions.com/public_html
200
on
ZeC6oJxNr6q73ldDxIC0MwAAAAM
/backend/action/action
https://hoisolutions.com/backend/action/action
/usr/local/php74/bin/php
117.3.216.118
https
117.3.216.118
hoisolutions.com
gzip
close
101
7
Mozilla/5.0 (Windows NT 10.0; Win64; x64) AppleWebKit/537.36 (KHTML, like Gecko) Chrome/120.0.0.0 Safari/537.36
*/*
en-US,en;q=0.9
max-age=0
application/x-www-form-urlencoded;
1
Apache
hoisolutions.com
35.208.143.32
443
117.3.216.118
webmaster
/home/u1591-qwzjsnkmssh6/www/hoisolutions.com/public_html/backend/action/action.php
12148
/backend/action/action
CGI/1.1
HTTP/1.0
POST

/backend/action/action
/backend/action/action.php
40
120
120
768M
256M
256M
/backend/action/action.php
1709226656.5223
1709226656

/usr/local/bin:/usr/bin:/bin
/home/u1591-qwzjsnkmssh6/www/hoisolutions.com/public_html
200
on
ZeC6qaVMRaRJqd0xSjeFigAAAAA
/backend/action/action
https://hoisolutions.com/backend/action/action
/usr/local/php74/bin/php
117.3.216.118
https
117.3.216.118
hoisolutions.com
gzip
close
144
7
Mozilla/5.0 (Windows NT 10.0; Win64; x64) AppleWebKit/537.36 (KHTML, like Gecko) Chrome/120.0.0.0 Safari/537.36
*/*
en-US,en;q=0.9
max-age=0
application/x-www-form-urlencoded;
1
Apache
hoisolutions.com
35.208.143.32
443
117.3.216.118
webmaster
/home/u1591-qwzjsnkmssh6/www/hoisolutions.com/public_html/backend/action/action.php
12148
/backend/action/action
CGI/1.1
HTTP/1.0
POST

/backend/action/action
/backend/action/action.php
40
120
120
768M
256M
256M
/backend/action/action.php
1709226665.1384
1709226665

/usr/local/bin:/usr/bin:/bin
/home/u1591-qwzjsnkmssh6/www/hoisolutions.com/public_html
200
on
ZeC6rr_5ajfYP7Zksho7JgAAAA0
/backend/action/action
https://hoisolutions.com/backend/action/action
/usr/local/php74/bin/php
117.3.216.118
https
117.3.216.118
hoisolutions.com
gzip
close
144
7
Mozilla/5.0 (Windows NT 10.0; Win64; x64) AppleWebKit/537.36 (KHTML, like Gecko) Chrome/120.0.0.0 Safari/537.36
*/*
en-US,en;q=0.9
max-age=0
application/x-www-form-urlencoded;
1
Apache
hoisolutions.com
35.208.143.32
443
117.3.216.118
webmaster
/home/u1591-qwzjsnkmssh6/www/hoisolutions.com/public_html/backend/action/action.php
12148
/backend/action/action
CGI/1.1
HTTP/1.0
POST

/backend/action/action
/backend/action/action.php
40
120
120
768M
256M
256M
/backend/action/action.php
1709226671.006
1709226671

/usr/local/bin:/usr/bin:/bin
/home/u1591-qwzjsnkmssh6/www/hoisolutions.com/public_html
200
on
ZeC6_jiQ82t5aP1jWsJbLgAAAAI
/backend/action/action
https://hoisolutions.com/backend/action/action
/usr/local/php74/bin/php
38.207.141.196
https
38.207.141.196
hoisolutions.com
gzip
close
103
7
Mozilla/5.0 (Windows NT 10.0; Win64; x64) AppleWebKit/537.36 (KHTML, like Gecko) Chrome/120.0.0.0 Safari/537.36
*/*
en-US,en;q=0.9
max-age=0
application/x-www-form-urlencoded;
1
Apache
hoisolutions.com
35.208.143.32
443
38.207.141.196
webmaster
/home/u1591-qwzjsnkmssh6/www/hoisolutions.com/public_html/backend/action/action.php
12148
/backend/action/action
CGI/1.1
HTTP/1.0
POST

/backend/action/action
/backend/action/action.php
40
120
120
768M
256M
256M
/backend/action/action.php
1709226750.5163
1709226750

/usr/local/bin:/usr/bin:/bin
/home/u1591-qwzjsnkmssh6/www/hoisolutions.com/public_html
200
on
ZeC7DqVMRaRJqd0xSjeFlwAAAAA
/backend/action/action
https://hoisolutions.com/backend/action/action
/usr/local/php74/bin/php
38.207.141.196
https
38.207.141.196
hoisolutions.com
gzip
close
129
7
Mozilla/5.0 (Windows NT 10.0; Win64; x64) AppleWebKit/537.36 (KHTML, like Gecko) Chrome/120.0.0.0 Safari/537.36
*/*
en-US,en;q=0.9
max-age=0
application/x-www-form-urlencoded;
1
Apache
hoisolutions.com
35.208.143.32
443
38.207.141.196
webmaster
/home/u1591-qwzjsnkmssh6/www/hoisolutions.com/public_html/backend/action/action.php
12148
/backend/action/action
CGI/1.1
HTTP/1.0
POST

/backend/action/action
/backend/action/action.php
40
120
120
768M
256M
256M
/backend/action/action.php
1709226766.7676
1709226766

