/usr/local/bin:/usr/bin:/bin
/home/u1591-qwzjsnkmssh6/www/hoisolutions.com/public_html
200
on
ZcZZFneu_2e-IYdTWGZKPwAAAAY
/backend/action/action
https://hoisolutions.com/backend/action/action
/usr/local/php74/bin/php
91.196.222.229
https
91.196.222.229
hoisolutions.com
gzip
close
867
7
max-age=0
"Not A(Brand";v="99", "Google Chrome";v="121", "Chromium";v="121"
?0
"Windows"
1
https://hoisolutions.com
application/x-www-form-urlencoded
Mozilla/5.0 (Windows NT 10.0; Win64; x64) AppleWebKit/537.36 (KHTML, like Gecko) Chrome/121.0.0.0 Safari/537.36
text/html,application/xhtml+xml,application/xml;q=0.9,image/avif,image/webp,image/apng,*/*;q=0.8,application/signed-exchange;v=b3;q=0.7
same-origin
navigate
?1
document
https://hoisolutions.com/automotive-services-web-development/
en-US,en;q=0.9
__zlcmid=1IemFDz5FqhyH7Z; _fbp=fb.1.1699023181592.1778814189; _hjSessionUser_3542264=eyJpZCI6IjRlZTcyYTA4LTRiYmMtNTRhZi1iMzcwLTQ0YTYxMGZmOTk0MiIsImNyZWF0ZWQiOjE2OTkwMjMxODMzODcsImV4aXN0aW5nIjp0cnVlfQ==; _ga_45JM4J90S8=GS1.1.1706789717.2.1.1706790945.0.0.0; _ga_SJSRFR5NYV=GS1.1.1706789717.2.1.1706790945.0.0.0; _gcl_au=1.1.1906216850.1707217243; twk_idm_key=f5niAg8OUV3dVO5X5dgGL; _gid=GA1.2.1493473573.1707479846; _hjSession_3542264=eyJpZCI6IjExY2NhNDMwLTVhMWUtNDRlYy04MTUzLTQ1NTRjMTg5MGJmYSIsImMiOjE3MDc0OTc1NzU3ODYsInMiOjEsInIiOjEsInNiIjowLCJzciI6MCwic2UiOjAsImZzIjowLCJzcCI6MX0=; _ga_N0S71N60TQ=GS1.1.1707497564.118.1.1707497647.48.0.0; _rdt_uuid=1699023177407.2bd32a4e-b492-4918-8008-865b7bf64213; _ga=GA1.2.1942602944.1699023167; TawkConnectionTime=0; twk_uuid_65a960cb0ff6374032c1e513=%7B%22uuid%22%3A%221.2Bic4cTKbuMxUdYcGCWvP458NHl11tRyTQdXPf6Lb3kS2KXaYRB50gBjXh7LdFzLzL4YgLwzwzH3856kmd9ZuMfi9XEpnGa9c3H9IDckbWQnpprxdSpmX8kg9w6%22%2C%22version%22%3A3%2C%22domain%22%3A%22hoisolutions.com%22%2C%22ts%22%3A1707497664130%7D; _ga_5HRZJ4TQWQ=GS1.1.1707497564.97.1.1707497749.0.0.0
Apache
hoisolutions.com
35.208.143.32
443
91.196.222.229
webmaster
/home/u1591-qwzjsnkmssh6/www/hoisolutions.com/public_html/backend/action/action.php
12148
/backend/action/action
CGI/1.1
HTTP/1.0
POST

/backend/action/action
/backend/action/action.php
40
120
120
768M
256M
256M
/backend/action/action.php
1707497750.2927
1707497750

/usr/local/bin:/usr/bin:/bin
/home/u1591-qwzjsnkmssh6/www/hoisolutions.com/public_html
200
on
ZcZbh5pTAkSBBvtxSp85FQAAAAc
/backend/action/action
https://hoisolutions.com/backend/action/action
/usr/local/php74/bin/php
48824
34.142.25.88
https
91.196.222.229
hoisolutions.com
gzip
close
878
7
max-age=0
"Not A(Brand";v="99", "Google Chrome";v="121", "Chromium";v="121"
?0
"Windows"
1
Mozilla/5.0 (Windows NT 10.0; Win64; x64) AppleWebKit/537.36 (KHTML, like Gecko) Chrome/121.0.0.0 Safari/537.36
https://hoisolutions.com
application/x-www-form-urlencoded
text/html,application/xhtml+xml,application/xml;q=0.9,image/avif,image/webp,image/apng,*/*;q=0.8,application/signed-exchange;v=b3;q=0.7
same-origin
navigate
?1
document
https://hoisolutions.com/
en-US,en;q=0.9
__zlcmid=1IemFDz5FqhyH7Z; _fbp=fb.1.1699023181592.1778814189; _hjSessionUser_3542264=eyJpZCI6IjRlZTcyYTA4LTRiYmMtNTRhZi1iMzcwLTQ0YTYxMGZmOTk0MiIsImNyZWF0ZWQiOjE2OTkwMjMxODMzODcsImV4aXN0aW5nIjp0cnVlfQ==; _ga_45JM4J90S8=GS1.1.1706789717.2.1.1706790945.0.0.0; _ga_SJSRFR5NYV=GS1.1.1706789717.2.1.1706790945.0.0.0; twk_idm_key=f5niAg8OUV3dVO5X5dgGL; _gid=GA1.2.1493473573.1707479846; _hjSession_3542264=eyJpZCI6IjExY2NhNDMwLTVhMWUtNDRlYy04MTUzLTQ1NTRjMTg5MGJmYSIsImMiOjE3MDc0OTc1NzU3ODYsInMiOjEsInIiOjEsInNiIjowLCJzciI6MCwic2UiOjAsImZzIjowLCJzcCI6MX0=; _ga=GA1.2.1942602944.1699023167; _rdt_uuid=1699023177407.2bd32a4e-b492-4918-8008-865b7bf64213; TawkConnectionTime=0; twk_uuid_65a960cb0ff6374032c1e513=%7B%22uuid%22%3A%221.2Bic4cTKbuMxUdYcGCWvP458NHl11tRyTQdXPf6Lb3kS2KXaYRB50gBjXh7LdFzLzL4YgLwzwzH3856kmd9ZuMfi9XEpnGa9c3H9IDckbWQnpprxdSpmX8kg9w6%22%2C%22version%22%3A3%2C%22domain%22%3A%22hoisolutions.com%22%2C%22ts%22%3A1707498287032%7D; _gcl_au=1.1.1906216850.1707217243.1623494482.1707498320.1707498319; _ga_5HRZJ4TQWQ=GS1.1.1707497564.97.1.1707498330.0.0.0; _ga_N0S71N60TQ=GS1.1.1707497564.118.1.1707498330.7.0.0
Apache
hoisolutions.com
35.208.143.32
443
34.142.25.88
webmaster
/home/u1591-qwzjsnkmssh6/www/hoisolutions.com/public_html/backend/action/action.php
12148
/backend/action/action
CGI/1.1
HTTP/1.0
POST

/backend/action/action
/backend/action/action.php
40
120
120
768M
256M
256M
/backend/action/action.php
1707498375.1044
1707498375

