/usr/local/bin:/usr/bin:/bin
/home/u1591-qwzjsnkmssh6/www/hoisolutions.com/public_html
200
on
ZirgkF5AkwaDZ1GEesuXgQAAAAk
/backend/action/action
https://hoisolutions.com/backend/action/action
/usr/local/php74/bin/php
148.253.254.6
https
148.253.254.6
hoisolutions.com
gzip
close
94
7
Mozilla/5.0 (Windows NT 10.0; Win64; x64) AppleWebKit/537.36 (KHTML, like Gecko) Chrome/120.0.0.0 Safari/537.36
*/*
en-US,en;q=0.9
max-age=0
application/x-www-form-urlencoded;
1
Apache
hoisolutions.com
35.208.143.32
443
148.253.254.6
webmaster
/home/u1591-qwzjsnkmssh6/www/hoisolutions.com/public_html/backend/action/action.php
12148
/backend/action/action
CGI/1.1
HTTP/1.0
POST

/backend/action/action
/backend/action/action.php
40
120
120
768M
256M
256M
/backend/action/action.php
1714086032.4783
1714086032

/usr/local/bin:/usr/bin:/bin
/home/u1591-qwzjsnkmssh6/www/hoisolutions.com/public_html
200
on
ZirglTt8oRruRFsvo9TGmgAAAAc
/backend/action/action
https://hoisolutions.com/backend/action/action
/usr/local/php74/bin/php
148.253.254.6
https
148.253.254.6
hoisolutions.com
gzip
close
94
7
Mozilla/5.0 (Windows NT 10.0; Win64; x64) AppleWebKit/537.36 (KHTML, like Gecko) Chrome/120.0.0.0 Safari/537.36
*/*
en-US,en;q=0.9
max-age=0
application/x-www-form-urlencoded;
1
Apache
hoisolutions.com
35.208.143.32
443
148.253.254.6
webmaster
/home/u1591-qwzjsnkmssh6/www/hoisolutions.com/public_html/backend/action/action.php
12148
/backend/action/action
CGI/1.1
HTTP/1.0
POST

/backend/action/action
/backend/action/action.php
40
120
120
768M
256M
256M
/backend/action/action.php
1714086037.7274
1714086037

/usr/local/bin:/usr/bin:/bin
/home/u1591-qwzjsnkmssh6/www/hoisolutions.com/public_html
200
on
ZirgnAPoNM_554aT1V5aCwAAAAU
/backend/action/action
https://hoisolutions.com/backend/action/action
/usr/local/php74/bin/php
148.253.254.6
https
148.253.254.6
hoisolutions.com
gzip
close
137
7
Mozilla/5.0 (Windows NT 10.0; Win64; x64) AppleWebKit/537.36 (KHTML, like Gecko) Chrome/120.0.0.0 Safari/537.36
*/*
en-US,en;q=0.9
max-age=0
application/x-www-form-urlencoded;
1
Apache
hoisolutions.com
35.208.143.32
443
148.253.254.6
webmaster
/home/u1591-qwzjsnkmssh6/www/hoisolutions.com/public_html/backend/action/action.php
12148
/backend/action/action
CGI/1.1
HTTP/1.0
POST

/backend/action/action
/backend/action/action.php
40
120
120
768M
256M
256M
/backend/action/action.php
1714086044.95
1714086044

/usr/local/bin:/usr/bin:/bin
/home/u1591-qwzjsnkmssh6/www/hoisolutions.com/public_html
200
on
Zirgovy3KacX7qUiTf_5YgAAAAI
/backend/action/action
https://hoisolutions.com/backend/action/action
/usr/local/php74/bin/php
148.253.254.6
https
148.253.254.6
hoisolutions.com
gzip
close
137
7
Mozilla/5.0 (Windows NT 10.0; Win64; x64) AppleWebKit/537.36 (KHTML, like Gecko) Chrome/120.0.0.0 Safari/537.36
*/*
en-US,en;q=0.9
max-age=0
application/x-www-form-urlencoded;
1
Apache
hoisolutions.com
35.208.143.32
443
148.253.254.6
webmaster
/home/u1591-qwzjsnkmssh6/www/hoisolutions.com/public_html/backend/action/action.php
12148
/backend/action/action
CGI/1.1
HTTP/1.0
POST

/backend/action/action
/backend/action/action.php
40
120
120
768M
256M
256M
/backend/action/action.php
1714086050.2994
1714086050

/usr/local/bin:/usr/bin:/bin
/home/u1591-qwzjsnkmssh6/www/hoisolutions.com/public_html
200
on
ZiriZLMMjv8YWNoDZgGl5QAAAAo
/backend/action/action
https://hoisolutions.com/backend/action/action
/usr/local/php74/bin/php
116.103.200.87
https
116.103.200.87
hoisolutions.com
gzip
close
99
7
Mozilla/5.0 (Windows NT 10.0; Win64; x64) AppleWebKit/537.36 (KHTML, like Gecko) Chrome/120.0.0.0 Safari/537.36
*/*
en-US,en;q=0.9
max-age=0
application/x-www-form-urlencoded;
1
Apache
hoisolutions.com
35.208.143.32
443
116.103.200.87
webmaster
/home/u1591-qwzjsnkmssh6/www/hoisolutions.com/public_html/backend/action/action.php
12148
/backend/action/action
CGI/1.1
HTTP/1.0
POST

/backend/action/action
/backend/action/action.php
40
120
120
768M
256M
256M
/backend/action/action.php
1714086500.2975
1714086500

/usr/local/bin:/usr/bin:/bin
/home/u1591-qwzjsnkmssh6/www/hoisolutions.com/public_html
200
on
Ziriaux-ohj_YJWRdKXILAAAAAw
/backend/action/action
https://hoisolutions.com/backend/action/action
/usr/local/php74/bin/php
116.103.200.87
https
116.103.200.87
hoisolutions.com
gzip
close
99
7
Mozilla/5.0 (Windows NT 10.0; Win64; x64) AppleWebKit/537.36 (KHTML, like Gecko) Chrome/120.0.0.0 Safari/537.36
*/*
en-US,en;q=0.9
max-age=0
application/x-www-form-urlencoded;
1
Apache
hoisolutions.com
35.208.143.32
443
116.103.200.87
webmaster
/home/u1591-qwzjsnkmssh6/www/hoisolutions.com/public_html/backend/action/action.php
12148
/backend/action/action
CGI/1.1
HTTP/1.0
POST

/backend/action/action
/backend/action/action.php
40
120
120
768M
256M
256M
/backend/action/action.php
1714086506.3714
1714086506

/usr/local/bin:/usr/bin:/bin
/home/u1591-qwzjsnkmssh6/www/hoisolutions.com/public_html
200
on
Ziric1-du2sOgmm70amWOgAAAAA
/backend/action/action
https://hoisolutions.com/backend/action/action
/usr/local/php74/bin/php
116.103.200.87
https
116.103.200.87
hoisolutions.com
gzip
close
136
7
Mozilla/5.0 (Windows NT 10.0; Win64; x64) AppleWebKit/537.36 (KHTML, like Gecko) Chrome/120.0.0.0 Safari/537.36
*/*
en-US,en;q=0.9
max-age=0
application/x-www-form-urlencoded;
1
Apache
hoisolutions.com
35.208.143.32
443
116.103.200.87
webmaster
/home/u1591-qwzjsnkmssh6/www/hoisolutions.com/public_html/backend/action/action.php
12148
/backend/action/action
CGI/1.1
HTTP/1.0
POST

/backend/action/action
/backend/action/action.php
40
120
120
768M
256M
256M
/backend/action/action.php
1714086515.3331
1714086515

/usr/local/bin:/usr/bin:/bin
/home/u1591-qwzjsnkmssh6/www/hoisolutions.com/public_html
200
on
Zirieex-ohj_YJWRdKXILgAAAAw
/backend/action/action
https://hoisolutions.com/backend/action/action
/usr/local/php74/bin/php
116.103.200.87
https
116.103.200.87
hoisolutions.com
gzip
close
136
7
Mozilla/5.0 (Windows NT 10.0; Win64; x64) AppleWebKit/537.36 (KHTML, like Gecko) Chrome/120.0.0.0 Safari/537.36
*/*
en-US,en;q=0.9
max-age=0
application/x-www-form-urlencoded;
1
Apache
hoisolutions.com
35.208.143.32
443
116.103.200.87
webmaster
/home/u1591-qwzjsnkmssh6/www/hoisolutions.com/public_html/backend/action/action.php
12148
/backend/action/action
CGI/1.1
HTTP/1.0
POST

/backend/action/action
/backend/action/action.php
40
120
120
768M
256M
256M
/backend/action/action.php
1714086521.5338
1714086521

/usr/local/bin:/usr/bin:/bin
/home/u1591-qwzjsnkmssh6/www/hoisolutions.com/public_html
200
on
Zir7Cscakxmd6bWi25iRBAAAAAA
/backend/action/action
https://hoisolutions.com/backend/action/action
/usr/local/php74/bin/php
14.241.239.195
https
14.241.239.195
hoisolutions.com
gzip
close
104
7
Mozilla/5.0 (Windows NT 10.0; Win64; x64) AppleWebKit/537.36 (KHTML, like Gecko) Chrome/120.0.0.0 Safari/537.36
*/*
en-US,en;q=0.9
max-age=0
application/x-www-form-urlencoded;
1
Apache
hoisolutions.com
35.208.143.32
443
14.241.239.195
webmaster
/home/u1591-qwzjsnkmssh6/www/hoisolutions.com/public_html/backend/action/action.php
12148
/backend/action/action
CGI/1.1
HTTP/1.0
POST

/backend/action/action
/backend/action/action.php
40
120
120
768M
256M
256M
/backend/action/action.php
1714092810.2854
1714092810

/usr/local/bin:/usr/bin:/bin
/home/u1591-qwzjsnkmssh6/www/hoisolutions.com/public_html
200
on
Zir7DyUn-IufrG-i9VQKTQAAAAc
/backend/action/action
https://hoisolutions.com/backend/action/action
/usr/local/php74/bin/php
14.241.239.195
https
14.241.239.195
hoisolutions.com
gzip
close
104
7
Mozilla/5.0 (Windows NT 10.0; Win64; x64) AppleWebKit/537.36 (KHTML, like Gecko) Chrome/120.0.0.0 Safari/537.36
*/*
en-US,en;q=0.9
max-age=0
application/x-www-form-urlencoded;
1
Apache
hoisolutions.com
35.208.143.32
443
14.241.239.195
webmaster
/home/u1591-qwzjsnkmssh6/www/hoisolutions.com/public_html/backend/action/action.php
12148
/backend/action/action
CGI/1.1
HTTP/1.0
POST

/backend/action/action
/backend/action/action.php
40
120
120
768M
256M
256M
/backend/action/action.php
1714092815.3132
1714092815

/usr/local/bin:/usr/bin:/bin
/home/u1591-qwzjsnkmssh6/www/hoisolutions.com/public_html
200
on
Zir7F6y5cMzPa1cml7t6NgAAAAI
/backend/action/action
https://hoisolutions.com/backend/action/action
/usr/local/php74/bin/php
14.241.239.195
https
14.241.239.195
hoisolutions.com
gzip
close
141
7
Mozilla/5.0 (Windows NT 10.0; Win64; x64) AppleWebKit/537.36 (KHTML, like Gecko) Chrome/120.0.0.0 Safari/537.36
*/*
en-US,en;q=0.9
max-age=0
application/x-www-form-urlencoded;
1
Apache
hoisolutions.com
35.208.143.32
443
14.241.239.195
webmaster
/home/u1591-qwzjsnkmssh6/www/hoisolutions.com/public_html/backend/action/action.php
12148
/backend/action/action
CGI/1.1
HTTP/1.0
POST

/backend/action/action
/backend/action/action.php
40
120
120
768M
256M
256M
/backend/action/action.php
1714092823.2042
1714092823

/usr/local/bin:/usr/bin:/bin
/home/u1591-qwzjsnkmssh6/www/hoisolutions.com/public_html
200
on
Zir7HMcakxmd6bWi25iRBQAAAAA
/backend/action/action
https://hoisolutions.com/backend/action/action
/usr/local/php74/bin/php
14.241.239.195
https
14.241.239.195
hoisolutions.com
gzip
close
141
7
Mozilla/5.0 (Windows NT 10.0; Win64; x64) AppleWebKit/537.36 (KHTML, like Gecko) Chrome/120.0.0.0 Safari/537.36
*/*
en-US,en;q=0.9
max-age=0
application/x-www-form-urlencoded;
1
Apache
hoisolutions.com
35.208.143.32
443
14.241.239.195
webmaster
/home/u1591-qwzjsnkmssh6/www/hoisolutions.com/public_html/backend/action/action.php
12148
/backend/action/action
CGI/1.1
HTTP/1.0
POST

/backend/action/action
/backend/action/action.php
40
120
120
768M
256M
256M
/backend/action/action.php
1714092828.2759
1714092828

/usr/local/bin:/usr/bin:/bin
/home/u1591-qwzjsnkmssh6/www/hoisolutions.com/public_html
200
on
ZisEgLyTbC3Z7-CsB_NfdAAAAAE
/backend/action/action
https://hoisolutions.com/backend/action/action
/usr/local/php74/bin/php
124.158.161.114
https
124.158.161.114
hoisolutions.com
gzip
close
105
7
Mozilla/5.0 (Windows NT 10.0; Win64; x64) AppleWebKit/537.36 (KHTML, like Gecko) Chrome/120.0.0.0 Safari/537.36
*/*
en-US,en;q=0.9
max-age=0
application/x-www-form-urlencoded;
1
Apache
hoisolutions.com
35.208.143.32
443
124.158.161.114
webmaster
/home/u1591-qwzjsnkmssh6/www/hoisolutions.com/public_html/backend/action/action.php
12148
/backend/action/action
CGI/1.1
HTTP/1.0
POST

/backend/action/action
/backend/action/action.php
40
120
120
768M
256M
256M
/backend/action/action.php
1714095232.5857
1714095232

/usr/local/bin:/usr/bin:/bin
/home/u1591-qwzjsnkmssh6/www/hoisolutions.com/public_html
200
on
ZisEhiESlBHh0n8VDfxLBQAAAAM
/backend/action/action
https://hoisolutions.com/backend/action/action
/usr/local/php74/bin/php
124.158.161.114
https
124.158.161.114
hoisolutions.com
gzip
close
105
7
Mozilla/5.0 (Windows NT 10.0; Win64; x64) AppleWebKit/537.36 (KHTML, like Gecko) Chrome/120.0.0.0 Safari/537.36
*/*
en-US,en;q=0.9
max-age=0
application/x-www-form-urlencoded;
1
Apache
hoisolutions.com
35.208.143.32
443
124.158.161.114
webmaster
/home/u1591-qwzjsnkmssh6/www/hoisolutions.com/public_html/backend/action/action.php
12148
/backend/action/action
CGI/1.1
HTTP/1.0
POST

/backend/action/action
/backend/action/action.php
40
120
120
768M
256M
256M
/backend/action/action.php
1714095238.3578
1714095238

/usr/local/bin:/usr/bin:/bin
/home/u1591-qwzjsnkmssh6/www/hoisolutions.com/public_html
200
on
ZisEjiESlBHh0n8VDfxLBgAAAAM
/backend/action/action
https://hoisolutions.com/backend/action/action
/usr/local/php74/bin/php
124.158.161.114
https
124.158.161.114
hoisolutions.com
gzip
close
152
7
Mozilla/5.0 (Windows NT 10.0; Win64; x64) AppleWebKit/537.36 (KHTML, like Gecko) Chrome/120.0.0.0 Safari/537.36
*/*
en-US,en;q=0.9
max-age=0
application/x-www-form-urlencoded;
1
Apache
hoisolutions.com
35.208.143.32
443
124.158.161.114
webmaster
/home/u1591-qwzjsnkmssh6/www/hoisolutions.com/public_html/backend/action/action.php
12148
/backend/action/action
CGI/1.1
HTTP/1.0
POST

/backend/action/action
/backend/action/action.php
40
120
120
768M
256M
256M
/backend/action/action.php
1714095246.8771
1714095246

/usr/local/bin:/usr/bin:/bin
/home/u1591-qwzjsnkmssh6/www/hoisolutions.com/public_html
200
on
ZisElJ_uE8ZseYMOZCv-KQAAAAk
/backend/action/action
https://hoisolutions.com/backend/action/action
/usr/local/php74/bin/php
124.158.161.114
https
124.158.161.114
hoisolutions.com
gzip
close
152
7
Mozilla/5.0 (Windows NT 10.0; Win64; x64) AppleWebKit/537.36 (KHTML, like Gecko) Chrome/120.0.0.0 Safari/537.36
*/*
en-US,en;q=0.9
max-age=0
application/x-www-form-urlencoded;
1
Apache
hoisolutions.com
35.208.143.32
443
124.158.161.114
webmaster
/home/u1591-qwzjsnkmssh6/www/hoisolutions.com/public_html/backend/action/action.php
12148
/backend/action/action
CGI/1.1
HTTP/1.0
POST

/backend/action/action
/backend/action/action.php
40
120
120
768M
256M
256M
/backend/action/action.php
1714095252.4785
1714095252

/usr/local/bin:/usr/bin:/bin
/home/u1591-qwzjsnkmssh6/www/hoisolutions.com/public_html
200
on
ZisITIdSSTD6FiEs0CSDaQAAAAk
/backend/action/action
https://hoisolutions.com/backend/action/action
/usr/local/php74/bin/php
173.239.214.84
https
173.239.214.84
hoisolutions.com
gzip
close
8213
7
*/*
Mozilla/5.0 (Windows NT 10.0; Win64; x64) AppleWebKit/537.36 (KHTML, like Gecko) Chrome/117.0.5938.132 Safari/537.36
https://hoisolutions.com/services
application/x-www-form-urlencoded
no-cache
Apache
hoisolutions.com
35.208.143.32
443
173.239.214.84
webmaster
/home/u1591-qwzjsnkmssh6/www/hoisolutions.com/public_html/backend/action/action.php
12148
/backend/action/action
CGI/1.1
HTTP/1.0
POST

/backend/action/action
/backend/action/action.php
40
120
120
768M
256M
256M
/backend/action/action.php
1714096204.4764
1714096204

/usr/local/bin:/usr/bin:/bin
/home/u1591-qwzjsnkmssh6/www/hoisolutions.com/public_html
200
on
ZisykyZhJhZfVBGuM1Q1EgAAABA
/backend/action/action
https://hoisolutions.com/backend/action/action
/usr/local/php74/bin/php
173.239.214.87
https
173.239.214.87
hoisolutions.com
gzip
close
3134
7
*/*
Mozilla/5.0 (Windows NT 10.0; Win64; x64) AppleWebKit/537.36 (KHTML, like Gecko) Chrome/120.0.6099.71 Safari/537.36
https://hoisolutions.com/
application/x-www-form-urlencoded
no-cache
nevercache-b39818=Y
Apache
hoisolutions.com
35.208.143.32
443
173.239.214.87
webmaster
/home/u1591-qwzjsnkmssh6/www/hoisolutions.com/public_html/backend/action/action.php
12148
/backend/action/action
CGI/1.1
HTTP/1.0
POST

/backend/action/action
/backend/action/action.php
40
120
120
768M
256M
256M
/backend/action/action.php
1714107027.9292
1714107027

/usr/local/bin:/usr/bin:/bin
/home/u1591-qwzjsnkmssh6/www/hoisolutions.com/public_html
200
on
ZiuM4BbYaMmTqO5U-cLzBQAAAAc
/backend/action/action
https://hoisolutions.com/backend/action/action
/usr/local/php74/bin/php
185.187.243.42
https
185.187.243.42
hoisolutions.com
gzip
close
979
7
max-age=0
"Google Chrome";v="123", "Not:A-Brand";v="8", "Chromium";v="123"
?0
"Windows"
1
https://hoisolutions.com
application/x-www-form-urlencoded
Mozilla/5.0 (Windows NT 10.0; Win64; x64) AppleWebKit/537.36 (KHTML, like Gecko) Chrome/123.0.0.0 Safari/537.36
text/html,application/xhtml+xml,application/xml;q=0.9,image/avif,image/webp,image/apng,*/*;q=0.8,application/signed-exchange;v=b3;q=0.7
same-origin
navigate
?1
document
https://hoisolutions.com/
en-US,en;q=0.9
_fbp=fb.1.1713871150828.540383046; _hjSessionUser_3542264=eyJpZCI6IjkwNmRjODY4LTY3ZDgtNWE2ZC04MTc1LWQxMGE5YTY2YzQ1ZCIsImNyZWF0ZWQiOjE3MTM4NzExNTI5MzQsImV4aXN0aW5nIjp0cnVlfQ==; twk_idm_key=5vT8_jQaOfK93DLOWF9rI; _gid=GA1.2.696860459.1714044821; _hjSession_3542264=eyJpZCI6IjkzODMzNmU0LWFlNDEtNGY0Yi05YmNkLTExZDhhMWIwZWM4NyIsImMiOjE3MTQxMjc5NjUyNTksInMiOjEsInIiOjEsInNiIjowLCJzciI6MCwic2UiOjAsImZzIjowLCJzcCI6MX0=; twk_uuid_65a960cb0ff6374032c1e513=%7B%22uuid%22%3A%221.2BigPSaGZyP0tczfGNhTugoz5XCszf3wIXXLfbdbYsib1y7deDQBPBZOX2hDjbnihmCGIVhsZGtl7L3bEidEmUUR31l7lzvt8jK64KJPiKG4BXNmEzlRaOAH7xW%22%2C%22version%22%3A3%2C%22domain%22%3A%22hoisolutions.com%22%2C%22ts%22%3A1714128223497%7D; _rdt_uuid=1713871148591.af5196b3-3483-4423-8185-1021b8a66117; _rdt_em=0000000000000000000000000000000000000000000000000000000000000001; _ga_N0S71N60TQ=GS1.1.1714130094.8.0.1714130094.60.0.0; _ga=GA1.2.183360051.1713871144; _gat_gtag_UA_268162610_1=1; TawkConnectionTime=0; _ga_5HRZJ4TQWQ=GS1.1.1714130093.8.1.1714130142.0.0.0; _ga_RWWP2142D3=GS1.1.1714130094.7.1.1714130142.0.0.0; _gcl_au=1.1.2133001534.1713871144.486191387.1714130142.1714130142
Apache
hoisolutions.com
35.208.143.32
443
185.187.243.42
webmaster
/home/u1591-qwzjsnkmssh6/www/hoisolutions.com/public_html/backend/action/action.php
12148
/backend/action/action
CGI/1.1
HTTP/1.0
POST

/backend/action/action
/backend/action/action.php
40
120
120
768M
256M
256M
/backend/action/action.php
1714130144.2059
1714130144

/usr/local/bin:/usr/bin:/bin
/home/u1591-qwzjsnkmssh6/www/hoisolutions.com/public_html
200
on
ZiuPLB2IUWwoW5xseFtxJgAAAAY
/backend/action/action
https://hoisolutions.com/backend/action/action
/usr/local/php74/bin/php
185.187.243.42
https
185.187.243.42
hoisolutions.com
gzip
close
173
7
max-age=0
"Google Chrome";v="123", "Not:A-Brand";v="8", "Chromium";v="123"
?0
"Windows"
1
https://hoisolutions.com
application/x-www-form-urlencoded
Mozilla/5.0 (Windows NT 10.0; Win64; x64) AppleWebKit/537.36 (KHTML, like Gecko) Chrome/123.0.0.0 Safari/537.36
text/html,application/xhtml+xml,application/xml;q=0.9,image/avif,image/webp,image/apng,*/*;q=0.8,application/signed-exchange;v=b3;q=0.7
same-origin
navigate
?1
document
https://hoisolutions.com/full-stack-development
en-US,en;q=0.9
_fbp=fb.1.1713871150828.540383046; _hjSessionUser_3542264=eyJpZCI6IjkwNmRjODY4LTY3ZDgtNWE2ZC04MTc1LWQxMGE5YTY2YzQ1ZCIsImNyZWF0ZWQiOjE3MTM4NzExNTI5MzQsImV4aXN0aW5nIjp0cnVlfQ==; twk_idm_key=5vT8_jQaOfK93DLOWF9rI; _gid=GA1.2.696860459.1714044821; _hjSession_3542264=eyJpZCI6IjRmNTA0ODM1LTVlM2YtNDllOC1hZDdhLWYxNDcxZDg0ZGU5ZCIsImMiOjE3MTQxMzA2NzIyMzcsInMiOjEsInIiOjEsInNiIjowLCJzciI6MCwic2UiOjAsImZzIjowLCJzcCI6MH0=; _ga_N0S71N60TQ=GS1.1.1714130094.8.1.1714130699.31.0.0; _rdt_uuid=1713871148591.af5196b3-3483-4423-8185-1021b8a66117; _rdt_em=0000000000000000000000000000000000000000000000000000000000000001; _ga=GA1.2.183360051.1713871144; TawkConnectionTime=0; twk_uuid_65a960cb0ff6374032c1e513=%7B%22uuid%22%3A%221.2BigPSaGZyP0tczfGNhTugoz5XCszf3wIXXLfbdbYsib1y7deDQBPBZOX2hDjbnihmCGIVhsZGtl7L3bEidEmUUR31l7lzvt8jK64KJPiKG4BXNmEzlRaOAH7xW%22%2C%22version%22%3A3%2C%22domain%22%3A%22hoisolutions.com%22%2C%22ts%22%3A1714130717474%7D; _ga_5HRZJ4TQWQ=GS1.1.1714130093.8.1.1714130730.0.0.0; _ga_RWWP2142D3=GS1.1.1714130094.7.1.1714130730.0.0.0; _gcl_au=1.1.2133001534.1713871144.486191387.1714130142.1714130731
Apache
hoisolutions.com
35.208.143.32
443
185.187.243.42
webmaster
/home/u1591-qwzjsnkmssh6/www/hoisolutions.com/public_html/backend/action/action.php
12148
/backend/action/action
CGI/1.1
HTTP/1.0
POST

/backend/action/action
/backend/action/action.php
40
120
120
768M
256M
256M
/backend/action/action.php
1714130732.6209
1714130732

/usr/local/bin:/usr/bin:/bin
/home/u1591-qwzjsnkmssh6/www/hoisolutions.com/public_html
200
on
ZiuPm1y7bqwShOBhzDIDTAAAAAA
/backend/action/action
https://hoisolutions.com/backend/action/action
/usr/local/php74/bin/php
185.187.243.42
https
185.187.243.42
hoisolutions.com
gzip
close
961
7
max-age=0
"Google Chrome";v="123", "Not:A-Brand";v="8", "Chromium";v="123"
?0
"Windows"
1
https://hoisolutions.com
application/x-www-form-urlencoded
Mozilla/5.0 (Windows NT 10.0; Win64; x64) AppleWebKit/537.36 (KHTML, like Gecko) Chrome/123.0.0.0 Safari/537.36
text/html,application/xhtml+xml,application/xml;q=0.9,image/avif,image/webp,image/apng,*/*;q=0.8,application/signed-exchange;v=b3;q=0.7
same-origin
navigate
?1
document
https://hoisolutions.com/full-stack-development
en-US,en;q=0.9
_fbp=fb.1.1713871150828.540383046; _hjSessionUser_3542264=eyJpZCI6IjkwNmRjODY4LTY3ZDgtNWE2ZC04MTc1LWQxMGE5YTY2YzQ1ZCIsImNyZWF0ZWQiOjE3MTM4NzExNTI5MzQsImV4aXN0aW5nIjp0cnVlfQ==; twk_idm_key=5vT8_jQaOfK93DLOWF9rI; _gid=GA1.2.696860459.1714044821; _hjSession_3542264=eyJpZCI6IjRmNTA0ODM1LTVlM2YtNDllOC1hZDdhLWYxNDcxZDg0ZGU5ZCIsImMiOjE3MTQxMzA2NzIyMzcsInMiOjEsInIiOjEsInNiIjowLCJzciI6MCwic2UiOjAsImZzIjowLCJzcCI6MH0=; _rdt_uuid=1713871148591.af5196b3-3483-4423-8185-1021b8a66117; _rdt_em=0000000000000000000000000000000000000000000000000000000000000001; _ga=GA1.2.183360051.1713871144; TawkConnectionTime=0; twk_uuid_65a960cb0ff6374032c1e513=%7B%22uuid%22%3A%221.2BigPSaGZyP0tczfGNhTugoz5XCszf3wIXXLfbdbYsib1y7deDQBPBZOX2hDjbnihmCGIVhsZGtl7L3bEidEmUUR31l7lzvt8jK64KJPiKG4BXNmEzlRaOAH7xW%22%2C%22version%22%3A3%2C%22domain%22%3A%22hoisolutions.com%22%2C%22ts%22%3A1714130766245%7D; _ga_N0S71N60TQ=GS1.1.1714130094.8.1.1714130767.26.0.0; _ga_5HRZJ4TQWQ=GS1.1.1714130093.8.1.1714130841.0.0.0; _ga_RWWP2142D3=GS1.1.1714130094.7.1.1714130841.0.0.0; _gcl_au=1.1.2133001534.1713871144.486191387.1714130142.1714130841
Apache
hoisolutions.com
35.208.143.32
443
185.187.243.42
webmaster
/home/u1591-qwzjsnkmssh6/www/hoisolutions.com/public_html/backend/action/action.php
12148
/backend/action/action
CGI/1.1
HTTP/1.0
POST

/backend/action/action
/backend/action/action.php
40
120
120
768M
256M
256M
/backend/action/action.php
1714130843.2589
1714130843

/usr/local/bin:/usr/bin:/bin
/home/u1591-qwzjsnkmssh6/www/hoisolutions.com/public_html
200
on
ZiuP7iQHi19Ps-LVv1il2AAAAAQ
/backend/action/action
https://hoisolutions.com/backend/action/action
/usr/local/php74/bin/php
185.187.243.42
https
185.187.243.42
hoisolutions.com
gzip
close
986
7
max-age=0
"Google Chrome";v="123", "Not:A-Brand";v="8", "Chromium";v="123"
?0
"Windows"
1
https://hoisolutions.com
application/x-www-form-urlencoded
Mozilla/5.0 (Windows NT 10.0; Win64; x64) AppleWebKit/537.36 (KHTML, like Gecko) Chrome/123.0.0.0 Safari/537.36
text/html,application/xhtml+xml,application/xml;q=0.9,image/avif,image/webp,image/apng,*/*;q=0.8,application/signed-exchange;v=b3;q=0.7
same-origin
navigate
?1
document
https://hoisolutions.com/contact-us
en-US,en;q=0.9
_fbp=fb.1.1713871150828.540383046; _hjSessionUser_3542264=eyJpZCI6IjkwNmRjODY4LTY3ZDgtNWE2ZC04MTc1LWQxMGE5YTY2YzQ1ZCIsImNyZWF0ZWQiOjE3MTM4NzExNTI5MzQsImV4aXN0aW5nIjp0cnVlfQ==; twk_idm_key=5vT8_jQaOfK93DLOWF9rI; _gid=GA1.2.696860459.1714044821; _hjSession_3542264=eyJpZCI6IjRmNTA0ODM1LTVlM2YtNDllOC1hZDdhLWYxNDcxZDg0ZGU5ZCIsImMiOjE3MTQxMzA2NzIyMzcsInMiOjEsInIiOjEsInNiIjowLCJzciI6MCwic2UiOjAsImZzIjowLCJzcCI6MH0=; _ga_N0S71N60TQ=GS1.1.1714130094.8.1.1714130875.29.0.0; _rdt_uuid=1713871148591.af5196b3-3483-4423-8185-1021b8a66117; _rdt_em=0000000000000000000000000000000000000000000000000000000000000001; _ga=GA1.2.183360051.1713871144; TawkConnectionTime=0; twk_uuid_65a960cb0ff6374032c1e513=%7B%22uuid%22%3A%221.2BigPSaGZyP0tczfGNhTugoz5XCszf3wIXXLfbdbYsib1y7deDQBPBZOX2hDjbnihmCGIVhsZGtl7L3bEidEmUUR31l7lzvt8jK64KJPiKG4BXNmEzlRaOAH7xW%22%2C%22version%22%3A3%2C%22domain%22%3A%22hoisolutions.com%22%2C%22ts%22%3A1714130888494%7D; _ga_5HRZJ4TQWQ=GS1.1.1714130093.8.1.1714130924.0.0.0; _ga_RWWP2142D3=GS1.1.1714130094.7.1.1714130924.0.0.0; _gcl_au=1.1.2133001534.1713871144.486191387.1714130142.1714130924
Apache
hoisolutions.com
35.208.143.32
443
185.187.243.42
webmaster
/home/u1591-qwzjsnkmssh6/www/hoisolutions.com/public_html/backend/action/action.php
12148
/backend/action/action
CGI/1.1
HTTP/1.0
POST

/backend/action/action
/backend/action/action.php
40
120
120
768M
256M
256M
/backend/action/action.php
1714130926.5729
1714130926

/usr/local/bin:/usr/bin:/bin
/home/u1591-qwzjsnkmssh6/www/hoisolutions.com/public_html
200
on
Ziut6H3I86_X_wajYP_KIAAAAAg
/backend/action/action
https://hoisolutions.com/backend/action/action
/usr/local/php74/bin/php
104.131.212.234
https
104.131.212.234
hoisolutions.com
gzip
close
101
7
Mozilla/5.0 (Windows NT 10.0; Win64; x64) AppleWebKit/537.36 (KHTML, like Gecko) Chrome/120.0.0.0 Safari/537.36
*/*
en-US,en;q=0.9
max-age=0
application/x-www-form-urlencoded;
1
Apache
hoisolutions.com
35.208.143.32
443
104.131.212.234
webmaster
/home/u1591-qwzjsnkmssh6/www/hoisolutions.com/public_html/backend/action/action.php
12148
/backend/action/action
CGI/1.1
HTTP/1.0
POST

/backend/action/action
/backend/action/action.php
40
120
120
768M
256M
256M
/backend/action/action.php
1714138600.0571
1714138600

/usr/local/bin:/usr/bin:/bin
/home/u1591-qwzjsnkmssh6/www/hoisolutions.com/public_html
200
on
Ziut6lhSGLsVWDYVdwUahgAAAAI
/backend/action/action
https://hoisolutions.com/backend/action/action
/usr/local/php74/bin/php
104.131.212.234
https
104.131.212.234
hoisolutions.com
gzip
close
101
7
Mozilla/5.0 (Windows NT 10.0; Win64; x64) AppleWebKit/537.36 (KHTML, like Gecko) Chrome/120.0.0.0 Safari/537.36
*/*
en-US,en;q=0.9
max-age=0
application/x-www-form-urlencoded;
1
Apache
hoisolutions.com
35.208.143.32
443
104.131.212.234
webmaster
/home/u1591-qwzjsnkmssh6/www/hoisolutions.com/public_html/backend/action/action.php
12148
/backend/action/action
CGI/1.1
HTTP/1.0
POST

/backend/action/action
/backend/action/action.php
40
120
120
768M
256M
256M
/backend/action/action.php
1714138602.0921
1714138602

/usr/local/bin:/usr/bin:/bin
/home/u1591-qwzjsnkmssh6/www/hoisolutions.com/public_html
200
on
Ziut7KB6we6RXq_PatpZKAAAAAE
/backend/action/action
https://hoisolutions.com/backend/action/action
/usr/local/php74/bin/php
104.131.212.234
https
104.131.212.234
hoisolutions.com
gzip
close
148
7
Mozilla/5.0 (Windows NT 10.0; Win64; x64) AppleWebKit/537.36 (KHTML, like Gecko) Chrome/120.0.0.0 Safari/537.36
*/*
en-US,en;q=0.9
max-age=0
application/x-www-form-urlencoded;
1
Apache
hoisolutions.com
35.208.143.32
443
104.131.212.234
webmaster
/home/u1591-qwzjsnkmssh6/www/hoisolutions.com/public_html/backend/action/action.php
12148
/backend/action/action
CGI/1.1
HTTP/1.0
POST

/backend/action/action
/backend/action/action.php
40
120
120
768M
256M
256M
/backend/action/action.php
1714138604.8986
1714138604

/usr/local/bin:/usr/bin:/bin
/home/u1591-qwzjsnkmssh6/www/hoisolutions.com/public_html
200
on
Ziut7go0IP6Ka1RB2TpMpQAAAAo
/backend/action/action
https://hoisolutions.com/backend/action/action
/usr/local/php74/bin/php
104.131.212.234
https
104.131.212.234
hoisolutions.com
gzip
close
148
7
Mozilla/5.0 (Windows NT 10.0; Win64; x64) AppleWebKit/537.36 (KHTML, like Gecko) Chrome/120.0.0.0 Safari/537.36
*/*
en-US,en;q=0.9
max-age=0
application/x-www-form-urlencoded;
1
Apache
hoisolutions.com
35.208.143.32
443
104.131.212.234
webmaster
/home/u1591-qwzjsnkmssh6/www/hoisolutions.com/public_html/backend/action/action.php
12148
/backend/action/action
CGI/1.1
HTTP/1.0
POST

/backend/action/action
/backend/action/action.php
40
120
120
768M
256M
256M
/backend/action/action.php
1714138606.8117
1714138606

/usr/local/bin:/usr/bin:/bin
/home/u1591-qwzjsnkmssh6/www/hoisolutions.com/public_html
200
on
Ziuw7_BNUiBFgtiim5CPsgAAAAg
/backend/action/action
https://hoisolutions.com/backend/action/action
/usr/local/php74/bin/php
45.140.184.61
https
45.140.184.61
hoisolutions.com
gzip
close
142
7
max-age=0
"Chromium";v="124", "Google Chrome";v="124", "Not-A.Brand";v="99"
?0
"Windows"
1
https://hoisolutions.com
application/x-www-form-urlencoded
Mozilla/5.0 (Windows NT 10.0; Win64; x64) AppleWebKit/537.36 (KHTML, like Gecko) Chrome/124.0.0.0 Safari/537.36
text/html,application/xhtml+xml,application/xml;q=0.9,image/avif,image/webp,image/apng,*/*;q=0.8,application/signed-exchange;v=b3;q=0.7
same-origin
navigate
?1
document
https://hoisolutions.com/b2b-and-b2c-web-portals
en-US,en;q=0.9,de;q=0.8
u=0, i
_fbp=fb.1.1713880375062.1093797978; _hjSessionUser_3542264=eyJpZCI6IjVkOTE1YmZlLTFlNmUtNWE5NC04ZjJhLTQ1MTkzNzhiZDJhZSIsImNyZWF0ZWQiOjE3MTM4ODAzNzY1MTUsImV4aXN0aW5nIjp0cnVlfQ==; _gcl_au=1.1.1235537087.1713880375.1261164253.1713894384.1713894404; _rdt_uuid=1713880374275.9d1600d7-9492-4ab5-a6c0-c1aaefa286bd; _rdt_em=0000000000000000000000000000000000000000000000000000000000000001; _ga=GA1.2.2071381134.1713880375; _gid=GA1.2.1003564217.1714128413; TawkConnectionTime=0; twk_uuid_65a960cb0ff6374032c1e513=%7B%22uuid%22%3A%221.2BigPphFykH2w3YzOk83z5W0cE1p3T2E9NH8BPLVSaDVUkXFkZag4i6YPrkr2B8IP1TSVML4zfEyMdw2Hclbou5CWKGxZJT0PyiekOnnGcpG2uKIdzd6gRGVpID%22%2C%22version%22%3A3%2C%22domain%22%3A%22hoisolutions.com%22%2C%22ts%22%3A1714139128101%7D; _ga_5HRZJ4TQWQ=GS1.1.1714139224.4.0.1714139224.0.0.0; _ga_N0S71N60TQ=GS1.1.1714139224.4.0.1714139224.60.0.0; _ga_RWWP2142D3=GS1.1.1714139224.4.0.1714139224.0.0.0
Apache
hoisolutions.com
35.208.143.32
443
45.140.184.61
webmaster
/home/u1591-qwzjsnkmssh6/www/hoisolutions.com/public_html/backend/action/action.php
12148
/backend/action/action
CGI/1.1
HTTP/1.0
POST

/backend/action/action
/backend/action/action.php
40
120
120
768M
256M
256M
/backend/action/action.php
1714139375.2369
1714139375

/usr/local/bin:/usr/bin:/bin
/home/u1591-qwzjsnkmssh6/www/hoisolutions.com/public_html
200
on
ZiuxnWbDXSZLfBMIvtd0NQAAAAQ
/backend/action/action
https://hoisolutions.com/backend/action/action
/usr/local/php74/bin/php
45.140.184.61
https
45.140.184.61
hoisolutions.com
gzip
close
988
7
max-age=0
"Chromium";v="124", "Google Chrome";v="124", "Not-A.Brand";v="99"
?0
"Windows"
1
https://hoisolutions.com
application/x-www-form-urlencoded
Mozilla/5.0 (Windows NT 10.0; Win64; x64) AppleWebKit/537.36 (KHTML, like Gecko) Chrome/124.0.0.0 Safari/537.36
text/html,application/xhtml+xml,application/xml;q=0.9,image/avif,image/webp,image/apng,*/*;q=0.8,application/signed-exchange;v=b3;q=0.7
same-origin
navigate
?1
document
https://hoisolutions.com/b2b-and-b2c-web-portals
en-US,en;q=0.9,de;q=0.8
u=0, i
_fbp=fb.1.1713880375062.1093797978; _hjSessionUser_3542264=eyJpZCI6IjVkOTE1YmZlLTFlNmUtNWE5NC04ZjJhLTQ1MTkzNzhiZDJhZSIsImNyZWF0ZWQiOjE3MTM4ODAzNzY1MTUsImV4aXN0aW5nIjp0cnVlfQ==; _gid=GA1.2.1003564217.1714128413; _hjSession_3542264=eyJpZCI6ImYwNTFiOWI2LWUyMDUtNGM1YS1iZDk1LWQ3YzEzMjExZjQyYyIsImMiOjE3MTQxMzk0MDU2NjMsInMiOjEsInIiOjEsInNiIjowLCJzciI6MCwic2UiOjAsImZzIjowLCJzcCI6MH0=; _ga_N0S71N60TQ=GS1.1.1714139224.4.1.1714139462.5.0.0; _rdt_uuid=1713880374275.9d1600d7-9492-4ab5-a6c0-c1aaefa286bd; _rdt_em=0000000000000000000000000000000000000000000000000000000000000001; _ga=GA1.2.2071381134.1713880375; TawkConnectionTime=0; twk_uuid_65a960cb0ff6374032c1e513=%7B%22uuid%22%3A%221.2BigPphFykH2w3YzOk83z5W0cE1p3T2E9NH8BPLVSaDVUkXFkZag4i6YPrkr2B8IP1TSVML4zfEyMdw2Hclbou5CWKGxZJT0PyiekOnnGcpG2uKIdzd6gRGVpID%22%2C%22version%22%3A3%2C%22domain%22%3A%22hoisolutions.com%22%2C%22ts%22%3A1714139486928%7D; _ga_5HRZJ4TQWQ=GS1.1.1714139224.4.1.1714139547.0.0.0; _ga_RWWP2142D3=GS1.1.1714139224.4.1.1714139547.0.0.0; _gcl_au=1.1.1235537087.1713880375.676857563.1714139547.1714139547
Apache
hoisolutions.com
35.208.143.32
443
45.140.184.61
webmaster
/home/u1591-qwzjsnkmssh6/www/hoisolutions.com/public_html/backend/action/action.php
12148
/backend/action/action
CGI/1.1
HTTP/1.0
POST

/backend/action/action
/backend/action/action.php
40
120
120
768M
256M
256M
/backend/action/action.php
1714139549.1138
1714139549

/usr/local/bin:/usr/bin:/bin
/home/u1591-qwzjsnkmssh6/www/hoisolutions.com/public_html
200
on
ZiuxrEKRIQCSSvGtgd5g3AAAAAM
/backend/action/action
https://hoisolutions.com/backend/action/action
/usr/local/php74/bin/php
45.140.184.61
https
45.140.184.61
hoisolutions.com
gzip
close
139
7
max-age=0
"Chromium";v="124", "Google Chrome";v="124", "Not-A.Brand";v="99"
?0
"Windows"
1
https://hoisolutions.com
application/x-www-form-urlencoded
Mozilla/5.0 (Windows NT 10.0; Win64; x64) AppleWebKit/537.36 (KHTML, like Gecko) Chrome/124.0.0.0 Safari/537.36
text/html,application/xhtml+xml,application/xml;q=0.9,image/avif,image/webp,image/apng,*/*;q=0.8,application/signed-exchange;v=b3;q=0.7
same-origin
navigate
?1
document
https://hoisolutions.com/b2b-and-b2c-web-portals
en-US,en;q=0.9,de;q=0.8
u=0, i
_fbp=fb.1.1713880375062.1093797978; _hjSessionUser_3542264=eyJpZCI6IjVkOTE1YmZlLTFlNmUtNWE5NC04ZjJhLTQ1MTkzNzhiZDJhZSIsImNyZWF0ZWQiOjE3MTM4ODAzNzY1MTUsImV4aXN0aW5nIjp0cnVlfQ==; _gid=GA1.2.1003564217.1714128413; _hjSession_3542264=eyJpZCI6ImYwNTFiOWI2LWUyMDUtNGM1YS1iZDk1LWQ3YzEzMjExZjQyYyIsImMiOjE3MTQxMzk0MDU2NjMsInMiOjEsInIiOjEsInNiIjowLCJzciI6MCwic2UiOjAsImZzIjowLCJzcCI6MH0=; _ga_N0S71N60TQ=GS1.1.1714139224.4.1.1714139555.55.0.0; _rdt_uuid=1713880374275.9d1600d7-9492-4ab5-a6c0-c1aaefa286bd; _rdt_em=0000000000000000000000000000000000000000000000000000000000000001; _ga=GA1.2.2071381134.1713880375; _gat_gtag_UA_268162610_1=1; TawkConnectionTime=0; twk_uuid_65a960cb0ff6374032c1e513=%7B%22uuid%22%3A%221.2BigPphFykH2w3YzOk83z5W0cE1p3T2E9NH8BPLVSaDVUkXFkZag4i6YPrkr2B8IP1TSVML4zfEyMdw2Hclbou5CWKGxZJT0PyiekOnnGcpG2uKIdzd6gRGVpID%22%2C%22version%22%3A3%2C%22domain%22%3A%22hoisolutions.com%22%2C%22ts%22%3A1714139561873%7D; _ga_5HRZJ4TQWQ=GS1.1.1714139224.4.1.1714139562.0.0.0; _ga_RWWP2142D3=GS1.1.1714139224.4.1.1714139562.0.0.0; _gcl_au=1.1.1235537087.1713880375.676857563.1714139547.1714139562
Apache
hoisolutions.com
35.208.143.32
443
45.140.184.61
webmaster
/home/u1591-qwzjsnkmssh6/www/hoisolutions.com/public_html/backend/action/action.php
12148
/backend/action/action
CGI/1.1
HTTP/1.0
POST

/backend/action/action
/backend/action/action.php
40
120
120
768M
256M
256M
/backend/action/action.php
1714139564.6344
1714139564

/usr/local/bin:/usr/bin:/bin
/home/u1591-qwzjsnkmssh6/www/hoisolutions.com/public_html
200
on
Ziuxv7SG6c_zFeXKdgA-agAAAAU
/backend/action/action
https://hoisolutions.com/backend/action/action
/usr/local/php74/bin/php
45.140.184.61
https
45.140.184.61
hoisolutions.com
gzip
close
182
7
max-age=0
"Chromium";v="124", "Google Chrome";v="124", "Not-A.Brand";v="99"
?0
"Windows"
1
https://hoisolutions.com
application/x-www-form-urlencoded
Mozilla/5.0 (Windows NT 10.0; Win64; x64) AppleWebKit/537.36 (KHTML, like Gecko) Chrome/124.0.0.0 Safari/537.36
text/html,application/xhtml+xml,application/xml;q=0.9,image/avif,image/webp,image/apng,*/*;q=0.8,application/signed-exchange;v=b3;q=0.7
same-origin
navigate
?1
document
https://hoisolutions.com/custom-website-design-and-development
en-US,en;q=0.9,de;q=0.8
u=0, i
_fbp=fb.1.1713880375062.1093797978; _hjSessionUser_3542264=eyJpZCI6IjVkOTE1YmZlLTFlNmUtNWE5NC04ZjJhLTQ1MTkzNzhiZDJhZSIsImNyZWF0ZWQiOjE3MTM4ODAzNzY1MTUsImV4aXN0aW5nIjp0cnVlfQ==; _gid=GA1.2.1003564217.1714128413; _hjSession_3542264=eyJpZCI6ImYwNTFiOWI2LWUyMDUtNGM1YS1iZDk1LWQ3YzEzMjExZjQyYyIsImMiOjE3MTQxMzk0MDU2NjMsInMiOjEsInIiOjEsInNiIjowLCJzciI6MCwic2UiOjAsImZzIjowLCJzcCI6MH0=; _gat_gtag_UA_268162610_1=1; _ga_N0S71N60TQ=GS1.1.1714139224.4.1.1714139576.34.0.0; _rdt_uuid=1713880374275.9d1600d7-9492-4ab5-a6c0-c1aaefa286bd; _rdt_em=0000000000000000000000000000000000000000000000000000000000000001; _ga=GA1.2.2071381134.1713880375; TawkConnectionTime=0; twk_uuid_65a960cb0ff6374032c1e513=%7B%22uuid%22%3A%221.2BigPphFykH2w3YzOk83z5W0cE1p3T2E9NH8BPLVSaDVUkXFkZag4i6YPrkr2B8IP1TSVML4zfEyMdw2Hclbou5CWKGxZJT0PyiekOnnGcpG2uKIdzd6gRGVpID%22%2C%22version%22%3A3%2C%22domain%22%3A%22hoisolutions.com%22%2C%22ts%22%3A1714139580938%7D; _ga_5HRZJ4TQWQ=GS1.1.1714139224.4.1.1714139582.0.0.0; _ga_RWWP2142D3=GS1.1.1714139224.4.1.1714139582.0.0.0; _gcl_au=1.1.1235537087.1713880375.676857563.1714139547.1714139582
Apache
hoisolutions.com
35.208.143.32
443
45.140.184.61
webmaster
/home/u1591-qwzjsnkmssh6/www/hoisolutions.com/public_html/backend/action/action.php
12148
/backend/action/action
CGI/1.1
HTTP/1.0
POST

/backend/action/action
/backend/action/action.php
40
120
120
768M
256M
256M
/backend/action/action.php
1714139583.0563
1714139583

/usr/local/bin:/usr/bin:/bin
/home/u1591-qwzjsnkmssh6/www/hoisolutions.com/public_html
200
on
Ziux7sbqPVv_C0aJcj0OawAAAAA
/backend/action/action
https://hoisolutions.com/backend/action/action
/usr/local/php74/bin/php
45.140.184.61
https
45.140.184.61
hoisolutions.com
gzip
close
146
7
max-age=0
"Chromium";v="124", "Google Chrome";v="124", "Not-A.Brand";v="99"
?0
"Windows"
1
https://hoisolutions.com
application/x-www-form-urlencoded
Mozilla/5.0 (Windows NT 10.0; Win64; x64) AppleWebKit/537.36 (KHTML, like Gecko) Chrome/124.0.0.0 Safari/537.36
text/html,application/xhtml+xml,application/xml;q=0.9,image/avif,image/webp,image/apng,*/*;q=0.8,application/signed-exchange;v=b3;q=0.7
same-origin
navigate
?1
document
https://hoisolutions.com/website-maintenance
en-US,en;q=0.9,de;q=0.8
u=0, i
_fbp=fb.1.1713880375062.1093797978; _hjSessionUser_3542264=eyJpZCI6IjVkOTE1YmZlLTFlNmUtNWE5NC04ZjJhLTQ1MTkzNzhiZDJhZSIsImNyZWF0ZWQiOjE3MTM4ODAzNzY1MTUsImV4aXN0aW5nIjp0cnVlfQ==; _gid=GA1.2.1003564217.1714128413; _hjSession_3542264=eyJpZCI6ImYwNTFiOWI2LWUyMDUtNGM1YS1iZDk1LWQ3YzEzMjExZjQyYyIsImMiOjE3MTQxMzk0MDU2NjMsInMiOjEsInIiOjEsInNiIjowLCJzciI6MCwic2UiOjAsImZzIjowLCJzcCI6MH0=; _ga_N0S71N60TQ=GS1.1.1714139224.4.1.1714139621.58.0.0; _rdt_uuid=1713880374275.9d1600d7-9492-4ab5-a6c0-c1aaefa286bd; _rdt_em=0000000000000000000000000000000000000000000000000000000000000001; _ga=GA1.2.2071381134.1713880375; _gat_gtag_UA_268162610_1=1; TawkConnectionTime=0; twk_uuid_65a960cb0ff6374032c1e513=%7B%22uuid%22%3A%221.2BigPphFykH2w3YzOk83z5W0cE1p3T2E9NH8BPLVSaDVUkXFkZag4i6YPrkr2B8IP1TSVML4zfEyMdw2Hclbou5CWKGxZJT0PyiekOnnGcpG2uKIdzd6gRGVpID%22%2C%22version%22%3A3%2C%22domain%22%3A%22hoisolutions.com%22%2C%22ts%22%3A1714139626920%7D; _ga_5HRZJ4TQWQ=GS1.1.1714139224.4.1.1714139628.0.0.0; _ga_RWWP2142D3=GS1.1.1714139224.4.1.1714139628.0.0.0; _gcl_au=1.1.1235537087.1713880375.676857563.1714139547.1714139628
Apache
hoisolutions.com
35.208.143.32
443
45.140.184.61
webmaster
/home/u1591-qwzjsnkmssh6/www/hoisolutions.com/public_html/backend/action/action.php
12148
/backend/action/action
CGI/1.1
HTTP/1.0
POST

/backend/action/action
/backend/action/action.php
40
120
120
768M
256M
256M
/backend/action/action.php
1714139630.1254
1714139630

/usr/local/bin:/usr/bin:/bin
/home/u1591-qwzjsnkmssh6/www/hoisolutions.com/public_html
200
on
ZiuyEsLm8ckkiVknEnvtEQAAAAo
/backend/action/action
https://hoisolutions.com/backend/action/action
/usr/local/php74/bin/php
45.140.184.61
https
45.140.184.61
hoisolutions.com
gzip
close
154
7
max-age=0
"Chromium";v="124", "Google Chrome";v="124", "Not-A.Brand";v="99"
?0
"Windows"
1
https://hoisolutions.com
application/x-www-form-urlencoded
Mozilla/5.0 (Windows NT 10.0; Win64; x64) AppleWebKit/537.36 (KHTML, like Gecko) Chrome/124.0.0.0 Safari/537.36
text/html,application/xhtml+xml,application/xml;q=0.9,image/avif,image/webp,image/apng,*/*;q=0.8,application/signed-exchange;v=b3;q=0.7
same-origin
navigate
?1
document
https://hoisolutions.com/nft-consulting-services
en-US,en;q=0.9,de;q=0.8
u=0, i
_fbp=fb.1.1713880375062.1093797978; _hjSessionUser_3542264=eyJpZCI6IjVkOTE1YmZlLTFlNmUtNWE5NC04ZjJhLTQ1MTkzNzhiZDJhZSIsImNyZWF0ZWQiOjE3MTM4ODAzNzY1MTUsImV4aXN0aW5nIjp0cnVlfQ==; _gid=GA1.2.1003564217.1714128413; _hjSession_3542264=eyJpZCI6ImYwNTFiOWI2LWUyMDUtNGM1YS1iZDk1LWQ3YzEzMjExZjQyYyIsImMiOjE3MTQxMzk0MDU2NjMsInMiOjEsInIiOjEsInNiIjowLCJzciI6MCwic2UiOjAsImZzIjowLCJzcCI6MH0=; _gat_gtag_UA_268162610_1=1; _ga_N0S71N60TQ=GS1.1.1714139224.4.1.1714139637.42.0.0; _rdt_uuid=1713880374275.9d1600d7-9492-4ab5-a6c0-c1aaefa286bd; _rdt_em=0000000000000000000000000000000000000000000000000000000000000001; _ga=GA1.2.2071381134.1713880375; TawkConnectionTime=0; twk_uuid_65a960cb0ff6374032c1e513=%7B%22uuid%22%3A%221.2BigPphFykH2w3YzOk83z5W0cE1p3T2E9NH8BPLVSaDVUkXFkZag4i6YPrkr2B8IP1TSVML4zfEyMdw2Hclbou5CWKGxZJT0PyiekOnnGcpG2uKIdzd6gRGVpID%22%2C%22version%22%3A3%2C%22domain%22%3A%22hoisolutions.com%22%2C%22ts%22%3A1714139641458%7D; _ga_5HRZJ4TQWQ=GS1.1.1714139224.4.1.1714139662.0.0.0; _ga_RWWP2142D3=GS1.1.1714139224.4.1.1714139662.0.0.0; _gcl_au=1.1.1235537087.1713880375.676857563.1714139547.1714139662
Apache
hoisolutions.com
35.208.143.32
443
45.140.184.61
webmaster
/home/u1591-qwzjsnkmssh6/www/hoisolutions.com/public_html/backend/action/action.php
12148
/backend/action/action
CGI/1.1
HTTP/1.0
POST

/backend/action/action
/backend/action/action.php
40
120
120
768M
256M
256M
/backend/action/action.php
1714139666.0696
1714139666

/usr/local/bin:/usr/bin:/bin
/home/u1591-qwzjsnkmssh6/www/hoisolutions.com/public_html
200
on
Ziu_NCWwOtnDQUAIbvFWDwAAAA0
/backend/action/action
https://hoisolutions.com/backend/action/action
/usr/local/php74/bin/php
103.152.232.162
https
103.152.232.162
hoisolutions.com
gzip
close
144
7
*/*
Mozilla/5.0 (Windows NT 10.0; Win64; x64) AppleWebKit/537.36 (KHTML, like Gecko) Chrome/120.0.0.0 Safari/537.36
https://hoisolutions.com/
application/x-www-form-urlencoded
no-cache
Apache
hoisolutions.com
35.208.143.32
443
103.152.232.162
webmaster
/home/u1591-qwzjsnkmssh6/www/hoisolutions.com/public_html/backend/action/action.php
12148
/backend/action/action
CGI/1.1
HTTP/1.0
POST

/backend/action/action
/backend/action/action.php
40
120
120
768M
256M
256M
/backend/action/action.php
1714143028.4988
1714143028

/usr/local/bin:/usr/bin:/bin
/home/u1591-qwzjsnkmssh6/www/hoisolutions.com/public_html
200
on
ZivXSnpYCs1ljegVhcY5wwAAAAg
/backend/action/action
https://hoisolutions.com/backend/action/action
/usr/local/php74/bin/php
185.199.103.237
https
185.199.103.237
hoisolutions.com
gzip
close
972
7
max-age=0
"Chromium";v="124", "Google Chrome";v="124", "Not-A.Brand";v="99"
?0
"Windows"
https://hoisolutions.com
1
1
application/x-www-form-urlencoded
Mozilla/5.0 (Windows NT 10.0; Win64; x64) AppleWebKit/537.36 (KHTML, like Gecko) Chrome/85.0.4183.83 Safari/537.36
text/html,application/xhtml+xml,application/xml;q=0.9,image/avif,image/webp,image/apng,*/*;q=0.8,application/signed-exchange;v=b3;q=0.7
same-origin
navigate
?1
document
https://hoisolutions.com/contact-us
en-US,en;q=0.9
u=0, i
_rdt_uuid=1708682109431.3a65e086-9b49-4b81-a046-85359db3b4ae; _rdt_em=0000000000000000000000000000000000000000000000000000000000000001; TawkConnectionTime=0; twk_uuid_65a960cb0ff6374032c1e513=%7B%22uuid%22%3A%221.2Bid1o0P3L3Bqy7SlNsOHYsLxd2T5kAi3bOGQ9baur7jflWQYEzVFkBIbs2FemsZaQNfsi0b4dJGstxoz6g56VcTEikP6pZt0KvZKZQgI8NpLWWQisxW1xZOXlO%22%2C%22version%22%3A3%2C%22domain%22%3A%22hoisolutions.com%22%2C%22ts%22%3A1714148837163%7D
Apache
hoisolutions.com
35.208.143.32
443
185.199.103.237
webmaster
/home/u1591-qwzjsnkmssh6/www/hoisolutions.com/public_html/backend/action/action.php
12148
/backend/action/action
CGI/1.1
HTTP/1.0
POST

/backend/action/action
/backend/action/action.php
40
120
120
768M
256M
256M
/backend/action/action.php
1714149194.9545
1714149194

/usr/local/bin:/usr/bin:/bin
/home/u1591-qwzjsnkmssh6/www/hoisolutions.com/public_html
200
on
ZivdP87xbdGTVWfGKDb7ewAAAAA
/backend/action/action
https://hoisolutions.com/backend/action/action
/usr/local/php74/bin/php
138.219.223.139
https
138.219.223.139
hoisolutions.com
gzip
close
111
7
Mozilla/5.0 (Windows NT 10.0; Win64; x64) AppleWebKit/537.36 (KHTML, like Gecko) Chrome/120.0.0.0 Safari/537.36
*/*
en-US,en;q=0.9
max-age=0
application/x-www-form-urlencoded;
1
Apache
hoisolutions.com
35.208.143.32
443
138.219.223.139
webmaster
/home/u1591-qwzjsnkmssh6/www/hoisolutions.com/public_html/backend/action/action.php
12148
/backend/action/action
CGI/1.1
HTTP/1.0
POST

/backend/action/action
/backend/action/action.php
40
120
120
768M
256M
256M
/backend/action/action.php
1714150719.7035
1714150719

/usr/local/bin:/usr/bin:/bin
/home/u1591-qwzjsnkmssh6/www/hoisolutions.com/public_html
200
on
ZivdQ9GOiabcHqnx8LUMqgAAAAM
/backend/action/action
https://hoisolutions.com/backend/action/action
/usr/local/php74/bin/php
138.219.223.139
https
138.219.223.139
hoisolutions.com
gzip
close
111
7
Mozilla/5.0 (Windows NT 10.0; Win64; x64) AppleWebKit/537.36 (KHTML, like Gecko) Chrome/120.0.0.0 Safari/537.36
*/*
en-US,en;q=0.9
max-age=0
application/x-www-form-urlencoded;
1
Apache
hoisolutions.com
35.208.143.32
443
138.219.223.139
webmaster
/home/u1591-qwzjsnkmssh6/www/hoisolutions.com/public_html/backend/action/action.php
12148
/backend/action/action
CGI/1.1
HTTP/1.0
POST

/backend/action/action
/backend/action/action.php
40
120
120
768M
256M
256M
/backend/action/action.php
1714150723.6737
1714150723

/usr/local/bin:/usr/bin:/bin
/home/u1591-qwzjsnkmssh6/www/hoisolutions.com/public_html
200
on
ZivdSQpcoiUwCYjGp-n9HAAAAAU
/backend/action/action
https://hoisolutions.com/backend/action/action
/usr/local/php74/bin/php
138.219.223.139
https
138.219.223.139
hoisolutions.com
gzip
close
144
7
Mozilla/5.0 (Windows NT 10.0; Win64; x64) AppleWebKit/537.36 (KHTML, like Gecko) Chrome/120.0.0.0 Safari/537.36
*/*
en-US,en;q=0.9
max-age=0
application/x-www-form-urlencoded;
1
Apache
hoisolutions.com
35.208.143.32
443
138.219.223.139
webmaster
/home/u1591-qwzjsnkmssh6/www/hoisolutions.com/public_html/backend/action/action.php
12148
/backend/action/action
CGI/1.1
HTTP/1.0
POST

/backend/action/action
/backend/action/action.php
40
120
120
768M
256M
256M
/backend/action/action.php
1714150729.4645
1714150729

/usr/local/bin:/usr/bin:/bin
/home/u1591-qwzjsnkmssh6/www/hoisolutions.com/public_html
200
on
ZivdTdAuoUEcofjPMmG6OwAAAAw
/backend/action/action
https://hoisolutions.com/backend/action/action
/usr/local/php74/bin/php
138.219.223.139
https
138.219.223.139
hoisolutions.com
gzip
close
144
7
Mozilla/5.0 (Windows NT 10.0; Win64; x64) AppleWebKit/537.36 (KHTML, like Gecko) Chrome/120.0.0.0 Safari/537.36
*/*
en-US,en;q=0.9
max-age=0
application/x-www-form-urlencoded;
1
Apache
hoisolutions.com
35.208.143.32
443
138.219.223.139
webmaster
/home/u1591-qwzjsnkmssh6/www/hoisolutions.com/public_html/backend/action/action.php
12148
/backend/action/action
CGI/1.1
HTTP/1.0
POST

/backend/action/action
/backend/action/action.php
40
120
120
768M
256M
256M
/backend/action/action.php
1714150733.593
1714150733

/usr/local/bin:/usr/bin:/bin
/home/u1591-qwzjsnkmssh6/www/hoisolutions.com/public_html
200
on
ZivnSfH0RjpWtNzndhqOPwAAAAY
/backend/action/action
https://hoisolutions.com/backend/action/action
/usr/local/php74/bin/php
94.154.20.81
https
94.154.20.81
hoisolutions.com
gzip
close
102
7
Mozilla/5.0 (Windows NT 10.0; Win64; x64) AppleWebKit/537.36 (KHTML, like Gecko) Chrome/120.0.0.0 Safari/537.36
*/*
en-US,en;q=0.9
max-age=0
application/x-www-form-urlencoded;
1
Apache
hoisolutions.com
35.208.143.32
443
94.154.20.81
webmaster
/home/u1591-qwzjsnkmssh6/www/hoisolutions.com/public_html/backend/action/action.php
12148
/backend/action/action
CGI/1.1
HTTP/1.0
POST

/backend/action/action
/backend/action/action.php
40
120
120
768M
256M
256M
/backend/action/action.php
1714153289.5747
1714153289

/usr/local/bin:/usr/bin:/bin
/home/u1591-qwzjsnkmssh6/www/hoisolutions.com/public_html
200
on
ZivnS4ktL3-0_74DmwlBIAAAAAE
/backend/action/action
https://hoisolutions.com/backend/action/action
/usr/local/php74/bin/php
94.154.20.81
https
94.154.20.81
hoisolutions.com
gzip
close
102
7
Mozilla/5.0 (Windows NT 10.0; Win64; x64) AppleWebKit/537.36 (KHTML, like Gecko) Chrome/120.0.0.0 Safari/537.36
*/*
en-US,en;q=0.9
max-age=0
application/x-www-form-urlencoded;
1
Apache
hoisolutions.com
35.208.143.32
443
94.154.20.81
webmaster
/home/u1591-qwzjsnkmssh6/www/hoisolutions.com/public_html/backend/action/action.php
12148
/backend/action/action
CGI/1.1
HTTP/1.0
POST

/backend/action/action
/backend/action/action.php
40
120
120
768M
256M
256M
/backend/action/action.php
1714153291.609
1714153291

/usr/local/bin:/usr/bin:/bin
/home/u1591-qwzjsnkmssh6/www/hoisolutions.com/public_html
200
on
ZivnTje0V2z9r_vm1PGGqgAAAAQ
/backend/action/action
https://hoisolutions.com/backend/action/action
/usr/local/php74/bin/php
94.154.20.81
https
94.154.20.81
hoisolutions.com
gzip
close
148
7
Mozilla/5.0 (Windows NT 10.0; Win64; x64) AppleWebKit/537.36 (KHTML, like Gecko) Chrome/120.0.0.0 Safari/537.36
*/*
en-US,en;q=0.9
max-age=0
application/x-www-form-urlencoded;
1
Apache
hoisolutions.com
35.208.143.32
443
94.154.20.81
webmaster
/home/u1591-qwzjsnkmssh6/www/hoisolutions.com/public_html/backend/action/action.php
12148
/backend/action/action
CGI/1.1
HTTP/1.0
POST

/backend/action/action
/backend/action/action.php
40
120
120
768M
256M
256M
/backend/action/action.php
1714153294.6544
1714153294

/usr/local/bin:/usr/bin:/bin
/home/u1591-qwzjsnkmssh6/www/hoisolutions.com/public_html
200
on
Ziv4NvIl5C1jYqJxQFsXKgAAAAg
/backend/action/action
https://hoisolutions.com/backend/action/action
/usr/local/php74/bin/php
66.57.107.147
https
66.57.107.147
hoisolutions.com
gzip
close
109
7
Mozilla/5.0 (Windows NT 10.0; Win64; x64) AppleWebKit/537.36 (KHTML, like Gecko) Chrome/120.0.0.0 Safari/537.36
*/*
en-US,en;q=0.9
max-age=0
application/x-www-form-urlencoded;
1
Apache
hoisolutions.com
35.208.143.32
443
66.57.107.147
webmaster
/home/u1591-qwzjsnkmssh6/www/hoisolutions.com/public_html/backend/action/action.php
12148
/backend/action/action
CGI/1.1
HTTP/1.0
POST

/backend/action/action
/backend/action/action.php
40
120
120
768M
256M
256M
/backend/action/action.php
1714157622.2792
1714157622

/usr/local/bin:/usr/bin:/bin
/home/u1591-qwzjsnkmssh6/www/hoisolutions.com/public_html
200
on
Ziv4Oa9vm2bOCQgNfvjLLAAAAAI
/backend/action/action
https://hoisolutions.com/backend/action/action
/usr/local/php74/bin/php
66.57.107.147
https
66.57.107.147
hoisolutions.com
gzip
close
109
7
Mozilla/5.0 (Windows NT 10.0; Win64; x64) AppleWebKit/537.36 (KHTML, like Gecko) Chrome/120.0.0.0 Safari/537.36
*/*
en-US,en;q=0.9
max-age=0
application/x-www-form-urlencoded;
1
Apache
hoisolutions.com
35.208.143.32
443
66.57.107.147
webmaster
/home/u1591-qwzjsnkmssh6/www/hoisolutions.com/public_html/backend/action/action.php
12148
/backend/action/action
CGI/1.1
HTTP/1.0
POST

/backend/action/action
/backend/action/action.php
40
120
120
768M
256M
256M
/backend/action/action.php
1714157625.5542
1714157625

/usr/local/bin:/usr/bin:/bin
/home/u1591-qwzjsnkmssh6/www/hoisolutions.com/public_html
200
on
Ziv4PqeT5Cm-X4vcTSvFPAAAAAQ
/backend/action/action
https://hoisolutions.com/backend/action/action
/usr/local/php74/bin/php
66.57.107.147
https
66.57.107.147
hoisolutions.com
gzip
close
147
7
Mozilla/5.0 (Windows NT 10.0; Win64; x64) AppleWebKit/537.36 (KHTML, like Gecko) Chrome/120.0.0.0 Safari/537.36
*/*
en-US,en;q=0.9
max-age=0
application/x-www-form-urlencoded;
1
Apache
hoisolutions.com
35.208.143.32
443
66.57.107.147
webmaster
/home/u1591-qwzjsnkmssh6/www/hoisolutions.com/public_html/backend/action/action.php
12148
/backend/action/action
CGI/1.1
HTTP/1.0
POST

/backend/action/action
/backend/action/action.php
40
120
120
768M
256M
256M
/backend/action/action.php
1714157630.1001
1714157630

/usr/local/bin:/usr/bin:/bin
/home/u1591-qwzjsnkmssh6/www/hoisolutions.com/public_html
200
on
Ziv4QaeT5Cm-X4vcTSvFPQAAAAQ
/backend/action/action
https://hoisolutions.com/backend/action/action
/usr/local/php74/bin/php
66.57.107.147
https
66.57.107.147
hoisolutions.com
gzip
close
147
7
Mozilla/5.0 (Windows NT 10.0; Win64; x64) AppleWebKit/537.36 (KHTML, like Gecko) Chrome/120.0.0.0 Safari/537.36
*/*
en-US,en;q=0.9
max-age=0
application/x-www-form-urlencoded;
1
Apache
hoisolutions.com
35.208.143.32
443
66.57.107.147
webmaster
/home/u1591-qwzjsnkmssh6/www/hoisolutions.com/public_html/backend/action/action.php
12148
/backend/action/action
CGI/1.1
HTTP/1.0
POST

/backend/action/action
/backend/action/action.php
40
120
120
768M
256M
256M
/backend/action/action.php
1714157633.46
1714157633

